2020-05-05 12:55:51,755 INFO org.springframework.boot.StartupInfoLogger [main] Starting LoginWebAppApplication on nikos with PID 7967 (/home/nikos/NetBeansProjects/seal.eidas.idp/target/classes started by nikos in /home/nikos/NetBeansProjects/seal.eidas.idp)
2020-05-05 12:55:51,765 INFO org.springframework.boot.SpringApplication [main] No active profile set, falling back to default profiles: default
2020-05-05 12:55:53,971 INFO org.springframework.boot.web.embedded.tomcat.TomcatWebServer [main] Tomcat initialized with port(s): 8080 (http)
2020-05-05 12:55:53,988 INFO org.apache.juli.logging.DirectJDKLog [main] Initializing ProtocolHandler ["http-nio-8080"]
2020-05-05 12:55:53,990 INFO org.apache.juli.logging.DirectJDKLog [main] Starting service [Tomcat]
2020-05-05 12:55:53,990 INFO org.apache.juli.logging.DirectJDKLog [main] Starting Servlet engine: [Apache Tomcat/9.0.29]
2020-05-05 12:55:54,113 INFO org.apache.juli.logging.DirectJDKLog [main] Initializing Spring embedded WebApplicationContext
2020-05-05 12:55:54,114 INFO org.springframework.boot.web.servlet.context.ServletWebServerApplicationContext [main] Root WebApplicationContext: initialization completed in 2241 ms
2020-05-05 12:55:56,287 INFO org.eclipse.jetty.util.log.Log [main] Logging initialized @7941ms to org.eclipse.jetty.util.log.Slf4jLog
2020-05-05 12:55:56,942 INFO org.springframework.scheduling.concurrent.ExecutorConfigurationSupport [main] Initializing ExecutorService 'applicationTaskExecutor'
2020-05-05 12:55:57,551 INFO org.springframework.security.web.DefaultSecurityFilterChain [main] Creating filter chain: any request, [org.springframework.security.web.context.request.async.WebAsyncManagerIntegrationFilter@13d289c7, org.springframework.security.web.context.SecurityContextPersistenceFilter@5cce40d7, org.springframework.security.web.header.HeaderWriterFilter@65d9e72a, org.springframework.security.web.csrf.CsrfFilter@1883871b, org.springframework.security.web.authentication.logout.LogoutFilter@5170bc02, org.springframework.security.oauth2.client.web.OAuth2AuthorizationRequestRedirectFilter@4ce267cc, org.springframework.security.oauth2.client.web.OAuth2AuthorizationRequestRedirectFilter@74500e4f, org.springframework.security.oauth2.client.web.OAuth2LoginAuthenticationFilter@7c91fe86, org.springframework.security.web.authentication.ui.DefaultLoginPageGeneratingFilter@f95d64d, org.springframework.security.web.authentication.ui.DefaultLogoutPageGeneratingFilter@6704df84, org.springframework.security.web.savedrequest.RequestCacheAwareFilter@32da97fd, org.springframework.security.web.servletapi.SecurityContextHolderAwareRequestFilter@52d7ab79, org.springframework.security.web.authentication.AnonymousAuthenticationFilter@1412682c, org.springframework.security.oauth2.client.web.OAuth2AuthorizationCodeGrantFilter@3dea226b, org.springframework.security.web.session.SessionManagementFilter@e01a26b, org.springframework.security.web.access.ExceptionTranslationFilter@13004dd8, org.springframework.security.web.access.intercept.FilterSecurityInterceptor@5773d271]
2020-05-05 12:55:57,680 INFO org.apache.juli.logging.DirectJDKLog [main] Starting ProtocolHandler ["http-nio-8080"]
2020-05-05 12:55:57,733 INFO org.springframework.boot.web.embedded.tomcat.TomcatWebServer [main] Tomcat started on port(s): 8080 (http) with context path '/eidas-idp'
2020-05-05 12:55:57,743 INFO org.springframework.boot.StartupInfoLogger [main] Started LoginWebAppApplication in 7.077 seconds (JVM running for 9.398)
2020-05-05 12:57:22,517 INFO org.apache.juli.logging.DirectJDKLog [http-nio-8080-exec-3] Initializing Spring DispatcherServlet 'dispatcherServlet'
2020-05-05 12:57:22,521 INFO org.springframework.web.servlet.FrameworkServlet [http-nio-8080-exec-3] Initializing Servlet 'dispatcherServlet'
2020-05-05 12:57:22,536 INFO org.springframework.web.servlet.FrameworkServlet [http-nio-8080-exec-3] Completed initialization in 13 ms
2020-05-05 13:01:04,348 INFO org.springframework.boot.StartupInfoLogger [main] Starting LoginWebAppApplication on nikos with PID 8213 (/home/nikos/NetBeansProjects/seal.eidas.idp/target/classes started by nikos in /home/nikos/NetBeansProjects/seal.eidas.idp)
2020-05-05 13:01:04,357 INFO org.springframework.boot.SpringApplication [main] No active profile set, falling back to default profiles: default
2020-05-05 13:01:06,486 INFO org.springframework.boot.web.embedded.tomcat.TomcatWebServer [main] Tomcat initialized with port(s): 8080 (http)
2020-05-05 13:01:06,497 INFO org.apache.juli.logging.DirectJDKLog [main] Initializing ProtocolHandler ["http-nio-8080"]
2020-05-05 13:01:06,498 INFO org.apache.juli.logging.DirectJDKLog [main] Starting service [Tomcat]
2020-05-05 13:01:06,499 INFO org.apache.juli.logging.DirectJDKLog [main] Starting Servlet engine: [Apache Tomcat/9.0.29]
2020-05-05 13:01:06,593 INFO org.apache.juli.logging.DirectJDKLog [main] Initializing Spring embedded WebApplicationContext
2020-05-05 13:01:06,593 INFO org.springframework.boot.web.servlet.context.ServletWebServerApplicationContext [main] Root WebApplicationContext: initialization completed in 2133 ms
2020-05-05 13:01:07,771 INFO org.eclipse.jetty.util.log.Log [main] Logging initialized @4935ms to org.eclipse.jetty.util.log.Slf4jLog
2020-05-05 13:01:08,176 INFO org.springframework.scheduling.concurrent.ExecutorConfigurationSupport [main] Initializing ExecutorService 'applicationTaskExecutor'
2020-05-05 13:01:08,747 INFO org.springframework.security.web.DefaultSecurityFilterChain [main] Creating filter chain: any request, [org.springframework.security.web.context.request.async.WebAsyncManagerIntegrationFilter@1b409a79, org.springframework.security.web.context.SecurityContextPersistenceFilter@3181d4de, org.springframework.security.web.header.HeaderWriterFilter@7b8aebd0, org.springframework.security.web.csrf.CsrfFilter@51424203, org.springframework.security.web.authentication.logout.LogoutFilter@532dacf5, org.springframework.security.oauth2.client.web.OAuth2AuthorizationRequestRedirectFilter@1af677f8, org.springframework.security.oauth2.client.web.OAuth2AuthorizationRequestRedirectFilter@2dcd0e41, org.springframework.security.oauth2.client.web.OAuth2LoginAuthenticationFilter@7272ee51, org.springframework.security.web.authentication.ui.DefaultLoginPageGeneratingFilter@5a7b6b75, org.springframework.security.web.authentication.ui.DefaultLogoutPageGeneratingFilter@5940b14e, org.springframework.security.web.savedrequest.RequestCacheAwareFilter@4f64d9cb, org.springframework.security.web.servletapi.SecurityContextHolderAwareRequestFilter@1f949ab9, org.springframework.security.web.authentication.AnonymousAuthenticationFilter@1cba0321, org.springframework.security.oauth2.client.web.OAuth2AuthorizationCodeGrantFilter@5c53c235, org.springframework.security.web.session.SessionManagementFilter@55222ee9, org.springframework.security.web.access.ExceptionTranslationFilter@2bdab835, org.springframework.security.web.access.intercept.FilterSecurityInterceptor@4217bce6]
2020-05-05 13:01:08,813 INFO org.apache.juli.logging.DirectJDKLog [main] Starting ProtocolHandler ["http-nio-8080"]
2020-05-05 13:01:08,865 INFO org.springframework.boot.web.embedded.tomcat.TomcatWebServer [main] Tomcat started on port(s): 8080 (http) with context path '/eidas-idp'
2020-05-05 13:01:08,871 INFO org.springframework.boot.StartupInfoLogger [main] Started LoginWebAppApplication in 5.452 seconds (JVM running for 6.036)
2020-05-05 13:07:15,497 INFO org.apache.juli.logging.DirectJDKLog [http-nio-8080-exec-6] Initializing Spring DispatcherServlet 'dispatcherServlet'
2020-05-05 13:07:15,499 INFO org.springframework.web.servlet.FrameworkServlet [http-nio-8080-exec-6] Initializing Servlet 'dispatcherServlet'
2020-05-05 13:07:15,551 INFO org.springframework.web.servlet.FrameworkServlet [http-nio-8080-exec-6] Completed initialization in 50 ms
2020-05-05 13:07:55,061 INFO gr.uagean.loginWebApp.controllers.RestControllers [http-nio-8080-exec-8] got the token:1231
2020-05-05 13:07:55,673 INFO gr.uagean.loginWebApp.controllers.RestControllers [http-nio-8080-exec-8] got the responseCode:ERROR
2020-05-05 14:23:12,626 INFO org.springframework.boot.StartupInfoLogger [main] Starting LoginWebAppApplication on nikos with PID 9344 (/home/nikos/NetBeansProjects/seal.eidas.idp/target/classes started by nikos in /home/nikos/NetBeansProjects/seal.eidas.idp)
2020-05-05 14:23:12,630 INFO org.springframework.boot.SpringApplication [main] No active profile set, falling back to default profiles: default
2020-05-05 14:23:14,498 INFO org.springframework.boot.web.embedded.tomcat.TomcatWebServer [main] Tomcat initialized with port(s): 8080 (http)
2020-05-05 14:23:14,512 INFO org.apache.juli.logging.DirectJDKLog [main] Initializing ProtocolHandler ["http-nio-8080"]
2020-05-05 14:23:14,513 INFO org.apache.juli.logging.DirectJDKLog [main] Starting service [Tomcat]
2020-05-05 14:23:14,514 INFO org.apache.juli.logging.DirectJDKLog [main] Starting Servlet engine: [Apache Tomcat/9.0.29]
2020-05-05 14:23:14,610 INFO org.apache.juli.logging.DirectJDKLog [main] Initializing Spring embedded WebApplicationContext
2020-05-05 14:23:14,610 INFO org.springframework.boot.web.servlet.context.ServletWebServerApplicationContext [main] Root WebApplicationContext: initialization completed in 1843 ms
2020-05-05 14:23:15,934 INFO org.eclipse.jetty.util.log.Log [main] Logging initialized @5036ms to org.eclipse.jetty.util.log.Slf4jLog
2020-05-05 14:23:16,354 INFO org.springframework.scheduling.concurrent.ExecutorConfigurationSupport [main] Initializing ExecutorService 'applicationTaskExecutor'
2020-05-05 14:23:16,831 INFO org.springframework.security.web.DefaultSecurityFilterChain [main] Creating filter chain: any request, [org.springframework.security.web.context.request.async.WebAsyncManagerIntegrationFilter@68e47e7, org.springframework.security.web.context.SecurityContextPersistenceFilter@655203e3, org.springframework.security.web.header.HeaderWriterFilter@54f2df29, org.springframework.security.web.csrf.CsrfFilter@5458c71e, org.springframework.security.web.authentication.logout.LogoutFilter@5d767218, org.springframework.security.oauth2.client.web.OAuth2AuthorizationRequestRedirectFilter@8ac12e6, org.springframework.security.oauth2.client.web.OAuth2AuthorizationRequestRedirectFilter@3a861417, org.springframework.security.oauth2.client.web.OAuth2LoginAuthenticationFilter@2326180c, org.springframework.security.web.authentication.ui.DefaultLoginPageGeneratingFilter@7c5f29c6, org.springframework.security.web.authentication.ui.DefaultLogoutPageGeneratingFilter@1c00d406, org.springframework.security.web.savedrequest.RequestCacheAwareFilter@305552d6, org.springframework.security.web.servletapi.SecurityContextHolderAwareRequestFilter@20b829d5, org.springframework.security.web.authentication.AnonymousAuthenticationFilter@16ac4d3d, org.springframework.security.oauth2.client.web.OAuth2AuthorizationCodeGrantFilter@53e93fb7, org.springframework.security.web.session.SessionManagementFilter@6df791a4, org.springframework.security.web.access.ExceptionTranslationFilter@25ae1f80, org.springframework.security.web.access.intercept.FilterSecurityInterceptor@6fd1ea75]
2020-05-05 14:23:16,891 INFO org.apache.juli.logging.DirectJDKLog [main] Starting ProtocolHandler ["http-nio-8080"]
2020-05-05 14:23:16,952 INFO org.springframework.boot.web.embedded.tomcat.TomcatWebServer [main] Tomcat started on port(s): 8080 (http) with context path '/eidas-idp'
2020-05-05 14:23:16,957 INFO org.springframework.boot.StartupInfoLogger [main] Started LoginWebAppApplication in 5.172 seconds (JVM running for 6.061)
2020-05-05 14:23:29,491 INFO org.apache.juli.logging.DirectJDKLog [http-nio-8080-exec-1] Initializing Spring DispatcherServlet 'dispatcherServlet'
2020-05-05 14:23:29,493 INFO org.springframework.web.servlet.FrameworkServlet [http-nio-8080-exec-1] Initializing Servlet 'dispatcherServlet'
2020-05-05 14:23:29,504 INFO org.springframework.web.servlet.FrameworkServlet [http-nio-8080-exec-1] Completed initialization in 11 ms
2020-05-05 14:26:48,378 INFO org.springframework.boot.StartupInfoLogger [main] Starting LoginWebAppApplication on nikos with PID 9582 (/home/nikos/NetBeansProjects/seal.eidas.idp/target/classes started by nikos in /home/nikos/NetBeansProjects/seal.eidas.idp)
2020-05-05 14:26:48,383 INFO org.springframework.boot.SpringApplication [main] No active profile set, falling back to default profiles: default
2020-05-05 14:26:50,885 INFO org.springframework.boot.web.embedded.tomcat.TomcatWebServer [main] Tomcat initialized with port(s): 8080 (http)
2020-05-05 14:26:50,901 INFO org.apache.juli.logging.DirectJDKLog [main] Initializing ProtocolHandler ["http-nio-8080"]
2020-05-05 14:26:50,902 INFO org.apache.juli.logging.DirectJDKLog [main] Starting service [Tomcat]
2020-05-05 14:26:50,903 INFO org.apache.juli.logging.DirectJDKLog [main] Starting Servlet engine: [Apache Tomcat/9.0.29]
2020-05-05 14:26:51,040 INFO org.apache.juli.logging.DirectJDKLog [main] Initializing Spring embedded WebApplicationContext
2020-05-05 14:26:51,041 INFO org.springframework.boot.web.servlet.context.ServletWebServerApplicationContext [main] Root WebApplicationContext: initialization completed in 2536 ms
2020-05-05 14:26:53,058 INFO org.eclipse.jetty.util.log.Log [main] Logging initialized @6875ms to org.eclipse.jetty.util.log.Slf4jLog
2020-05-05 14:26:53,903 INFO org.springframework.scheduling.concurrent.ExecutorConfigurationSupport [main] Initializing ExecutorService 'applicationTaskExecutor'
2020-05-05 14:26:54,415 INFO org.springframework.security.web.DefaultSecurityFilterChain [main] Creating filter chain: any request, [org.springframework.security.web.context.request.async.WebAsyncManagerIntegrationFilter@7f42b194, org.springframework.security.web.context.SecurityContextPersistenceFilter@70091872, org.springframework.security.web.header.HeaderWriterFilter@716f94c1, org.springframework.security.web.csrf.CsrfFilter@7f2b39a, org.springframework.security.web.authentication.logout.LogoutFilter@2b441e56, org.springframework.security.oauth2.client.web.OAuth2AuthorizationRequestRedirectFilter@935d3f9, org.springframework.security.oauth2.client.web.OAuth2AuthorizationRequestRedirectFilter@12567179, org.springframework.security.oauth2.client.web.OAuth2LoginAuthenticationFilter@37d699a1, org.springframework.security.web.authentication.ui.DefaultLoginPageGeneratingFilter@6c8efde4, org.springframework.security.web.authentication.ui.DefaultLogoutPageGeneratingFilter@8eb6f9a, org.springframework.security.web.savedrequest.RequestCacheAwareFilter@105db94d, org.springframework.security.web.servletapi.SecurityContextHolderAwareRequestFilter@6f315b08, org.springframework.security.web.authentication.AnonymousAuthenticationFilter@29170a47, org.springframework.security.oauth2.client.web.OAuth2AuthorizationCodeGrantFilter@7de147e9, org.springframework.security.web.session.SessionManagementFilter@53feeac9, org.springframework.security.web.access.ExceptionTranslationFilter@dada335, org.springframework.security.web.access.intercept.FilterSecurityInterceptor@15a8cebd]
2020-05-05 14:26:54,550 INFO org.apache.juli.logging.DirectJDKLog [main] Starting ProtocolHandler ["http-nio-8080"]
2020-05-05 14:26:54,669 INFO org.springframework.boot.web.embedded.tomcat.TomcatWebServer [main] Tomcat started on port(s): 8080 (http) with context path '/eidas-idp'
2020-05-05 14:26:54,675 INFO org.springframework.boot.StartupInfoLogger [main] Started LoginWebAppApplication in 7.58 seconds (JVM running for 8.495)
2020-05-05 14:27:08,163 INFO org.apache.juli.logging.DirectJDKLog [http-nio-8080-exec-1] Initializing Spring DispatcherServlet 'dispatcherServlet'
2020-05-05 14:27:08,163 INFO org.springframework.web.servlet.FrameworkServlet [http-nio-8080-exec-1] Initializing Servlet 'dispatcherServlet'
2020-05-05 14:27:08,182 INFO org.springframework.web.servlet.FrameworkServlet [http-nio-8080-exec-1] Completed initialization in 18 ms
2020-05-05 14:29:23,012 INFO org.springframework.boot.StartupInfoLogger [main] Starting LoginWebAppApplication on nikos with PID 9704 (/home/nikos/NetBeansProjects/seal.eidas.idp/target/classes started by nikos in /home/nikos/NetBeansProjects/seal.eidas.idp)
2020-05-05 14:29:23,021 INFO org.springframework.boot.SpringApplication [main] No active profile set, falling back to default profiles: default
2020-05-05 14:29:29,616 INFO org.springframework.boot.web.embedded.tomcat.TomcatWebServer [main] Tomcat initialized with port(s): 8080 (http)
2020-05-05 14:29:29,689 INFO org.apache.juli.logging.DirectJDKLog [main] Initializing ProtocolHandler ["http-nio-8080"]
2020-05-05 14:29:29,691 INFO org.apache.juli.logging.DirectJDKLog [main] Starting service [Tomcat]
2020-05-05 14:29:29,692 INFO org.apache.juli.logging.DirectJDKLog [main] Starting Servlet engine: [Apache Tomcat/9.0.29]
2020-05-05 14:29:30,332 INFO org.apache.juli.logging.DirectJDKLog [main] Initializing Spring embedded WebApplicationContext
2020-05-05 14:29:30,336 INFO org.springframework.boot.web.servlet.context.ServletWebServerApplicationContext [main] Root WebApplicationContext: initialization completed in 6813 ms
2020-05-05 14:29:35,045 INFO org.eclipse.jetty.util.log.Log [main] Logging initialized @18064ms to org.eclipse.jetty.util.log.Slf4jLog
2020-05-05 14:29:37,126 INFO org.springframework.scheduling.concurrent.ExecutorConfigurationSupport [main] Initializing ExecutorService 'applicationTaskExecutor'
2020-05-05 14:29:38,144 INFO org.springframework.security.web.DefaultSecurityFilterChain [main] Creating filter chain: any request, [org.springframework.security.web.context.request.async.WebAsyncManagerIntegrationFilter@173511ff, org.springframework.security.web.context.SecurityContextPersistenceFilter@4ae280da, org.springframework.security.web.header.HeaderWriterFilter@3b6c2be6, org.springframework.security.web.csrf.CsrfFilter@7a814310, org.springframework.security.web.authentication.logout.LogoutFilter@64a1116a, org.springframework.security.oauth2.client.web.OAuth2AuthorizationRequestRedirectFilter@2424cb9d, org.springframework.security.oauth2.client.web.OAuth2AuthorizationRequestRedirectFilter@4567fb2b, org.springframework.security.oauth2.client.web.OAuth2LoginAuthenticationFilter@372954e1, org.springframework.security.web.authentication.ui.DefaultLoginPageGeneratingFilter@3a4e524, org.springframework.security.web.authentication.ui.DefaultLogoutPageGeneratingFilter@6df11e91, org.springframework.security.web.savedrequest.RequestCacheAwareFilter@57c69937, org.springframework.security.web.servletapi.SecurityContextHolderAwareRequestFilter@781dac73, org.springframework.security.web.authentication.AnonymousAuthenticationFilter@1002d192, org.springframework.security.oauth2.client.web.OAuth2AuthorizationCodeGrantFilter@6735f210, org.springframework.security.web.session.SessionManagementFilter@26d0ece6, org.springframework.security.web.access.ExceptionTranslationFilter@685d7ba5, org.springframework.security.web.access.intercept.FilterSecurityInterceptor@1f758e4f]
2020-05-05 14:29:38,356 INFO org.apache.juli.logging.DirectJDKLog [main] Starting ProtocolHandler ["http-nio-8080"]
2020-05-05 14:29:38,478 INFO org.springframework.boot.web.embedded.tomcat.TomcatWebServer [main] Tomcat started on port(s): 8080 (http) with context path '/eidas-idp'
2020-05-05 14:29:38,483 INFO org.springframework.boot.StartupInfoLogger [main] Started LoginWebAppApplication in 18.789 seconds (JVM running for 21.504)
2020-05-05 14:32:55,206 INFO org.apache.juli.logging.DirectJDKLog [http-nio-8080-exec-1] Initializing Spring DispatcherServlet 'dispatcherServlet'
2020-05-05 14:32:55,212 INFO org.springframework.web.servlet.FrameworkServlet [http-nio-8080-exec-1] Initializing Servlet 'dispatcherServlet'
2020-05-05 14:32:55,230 INFO org.springframework.web.servlet.FrameworkServlet [http-nio-8080-exec-1] Completed initialization in 18 ms
2020-05-05 14:33:34,530 INFO org.springframework.boot.StartupInfoLogger [main] Starting LoginWebAppApplication on nikos with PID 9945 (/home/nikos/NetBeansProjects/seal.eidas.idp/target/classes started by nikos in /home/nikos/NetBeansProjects/seal.eidas.idp)
2020-05-05 14:33:34,536 INFO org.springframework.boot.SpringApplication [main] No active profile set, falling back to default profiles: default
2020-05-05 14:33:36,371 INFO org.springframework.boot.web.embedded.tomcat.TomcatWebServer [main] Tomcat initialized with port(s): 8080 (http)
2020-05-05 14:33:36,383 INFO org.apache.juli.logging.DirectJDKLog [main] Initializing ProtocolHandler ["http-nio-8080"]
2020-05-05 14:33:36,384 INFO org.apache.juli.logging.DirectJDKLog [main] Starting service [Tomcat]
2020-05-05 14:33:36,384 INFO org.apache.juli.logging.DirectJDKLog [main] Starting Servlet engine: [Apache Tomcat/9.0.29]
2020-05-05 14:33:36,473 INFO org.apache.juli.logging.DirectJDKLog [main] Initializing Spring embedded WebApplicationContext
2020-05-05 14:33:36,473 INFO org.springframework.boot.web.servlet.context.ServletWebServerApplicationContext [main] Root WebApplicationContext: initialization completed in 1852 ms
2020-05-05 14:33:38,010 INFO org.eclipse.jetty.util.log.Log [main] Logging initialized @5013ms to org.eclipse.jetty.util.log.Slf4jLog
2020-05-05 14:33:38,531 INFO org.springframework.scheduling.concurrent.ExecutorConfigurationSupport [main] Initializing ExecutorService 'applicationTaskExecutor'
2020-05-05 14:33:39,027 INFO org.springframework.security.web.DefaultSecurityFilterChain [main] Creating filter chain: any request, [org.springframework.security.web.context.request.async.WebAsyncManagerIntegrationFilter@4fe8f2ae, org.springframework.security.web.context.SecurityContextPersistenceFilter@609b041c, org.springframework.security.web.header.HeaderWriterFilter@629b780f, org.springframework.security.web.csrf.CsrfFilter@184afb78, org.springframework.security.web.authentication.logout.LogoutFilter@12cd129c, org.springframework.security.oauth2.client.web.OAuth2AuthorizationRequestRedirectFilter@117b2cc6, org.springframework.security.oauth2.client.web.OAuth2AuthorizationRequestRedirectFilter@d70e9a, org.springframework.security.oauth2.client.web.OAuth2LoginAuthenticationFilter@5e98032e, org.springframework.security.web.authentication.ui.DefaultLoginPageGeneratingFilter@3dea226b, org.springframework.security.web.authentication.ui.DefaultLogoutPageGeneratingFilter@591be8aa, org.springframework.security.web.savedrequest.RequestCacheAwareFilter@474e34e4, org.springframework.security.web.servletapi.SecurityContextHolderAwareRequestFilter@4899799b, org.springframework.security.web.authentication.AnonymousAuthenticationFilter@61808ecd, org.springframework.security.oauth2.client.web.OAuth2AuthorizationCodeGrantFilter@3e151e1f, org.springframework.security.web.session.SessionManagementFilter@3af36922, org.springframework.security.web.access.ExceptionTranslationFilter@18c7f6b5, org.springframework.security.web.access.intercept.FilterSecurityInterceptor@2cee5365]
2020-05-05 14:33:39,091 INFO org.apache.juli.logging.DirectJDKLog [main] Starting ProtocolHandler ["http-nio-8080"]
2020-05-05 14:33:39,149 INFO org.springframework.boot.web.embedded.tomcat.TomcatWebServer [main] Tomcat started on port(s): 8080 (http) with context path '/eidas-idp'
2020-05-05 14:33:39,153 INFO org.springframework.boot.StartupInfoLogger [main] Started LoginWebAppApplication in 5.548 seconds (JVM running for 6.159)
2020-05-05 14:34:13,924 INFO org.springframework.boot.StartupInfoLogger [main] Starting LoginWebAppApplication on nikos with PID 10032 (/home/nikos/NetBeansProjects/seal.eidas.idp/target/classes started by nikos in /home/nikos/NetBeansProjects/seal.eidas.idp)
2020-05-05 14:34:13,929 INFO org.springframework.boot.SpringApplication [main] No active profile set, falling back to default profiles: default
2020-05-05 14:34:16,229 INFO org.springframework.boot.web.embedded.tomcat.TomcatWebServer [main] Tomcat initialized with port(s): 8080 (http)
2020-05-05 14:34:16,245 INFO org.apache.juli.logging.DirectJDKLog [main] Initializing ProtocolHandler ["http-nio-8080"]
2020-05-05 14:34:16,246 INFO org.apache.juli.logging.DirectJDKLog [main] Starting service [Tomcat]
2020-05-05 14:34:16,247 INFO org.apache.juli.logging.DirectJDKLog [main] Starting Servlet engine: [Apache Tomcat/9.0.29]
2020-05-05 14:34:16,398 INFO org.apache.juli.logging.DirectJDKLog [main] Initializing Spring embedded WebApplicationContext
2020-05-05 14:34:16,399 INFO org.springframework.boot.web.servlet.context.ServletWebServerApplicationContext [main] Root WebApplicationContext: initialization completed in 2298 ms
2020-05-05 14:34:17,889 INFO org.eclipse.jetty.util.log.Log [main] Logging initialized @5938ms to org.eclipse.jetty.util.log.Slf4jLog
2020-05-05 14:34:18,488 INFO org.springframework.scheduling.concurrent.ExecutorConfigurationSupport [main] Initializing ExecutorService 'applicationTaskExecutor'
2020-05-05 14:34:19,077 INFO org.springframework.security.web.DefaultSecurityFilterChain [main] Creating filter chain: any request, [org.springframework.security.web.context.request.async.WebAsyncManagerIntegrationFilter@44aa91e2, org.springframework.security.web.context.SecurityContextPersistenceFilter@563317c1, org.springframework.security.web.header.HeaderWriterFilter@60928a61, org.springframework.security.web.csrf.CsrfFilter@2d4fb0d8, org.springframework.security.web.authentication.logout.LogoutFilter@635ff2a5, org.springframework.security.oauth2.client.web.OAuth2AuthorizationRequestRedirectFilter@5cf0673d, org.springframework.security.oauth2.client.web.OAuth2AuthorizationRequestRedirectFilter@8f39224, org.springframework.security.oauth2.client.web.OAuth2LoginAuthenticationFilter@7f642bf, org.springframework.security.web.authentication.ui.DefaultLoginPageGeneratingFilter@1753475d, org.springframework.security.web.authentication.ui.DefaultLogoutPageGeneratingFilter@50dc49e1, org.springframework.security.web.savedrequest.RequestCacheAwareFilter@6e0d16a4, org.springframework.security.web.servletapi.SecurityContextHolderAwareRequestFilter@6e8f2094, org.springframework.security.web.authentication.AnonymousAuthenticationFilter@650a1aff, org.springframework.security.oauth2.client.web.OAuth2AuthorizationCodeGrantFilter@6a6da47a, org.springframework.security.web.session.SessionManagementFilter@8077c97, org.springframework.security.web.access.ExceptionTranslationFilter@25214797, org.springframework.security.web.access.intercept.FilterSecurityInterceptor@3b3056a6]
2020-05-05 14:34:19,171 INFO org.apache.juli.logging.DirectJDKLog [main] Starting ProtocolHandler ["http-nio-8080"]
2020-05-05 14:34:19,227 INFO org.springframework.boot.web.embedded.tomcat.TomcatWebServer [main] Tomcat started on port(s): 8080 (http) with context path '/eidas-idp'
2020-05-05 14:34:19,232 INFO org.springframework.boot.StartupInfoLogger [main] Started LoginWebAppApplication in 6.585 seconds (JVM running for 7.283)
2020-05-05 14:34:24,617 INFO org.apache.juli.logging.DirectJDKLog [http-nio-8080-exec-1] Initializing Spring DispatcherServlet 'dispatcherServlet'
2020-05-05 14:34:24,619 INFO org.springframework.web.servlet.FrameworkServlet [http-nio-8080-exec-1] Initializing Servlet 'dispatcherServlet'
2020-05-05 14:34:24,633 INFO org.springframework.web.servlet.FrameworkServlet [http-nio-8080-exec-1] Completed initialization in 13 ms
2020-05-05 14:36:10,462 INFO org.springframework.boot.StartupInfoLogger [main] Starting LoginWebAppApplication on nikos with PID 10155 (/home/nikos/NetBeansProjects/seal.eidas.idp/target/classes started by nikos in /home/nikos/NetBeansProjects/seal.eidas.idp)
2020-05-05 14:36:10,472 INFO org.springframework.boot.SpringApplication [main] No active profile set, falling back to default profiles: default
2020-05-05 14:36:15,670 INFO org.springframework.boot.web.embedded.tomcat.TomcatWebServer [main] Tomcat initialized with port(s): 8080 (http)
2020-05-05 14:36:15,696 INFO org.apache.juli.logging.DirectJDKLog [main] Initializing ProtocolHandler ["http-nio-8080"]
2020-05-05 14:36:15,707 INFO org.apache.juli.logging.DirectJDKLog [main] Starting service [Tomcat]
2020-05-05 14:36:15,708 INFO org.apache.juli.logging.DirectJDKLog [main] Starting Servlet engine: [Apache Tomcat/9.0.29]
2020-05-05 14:36:15,940 INFO org.apache.juli.logging.DirectJDKLog [main] Initializing Spring embedded WebApplicationContext
2020-05-05 14:36:15,941 INFO org.springframework.boot.web.servlet.context.ServletWebServerApplicationContext [main] Root WebApplicationContext: initialization completed in 5275 ms
2020-05-05 14:36:21,510 INFO org.eclipse.jetty.util.log.Log [main] Logging initialized @16238ms to org.eclipse.jetty.util.log.Slf4jLog
2020-05-05 14:36:23,655 INFO org.springframework.scheduling.concurrent.ExecutorConfigurationSupport [main] Initializing ExecutorService 'applicationTaskExecutor'
2020-05-05 14:36:24,702 INFO org.springframework.security.web.DefaultSecurityFilterChain [main] Creating filter chain: any request, [org.springframework.security.web.context.request.async.WebAsyncManagerIntegrationFilter@401e02b4, org.springframework.security.web.context.SecurityContextPersistenceFilter@103c97ff, org.springframework.security.web.header.HeaderWriterFilter@9d3d54e, org.springframework.security.web.csrf.CsrfFilter@3a3883c4, org.springframework.security.web.authentication.logout.LogoutFilter@13516600, org.springframework.security.oauth2.client.web.OAuth2AuthorizationRequestRedirectFilter@734ce281, org.springframework.security.oauth2.client.web.OAuth2AuthorizationRequestRedirectFilter@7a358613, org.springframework.security.oauth2.client.web.OAuth2LoginAuthenticationFilter@760f1081, org.springframework.security.web.authentication.ui.DefaultLoginPageGeneratingFilter@682618e5, org.springframework.security.web.authentication.ui.DefaultLogoutPageGeneratingFilter@164d01ba, org.springframework.security.web.savedrequest.RequestCacheAwareFilter@c14e5a5, org.springframework.security.web.servletapi.SecurityContextHolderAwareRequestFilter@38cfecf3, org.springframework.security.web.authentication.AnonymousAuthenticationFilter@18c880ea, org.springframework.security.oauth2.client.web.OAuth2AuthorizationCodeGrantFilter@7f2b39a, org.springframework.security.web.session.SessionManagementFilter@333398f, org.springframework.security.web.access.ExceptionTranslationFilter@5b0902b4, org.springframework.security.web.access.intercept.FilterSecurityInterceptor@25f0c5e7]
2020-05-05 14:36:24,841 INFO org.apache.juli.logging.DirectJDKLog [main] Starting ProtocolHandler ["http-nio-8080"]
2020-05-05 14:36:25,024 INFO org.springframework.boot.web.embedded.tomcat.TomcatWebServer [main] Tomcat started on port(s): 8080 (http) with context path '/eidas-idp'
2020-05-05 14:36:25,062 INFO org.springframework.boot.StartupInfoLogger [main] Started LoginWebAppApplication in 16.457 seconds (JVM running for 19.792)
2020-05-05 14:36:25,539 INFO org.apache.juli.logging.DirectJDKLog [http-nio-8080-exec-1] Initializing Spring DispatcherServlet 'dispatcherServlet'
2020-05-05 14:36:25,540 INFO org.springframework.web.servlet.FrameworkServlet [http-nio-8080-exec-1] Initializing Servlet 'dispatcherServlet'
2020-05-05 14:36:25,575 INFO org.springframework.web.servlet.FrameworkServlet [http-nio-8080-exec-1] Completed initialization in 32 ms
2020-05-05 14:45:44,489 INFO org.springframework.boot.StartupInfoLogger [main] Starting LoginWebAppApplication on nikos with PID 10676 (/home/nikos/NetBeansProjects/seal.eidas.idp/target/classes started by nikos in /home/nikos/NetBeansProjects/seal.eidas.idp)
2020-05-05 14:45:44,495 INFO org.springframework.boot.SpringApplication [main] No active profile set, falling back to default profiles: default
2020-05-05 14:45:46,838 INFO org.springframework.boot.web.embedded.tomcat.TomcatWebServer [main] Tomcat initialized with port(s): 8080 (http)
2020-05-05 14:45:46,854 INFO org.apache.juli.logging.DirectJDKLog [main] Initializing ProtocolHandler ["http-nio-8080"]
2020-05-05 14:45:46,856 INFO org.apache.juli.logging.DirectJDKLog [main] Starting service [Tomcat]
2020-05-05 14:45:46,857 INFO org.apache.juli.logging.DirectJDKLog [main] Starting Servlet engine: [Apache Tomcat/9.0.29]
2020-05-05 14:45:46,970 INFO org.apache.juli.logging.DirectJDKLog [main] Initializing Spring embedded WebApplicationContext
2020-05-05 14:45:46,971 INFO org.springframework.boot.web.servlet.context.ServletWebServerApplicationContext [main] Root WebApplicationContext: initialization completed in 2340 ms
2020-05-05 14:45:49,435 INFO org.eclipse.jetty.util.log.Log [main] Logging initialized @6586ms to org.eclipse.jetty.util.log.Slf4jLog
2020-05-05 14:45:49,866 INFO org.springframework.scheduling.concurrent.ExecutorConfigurationSupport [main] Initializing ExecutorService 'applicationTaskExecutor'
2020-05-05 14:45:50,370 INFO org.springframework.security.web.DefaultSecurityFilterChain [main] Creating filter chain: any request, [org.springframework.security.web.context.request.async.WebAsyncManagerIntegrationFilter@440ef8d, org.springframework.security.web.context.SecurityContextPersistenceFilter@6568f998, org.springframework.security.web.header.HeaderWriterFilter@718989fa, org.springframework.security.web.csrf.CsrfFilter@66756662, org.springframework.security.web.authentication.logout.LogoutFilter@4ea1aa52, org.springframework.security.oauth2.client.web.OAuth2AuthorizationRequestRedirectFilter@53feeac9, org.springframework.security.oauth2.client.web.OAuth2AuthorizationRequestRedirectFilter@2e362407, org.springframework.security.oauth2.client.web.OAuth2LoginAuthenticationFilter@388be5fd, org.springframework.security.web.authentication.ui.DefaultLoginPageGeneratingFilter@1578fa9, org.springframework.security.web.authentication.ui.DefaultLogoutPageGeneratingFilter@17fbfb02, org.springframework.security.web.savedrequest.RequestCacheAwareFilter@45d4421d, org.springframework.security.web.servletapi.SecurityContextHolderAwareRequestFilter@1d91fa02, org.springframework.security.web.authentication.AnonymousAuthenticationFilter@8f2e3e6, org.springframework.security.oauth2.client.web.OAuth2AuthorizationCodeGrantFilter@7c0df4ab, org.springframework.security.web.session.SessionManagementFilter@69f080ad, org.springframework.security.web.access.ExceptionTranslationFilter@21002393, org.springframework.security.web.access.intercept.FilterSecurityInterceptor@2450256f]
2020-05-05 14:45:50,483 INFO org.apache.juli.logging.DirectJDKLog [main] Starting ProtocolHandler ["http-nio-8080"]
2020-05-05 14:45:50,595 INFO org.springframework.boot.web.embedded.tomcat.TomcatWebServer [main] Tomcat started on port(s): 8080 (http) with context path '/eidas-idp'
2020-05-05 14:45:50,601 INFO org.springframework.boot.StartupInfoLogger [main] Started LoginWebAppApplication in 7.161 seconds (JVM running for 7.754)
2020-05-05 14:45:57,259 INFO org.apache.juli.logging.DirectJDKLog [http-nio-8080-exec-1] Initializing Spring DispatcherServlet 'dispatcherServlet'
2020-05-05 14:45:57,262 INFO org.springframework.web.servlet.FrameworkServlet [http-nio-8080-exec-1] Initializing Servlet 'dispatcherServlet'
2020-05-05 14:45:57,289 INFO org.springframework.web.servlet.FrameworkServlet [http-nio-8080-exec-1] Completed initialization in 25 ms
2020-05-05 14:49:00,904 INFO org.springframework.boot.StartupInfoLogger [main] Starting LoginWebAppApplication on nikos with PID 10848 (/home/nikos/NetBeansProjects/seal.eidas.idp/target/classes started by nikos in /home/nikos/NetBeansProjects/seal.eidas.idp)
2020-05-05 14:49:00,950 INFO org.springframework.boot.SpringApplication [main] No active profile set, falling back to default profiles: default
2020-05-05 14:49:03,752 INFO org.springframework.boot.web.embedded.tomcat.TomcatWebServer [main] Tomcat initialized with port(s): 8080 (http)
2020-05-05 14:49:03,774 INFO org.apache.juli.logging.DirectJDKLog [main] Initializing ProtocolHandler ["http-nio-8080"]
2020-05-05 14:49:03,776 INFO org.apache.juli.logging.DirectJDKLog [main] Starting service [Tomcat]
2020-05-05 14:49:03,777 INFO org.apache.juli.logging.DirectJDKLog [main] Starting Servlet engine: [Apache Tomcat/9.0.29]
2020-05-05 14:49:03,877 INFO org.apache.juli.logging.DirectJDKLog [main] Initializing Spring embedded WebApplicationContext
2020-05-05 14:49:03,878 INFO org.springframework.boot.web.servlet.context.ServletWebServerApplicationContext [main] Root WebApplicationContext: initialization completed in 2791 ms
2020-05-05 14:49:05,248 INFO org.eclipse.jetty.util.log.Log [main] Logging initialized @6707ms to org.eclipse.jetty.util.log.Slf4jLog
2020-05-05 14:49:05,819 INFO org.springframework.scheduling.concurrent.ExecutorConfigurationSupport [main] Initializing ExecutorService 'applicationTaskExecutor'
2020-05-05 14:49:06,408 INFO org.springframework.security.web.DefaultSecurityFilterChain [main] Creating filter chain: any request, [org.springframework.security.web.context.request.async.WebAsyncManagerIntegrationFilter@7c5f29c6, org.springframework.security.web.context.SecurityContextPersistenceFilter@6c6928c, org.springframework.security.web.header.HeaderWriterFilter@1b3a9ef4, org.springframework.security.web.csrf.CsrfFilter@2b170932, org.springframework.security.web.authentication.logout.LogoutFilter@516195cf, org.springframework.security.oauth2.client.web.OAuth2AuthorizationRequestRedirectFilter@23b71d24, org.springframework.security.oauth2.client.web.OAuth2AuthorizationRequestRedirectFilter@2774dcf4, org.springframework.security.oauth2.client.web.OAuth2LoginAuthenticationFilter@20b829d5, org.springframework.security.web.authentication.ui.DefaultLoginPageGeneratingFilter@5e98032e, org.springframework.security.web.authentication.ui.DefaultLogoutPageGeneratingFilter@4baf997, org.springframework.security.web.savedrequest.RequestCacheAwareFilter@3c28181b, org.springframework.security.web.servletapi.SecurityContextHolderAwareRequestFilter@d70e9a, org.springframework.security.web.authentication.AnonymousAuthenticationFilter@5280688, org.springframework.security.oauth2.client.web.OAuth2AuthorizationCodeGrantFilter@100d0218, org.springframework.security.web.session.SessionManagementFilter@7a1371, org.springframework.security.web.access.ExceptionTranslationFilter@3c60c681, org.springframework.security.web.access.intercept.FilterSecurityInterceptor@44ccd75c]
2020-05-05 14:49:06,472 INFO org.apache.juli.logging.DirectJDKLog [main] Starting ProtocolHandler ["http-nio-8080"]
2020-05-05 14:49:06,565 INFO org.springframework.boot.web.embedded.tomcat.TomcatWebServer [main] Tomcat started on port(s): 8080 (http) with context path '/eidas-idp'
2020-05-05 14:49:06,572 INFO org.springframework.boot.StartupInfoLogger [main] Started LoginWebAppApplication in 6.799 seconds (JVM running for 8.034)
2020-05-05 14:49:23,870 INFO org.apache.juli.logging.DirectJDKLog [http-nio-8080-exec-1] Initializing Spring DispatcherServlet 'dispatcherServlet'
2020-05-05 14:49:23,871 INFO org.springframework.web.servlet.FrameworkServlet [http-nio-8080-exec-1] Initializing Servlet 'dispatcherServlet'
2020-05-05 14:49:23,893 INFO org.springframework.web.servlet.FrameworkServlet [http-nio-8080-exec-1] Completed initialization in 22 ms
2020-05-05 14:51:36,124 INFO org.springframework.boot.StartupInfoLogger [main] Starting LoginWebAppApplication on nikos with PID 10961 (/home/nikos/NetBeansProjects/seal.eidas.idp/target/classes started by nikos in /home/nikos/NetBeansProjects/seal.eidas.idp)
2020-05-05 14:51:36,129 INFO org.springframework.boot.SpringApplication [main] No active profile set, falling back to default profiles: default
2020-05-05 14:51:38,340 INFO org.springframework.boot.web.embedded.tomcat.TomcatWebServer [main] Tomcat initialized with port(s): 8080 (http)
2020-05-05 14:51:38,352 INFO org.apache.juli.logging.DirectJDKLog [main] Initializing ProtocolHandler ["http-nio-8080"]
2020-05-05 14:51:38,353 INFO org.apache.juli.logging.DirectJDKLog [main] Starting service [Tomcat]
2020-05-05 14:51:38,354 INFO org.apache.juli.logging.DirectJDKLog [main] Starting Servlet engine: [Apache Tomcat/9.0.29]
2020-05-05 14:51:38,451 INFO org.apache.juli.logging.DirectJDKLog [main] Initializing Spring embedded WebApplicationContext
2020-05-05 14:51:38,452 INFO org.springframework.boot.web.servlet.context.ServletWebServerApplicationContext [main] Root WebApplicationContext: initialization completed in 2188 ms
2020-05-05 14:51:40,063 INFO org.eclipse.jetty.util.log.Log [main] Logging initialized @5442ms to org.eclipse.jetty.util.log.Slf4jLog
2020-05-05 14:51:40,805 INFO org.springframework.scheduling.concurrent.ExecutorConfigurationSupport [main] Initializing ExecutorService 'applicationTaskExecutor'
2020-05-05 14:51:41,592 INFO org.springframework.security.web.DefaultSecurityFilterChain [main] Creating filter chain: any request, [org.springframework.security.web.context.request.async.WebAsyncManagerIntegrationFilter@734fbae3, org.springframework.security.web.context.SecurityContextPersistenceFilter@57e4b86c, org.springframework.security.web.header.HeaderWriterFilter@36463b09, org.springframework.security.web.csrf.CsrfFilter@566fe83c, org.springframework.security.web.authentication.logout.LogoutFilter@643f6179, org.springframework.security.oauth2.client.web.OAuth2AuthorizationRequestRedirectFilter@64f32e9e, org.springframework.security.oauth2.client.web.OAuth2AuthorizationRequestRedirectFilter@8ac12e6, org.springframework.security.oauth2.client.web.OAuth2LoginAuthenticationFilter@40faff12, org.springframework.security.web.authentication.ui.DefaultLoginPageGeneratingFilter@4c56644f, org.springframework.security.web.authentication.ui.DefaultLogoutPageGeneratingFilter@223967ea, org.springframework.security.web.savedrequest.RequestCacheAwareFilter@632241f5, org.springframework.security.web.servletapi.SecurityContextHolderAwareRequestFilter@568f4faa, org.springframework.security.web.authentication.AnonymousAuthenticationFilter@4a6a6a69, org.springframework.security.oauth2.client.web.OAuth2AuthorizationCodeGrantFilter@6f07d414, org.springframework.security.web.session.SessionManagementFilter@4adf3582, org.springframework.security.web.access.ExceptionTranslationFilter@5dfd31f4, org.springframework.security.web.access.intercept.FilterSecurityInterceptor@6e2eead5]
2020-05-05 14:51:41,688 INFO org.apache.juli.logging.DirectJDKLog [main] Starting ProtocolHandler ["http-nio-8080"]
2020-05-05 14:51:41,774 INFO org.springframework.boot.web.embedded.tomcat.TomcatWebServer [main] Tomcat started on port(s): 8080 (http) with context path '/eidas-idp'
2020-05-05 14:51:41,780 INFO org.springframework.boot.StartupInfoLogger [main] Started LoginWebAppApplication in 6.578 seconds (JVM running for 7.161)
2020-05-05 14:51:51,378 INFO org.apache.juli.logging.DirectJDKLog [http-nio-8080-exec-1] Initializing Spring DispatcherServlet 'dispatcherServlet'
2020-05-05 14:51:51,379 INFO org.springframework.web.servlet.FrameworkServlet [http-nio-8080-exec-1] Initializing Servlet 'dispatcherServlet'
2020-05-05 14:51:51,406 INFO org.springframework.web.servlet.FrameworkServlet [http-nio-8080-exec-1] Completed initialization in 27 ms
2020-05-05 14:53:28,918 INFO org.springframework.boot.StartupInfoLogger [main] Starting LoginWebAppApplication on nikos with PID 11068 (/home/nikos/NetBeansProjects/seal.eidas.idp/target/classes started by nikos in /home/nikos/NetBeansProjects/seal.eidas.idp)
2020-05-05 14:53:28,924 INFO org.springframework.boot.SpringApplication [main] No active profile set, falling back to default profiles: default
2020-05-05 14:53:31,274 INFO org.springframework.boot.web.embedded.tomcat.TomcatWebServer [main] Tomcat initialized with port(s): 8080 (http)
2020-05-05 14:53:31,321 INFO org.apache.juli.logging.DirectJDKLog [main] Initializing ProtocolHandler ["http-nio-8080"]
2020-05-05 14:53:31,326 INFO org.apache.juli.logging.DirectJDKLog [main] Starting service [Tomcat]
2020-05-05 14:53:31,327 INFO org.apache.juli.logging.DirectJDKLog [main] Starting Servlet engine: [Apache Tomcat/9.0.29]
2020-05-05 14:53:31,451 INFO org.apache.juli.logging.DirectJDKLog [main] Initializing Spring embedded WebApplicationContext
2020-05-05 14:53:31,451 INFO org.springframework.boot.web.servlet.context.ServletWebServerApplicationContext [main] Root WebApplicationContext: initialization completed in 2387 ms
2020-05-05 14:53:32,988 INFO org.eclipse.jetty.util.log.Log [main] Logging initialized @6116ms to org.eclipse.jetty.util.log.Slf4jLog
2020-05-05 14:53:33,727 INFO org.springframework.scheduling.concurrent.ExecutorConfigurationSupport [main] Initializing ExecutorService 'applicationTaskExecutor'
2020-05-05 14:53:34,353 INFO org.springframework.security.web.DefaultSecurityFilterChain [main] Creating filter chain: any request, [org.springframework.security.web.context.request.async.WebAsyncManagerIntegrationFilter@7fc7152e, org.springframework.security.web.context.SecurityContextPersistenceFilter@69bc9584, org.springframework.security.web.header.HeaderWriterFilter@365cef67, org.springframework.security.web.csrf.CsrfFilter@21516c88, org.springframework.security.web.authentication.logout.LogoutFilter@14d1737a, org.springframework.security.oauth2.client.web.OAuth2AuthorizationRequestRedirectFilter@4ce267cc, org.springframework.security.oauth2.client.web.OAuth2AuthorizationRequestRedirectFilter@74500e4f, org.springframework.security.oauth2.client.web.OAuth2LoginAuthenticationFilter@7c91fe86, org.springframework.security.web.authentication.ui.DefaultLoginPageGeneratingFilter@5d601832, org.springframework.security.web.authentication.ui.DefaultLogoutPageGeneratingFilter@13d289c7, org.springframework.security.web.savedrequest.RequestCacheAwareFilter@3214bad, org.springframework.security.web.servletapi.SecurityContextHolderAwareRequestFilter@7308c820, org.springframework.security.web.authentication.AnonymousAuthenticationFilter@6704df84, org.springframework.security.oauth2.client.web.OAuth2AuthorizationCodeGrantFilter@3dea226b, org.springframework.security.web.session.SessionManagementFilter@27df5806, org.springframework.security.web.access.ExceptionTranslationFilter@59d6642a, org.springframework.security.web.access.intercept.FilterSecurityInterceptor@59f45950]
2020-05-05 14:53:34,422 INFO org.apache.juli.logging.DirectJDKLog [main] Starting ProtocolHandler ["http-nio-8080"]
2020-05-05 14:53:34,532 INFO org.springframework.boot.web.embedded.tomcat.TomcatWebServer [main] Tomcat started on port(s): 8080 (http) with context path '/eidas-idp'
2020-05-05 14:53:34,539 INFO org.springframework.boot.StartupInfoLogger [main] Started LoginWebAppApplication in 6.831 seconds (JVM running for 7.668)
2020-05-05 14:53:56,151 INFO org.apache.juli.logging.DirectJDKLog [http-nio-8080-exec-1] Initializing Spring DispatcherServlet 'dispatcherServlet'
2020-05-05 14:53:56,152 INFO org.springframework.web.servlet.FrameworkServlet [http-nio-8080-exec-1] Initializing Servlet 'dispatcherServlet'
2020-05-05 14:53:56,161 INFO org.springframework.web.servlet.FrameworkServlet [http-nio-8080-exec-1] Completed initialization in 9 ms
2020-05-05 14:57:20,409 INFO org.springframework.scheduling.concurrent.ExecutorConfigurationSupport [SpringContextShutdownHook] Shutting down ExecutorService 'applicationTaskExecutor'
2020-05-05 15:10:46,898 INFO org.springframework.boot.StartupInfoLogger [main] Starting LoginWebAppApplication on nikos with PID 18393 (/home/nikos/NetBeansProjects/seal.eidas.idp/target/classes started by nikos in /home/nikos/NetBeansProjects/seal.eidas.idp)
2020-05-05 15:10:46,920 INFO org.springframework.boot.SpringApplication [main] No active profile set, falling back to default profiles: default
2020-05-05 15:10:50,320 INFO org.springframework.boot.web.embedded.tomcat.TomcatWebServer [main] Tomcat initialized with port(s): 8080 (http)
2020-05-05 15:10:50,341 INFO org.apache.juli.logging.DirectJDKLog [main] Initializing ProtocolHandler ["http-nio-8080"]
2020-05-05 15:10:50,343 INFO org.apache.juli.logging.DirectJDKLog [main] Starting service [Tomcat]
2020-05-05 15:10:50,343 INFO org.apache.juli.logging.DirectJDKLog [main] Starting Servlet engine: [Apache Tomcat/9.0.29]
2020-05-05 15:10:50,483 INFO org.apache.juli.logging.DirectJDKLog [main] Initializing Spring embedded WebApplicationContext
2020-05-05 15:10:50,483 INFO org.springframework.boot.web.servlet.context.ServletWebServerApplicationContext [main] Root WebApplicationContext: initialization completed in 3394 ms
2020-05-05 15:10:53,215 INFO org.eclipse.jetty.util.log.Log [main] Logging initialized @10676ms to org.eclipse.jetty.util.log.Slf4jLog
2020-05-05 15:10:53,866 INFO org.springframework.scheduling.concurrent.ExecutorConfigurationSupport [main] Initializing ExecutorService 'applicationTaskExecutor'
2020-05-05 15:10:54,747 INFO org.springframework.security.web.DefaultSecurityFilterChain [main] Creating filter chain: any request, [org.springframework.security.web.context.request.async.WebAsyncManagerIntegrationFilter@307af381, org.springframework.security.web.context.SecurityContextPersistenceFilter@59328218, org.springframework.security.web.header.HeaderWriterFilter@734ce281, org.springframework.security.web.csrf.CsrfFilter@73d62b5, org.springframework.security.web.authentication.logout.LogoutFilter@53feeac9, org.springframework.security.oauth2.client.web.OAuth2AuthorizationRequestRedirectFilter@2ad7bd26, org.springframework.security.oauth2.client.web.OAuth2AuthorizationRequestRedirectFilter@59e7564b, org.springframework.security.oauth2.client.web.OAuth2LoginAuthenticationFilter@482ba4b1, org.springframework.security.web.authentication.ui.DefaultLoginPageGeneratingFilter@6afbe6a1, org.springframework.security.web.authentication.ui.DefaultLogoutPageGeneratingFilter@1510b9a2, org.springframework.security.web.savedrequest.RequestCacheAwareFilter@5345dfe8, org.springframework.security.web.servletapi.SecurityContextHolderAwareRequestFilter@5ac044ef, org.springframework.security.web.authentication.AnonymousAuthenticationFilter@76a6f045, org.springframework.security.oauth2.client.web.OAuth2AuthorizationCodeGrantFilter@1216eb3f, org.springframework.security.web.session.SessionManagementFilter@49b89425, org.springframework.security.web.access.ExceptionTranslationFilter@1c62c3fd, org.springframework.security.web.access.intercept.FilterSecurityInterceptor@29bd85db]
2020-05-05 15:10:54,922 INFO org.apache.juli.logging.DirectJDKLog [main] Starting ProtocolHandler ["http-nio-8080"]
2020-05-05 15:10:55,064 INFO org.springframework.boot.web.embedded.tomcat.TomcatWebServer [main] Tomcat started on port(s): 8080 (http) with context path '/eidas-idp'
2020-05-05 15:10:55,069 INFO org.springframework.boot.StartupInfoLogger [main] Started LoginWebAppApplication in 10.419 seconds (JVM running for 12.533)
2020-05-05 15:11:04,643 INFO org.apache.juli.logging.DirectJDKLog [http-nio-8080-exec-1] Initializing Spring DispatcherServlet 'dispatcherServlet'
2020-05-05 15:11:04,644 INFO org.springframework.web.servlet.FrameworkServlet [http-nio-8080-exec-1] Initializing Servlet 'dispatcherServlet'
2020-05-05 15:11:04,656 INFO org.springframework.web.servlet.FrameworkServlet [http-nio-8080-exec-1] Completed initialization in 11 ms
2020-05-05 15:15:57,386 INFO org.springframework.boot.StartupInfoLogger [main] Starting LoginWebAppApplication on nikos with PID 18612 (/home/nikos/NetBeansProjects/seal.eidas.idp/target/classes started by nikos in /home/nikos/NetBeansProjects/seal.eidas.idp)
2020-05-05 15:15:57,410 INFO org.springframework.boot.SpringApplication [main] No active profile set, falling back to default profiles: default
2020-05-05 15:16:00,348 INFO org.springframework.boot.web.embedded.tomcat.TomcatWebServer [main] Tomcat initialized with port(s): 8080 (http)
2020-05-05 15:16:00,361 INFO org.apache.juli.logging.DirectJDKLog [main] Initializing ProtocolHandler ["http-nio-8080"]
2020-05-05 15:16:00,362 INFO org.apache.juli.logging.DirectJDKLog [main] Starting service [Tomcat]
2020-05-05 15:16:00,363 INFO org.apache.juli.logging.DirectJDKLog [main] Starting Servlet engine: [Apache Tomcat/9.0.29]
2020-05-05 15:16:00,458 INFO org.apache.juli.logging.DirectJDKLog [main] Initializing Spring embedded WebApplicationContext
2020-05-05 15:16:00,459 INFO org.springframework.boot.web.servlet.context.ServletWebServerApplicationContext [main] Root WebApplicationContext: initialization completed in 2926 ms
2020-05-05 15:16:02,068 INFO org.eclipse.jetty.util.log.Log [main] Logging initialized @7000ms to org.eclipse.jetty.util.log.Slf4jLog
2020-05-05 15:16:03,102 INFO org.springframework.scheduling.concurrent.ExecutorConfigurationSupport [main] Initializing ExecutorService 'applicationTaskExecutor'
2020-05-05 15:16:03,996 INFO org.springframework.security.web.DefaultSecurityFilterChain [main] Creating filter chain: any request, [org.springframework.security.web.context.request.async.WebAsyncManagerIntegrationFilter@6b3f4bd8, org.springframework.security.web.context.SecurityContextPersistenceFilter@4e50ae56, org.springframework.security.web.header.HeaderWriterFilter@615e83ac, org.springframework.security.web.csrf.CsrfFilter@5773d271, org.springframework.security.web.authentication.logout.LogoutFilter@7c91fe86, org.springframework.security.oauth2.client.web.OAuth2AuthorizationRequestRedirectFilter@6c6928c, org.springframework.security.oauth2.client.web.OAuth2AuthorizationRequestRedirectFilter@36211bbc, org.springframework.security.oauth2.client.web.OAuth2LoginAuthenticationFilter@7ef41ca2, org.springframework.security.web.authentication.ui.DefaultLoginPageGeneratingFilter@6734ff92, org.springframework.security.web.authentication.ui.DefaultLogoutPageGeneratingFilter@3e151e1f, org.springframework.security.web.savedrequest.RequestCacheAwareFilter@1c68d0db, org.springframework.security.web.servletapi.SecurityContextHolderAwareRequestFilter@5fb7ab9c, org.springframework.security.web.authentication.AnonymousAuthenticationFilter@d70e9a, org.springframework.security.oauth2.client.web.OAuth2AuthorizationCodeGrantFilter@49038f97, org.springframework.security.web.session.SessionManagementFilter@4438938e, org.springframework.security.web.access.ExceptionTranslationFilter@7404ddca, org.springframework.security.web.access.intercept.FilterSecurityInterceptor@23ea8830]
2020-05-05 15:16:04,150 INFO org.apache.juli.logging.DirectJDKLog [main] Starting ProtocolHandler ["http-nio-8080"]
2020-05-05 15:16:04,235 INFO org.springframework.boot.web.embedded.tomcat.TomcatWebServer [main] Tomcat started on port(s): 8080 (http) with context path '/eidas-idp'
2020-05-05 15:16:04,245 INFO org.springframework.boot.StartupInfoLogger [main] Started LoginWebAppApplication in 8.157 seconds (JVM running for 9.179)
2020-05-05 15:16:48,461 INFO org.springframework.boot.StartupInfoLogger [main] Starting LoginWebAppApplication on nikos with PID 18690 (/home/nikos/NetBeansProjects/seal.eidas.idp/target/classes started by nikos in /home/nikos/NetBeansProjects/seal.eidas.idp)
2020-05-05 15:16:48,469 INFO org.springframework.boot.SpringApplication [main] No active profile set, falling back to default profiles: default
2020-05-05 15:16:51,119 INFO org.springframework.boot.web.embedded.tomcat.TomcatWebServer [main] Tomcat initialized with port(s): 8080 (http)
2020-05-05 15:16:51,132 INFO org.apache.juli.logging.DirectJDKLog [main] Initializing ProtocolHandler ["http-nio-8080"]
2020-05-05 15:16:51,133 INFO org.apache.juli.logging.DirectJDKLog [main] Starting service [Tomcat]
2020-05-05 15:16:51,134 INFO org.apache.juli.logging.DirectJDKLog [main] Starting Servlet engine: [Apache Tomcat/9.0.29]
2020-05-05 15:16:51,243 INFO org.apache.juli.logging.DirectJDKLog [main] Initializing Spring embedded WebApplicationContext
2020-05-05 15:16:51,245 INFO org.springframework.boot.web.servlet.context.ServletWebServerApplicationContext [main] Root WebApplicationContext: initialization completed in 2558 ms
2020-05-05 15:16:52,703 INFO org.eclipse.jetty.util.log.Log [main] Logging initialized @5921ms to org.eclipse.jetty.util.log.Slf4jLog
2020-05-05 15:16:53,441 INFO org.springframework.scheduling.concurrent.ExecutorConfigurationSupport [main] Initializing ExecutorService 'applicationTaskExecutor'
2020-05-05 15:16:54,022 INFO org.springframework.security.web.DefaultSecurityFilterChain [main] Creating filter chain: any request, [org.springframework.security.web.context.request.async.WebAsyncManagerIntegrationFilter@752973de, org.springframework.security.web.context.SecurityContextPersistenceFilter@45e7bb79, org.springframework.security.web.header.HeaderWriterFilter@48a46b0f, org.springframework.security.web.csrf.CsrfFilter@472c9f88, org.springframework.security.web.authentication.logout.LogoutFilter@1322b575, org.springframework.security.oauth2.client.web.OAuth2AuthorizationRequestRedirectFilter@300bb303, org.springframework.security.oauth2.client.web.OAuth2AuthorizationRequestRedirectFilter@15d65fcf, org.springframework.security.oauth2.client.web.OAuth2LoginAuthenticationFilter@3b021664, org.springframework.security.web.authentication.ui.DefaultLoginPageGeneratingFilter@1b47b7f5, org.springframework.security.web.authentication.ui.DefaultLogoutPageGeneratingFilter@52a67293, org.springframework.security.web.savedrequest.RequestCacheAwareFilter@21c75084, org.springframework.security.web.servletapi.SecurityContextHolderAwareRequestFilter@7e050be1, org.springframework.security.web.authentication.AnonymousAuthenticationFilter@793cef95, org.springframework.security.oauth2.client.web.OAuth2AuthorizationCodeGrantFilter@27dbaa33, org.springframework.security.web.session.SessionManagementFilter@9f9146d, org.springframework.security.web.access.ExceptionTranslationFilter@4b5ad306, org.springframework.security.web.access.intercept.FilterSecurityInterceptor@701d2b59]
2020-05-05 15:16:54,088 INFO org.apache.juli.logging.DirectJDKLog [main] Starting ProtocolHandler ["http-nio-8080"]
2020-05-05 15:16:54,189 INFO org.springframework.boot.web.embedded.tomcat.TomcatWebServer [main] Tomcat started on port(s): 8080 (http) with context path '/eidas-idp'
2020-05-05 15:16:54,194 INFO org.springframework.boot.StartupInfoLogger [main] Started LoginWebAppApplication in 6.763 seconds (JVM running for 7.416)
2020-05-05 15:17:38,895 INFO org.springframework.boot.StartupInfoLogger [main] Starting LoginWebAppApplication on nikos with PID 18782 (/home/nikos/NetBeansProjects/seal.eidas.idp/target/classes started by nikos in /home/nikos/NetBeansProjects/seal.eidas.idp)
2020-05-05 15:17:38,907 INFO org.springframework.boot.SpringApplication [main] No active profile set, falling back to default profiles: default
2020-05-05 15:17:41,134 INFO org.springframework.boot.web.embedded.tomcat.TomcatWebServer [main] Tomcat initialized with port(s): 8080 (http)
2020-05-05 15:17:41,166 INFO org.apache.juli.logging.DirectJDKLog [main] Initializing ProtocolHandler ["http-nio-8080"]
2020-05-05 15:17:41,167 INFO org.apache.juli.logging.DirectJDKLog [main] Starting service [Tomcat]
2020-05-05 15:17:41,168 INFO org.apache.juli.logging.DirectJDKLog [main] Starting Servlet engine: [Apache Tomcat/9.0.29]
2020-05-05 15:17:41,322 INFO org.apache.juli.logging.DirectJDKLog [main] Initializing Spring embedded WebApplicationContext
2020-05-05 15:17:41,323 INFO org.springframework.boot.web.servlet.context.ServletWebServerApplicationContext [main] Root WebApplicationContext: initialization completed in 2241 ms
2020-05-05 15:17:42,511 INFO org.eclipse.jetty.util.log.Log [main] Logging initialized @5168ms to org.eclipse.jetty.util.log.Slf4jLog
2020-05-05 15:17:43,056 INFO org.springframework.scheduling.concurrent.ExecutorConfigurationSupport [main] Initializing ExecutorService 'applicationTaskExecutor'
2020-05-05 15:17:43,781 INFO org.springframework.security.web.DefaultSecurityFilterChain [main] Creating filter chain: any request, [org.springframework.security.web.context.request.async.WebAsyncManagerIntegrationFilter@25533bba, org.springframework.security.web.context.SecurityContextPersistenceFilter@7f12094d, org.springframework.security.web.header.HeaderWriterFilter@1796b2d4, org.springframework.security.web.csrf.CsrfFilter@53d30d23, org.springframework.security.web.authentication.logout.LogoutFilter@4861cca9, org.springframework.security.oauth2.client.web.OAuth2AuthorizationRequestRedirectFilter@6b16de91, org.springframework.security.oauth2.client.web.OAuth2AuthorizationRequestRedirectFilter@685d7ba5, org.springframework.security.oauth2.client.web.OAuth2LoginAuthenticationFilter@16d41725, org.springframework.security.web.authentication.ui.DefaultLoginPageGeneratingFilter@4e8598d9, org.springframework.security.web.authentication.ui.DefaultLogoutPageGeneratingFilter@26d0ece6, org.springframework.security.web.savedrequest.RequestCacheAwareFilter@200d1a3d, org.springframework.security.web.servletapi.SecurityContextHolderAwareRequestFilter@54489296, org.springframework.security.web.authentication.AnonymousAuthenticationFilter@100bba26, org.springframework.security.oauth2.client.web.OAuth2AuthorizationCodeGrantFilter@36551e97, org.springframework.security.web.session.SessionManagementFilter@214b342f, org.springframework.security.web.access.ExceptionTranslationFilter@2dd0a0d0, org.springframework.security.web.access.intercept.FilterSecurityInterceptor@35c8be21]
2020-05-05 15:17:43,920 INFO org.apache.juli.logging.DirectJDKLog [main] Starting ProtocolHandler ["http-nio-8080"]
2020-05-05 15:17:44,019 INFO org.springframework.boot.web.embedded.tomcat.TomcatWebServer [main] Tomcat started on port(s): 8080 (http) with context path '/eidas-idp'
2020-05-05 15:17:44,028 INFO org.springframework.boot.StartupInfoLogger [main] Started LoginWebAppApplication in 6.077 seconds (JVM running for 6.686)
2020-05-05 15:18:04,428 INFO org.apache.juli.logging.DirectJDKLog [http-nio-8080-exec-1] Initializing Spring DispatcherServlet 'dispatcherServlet'
2020-05-05 15:18:04,429 INFO org.springframework.web.servlet.FrameworkServlet [http-nio-8080-exec-1] Initializing Servlet 'dispatcherServlet'
2020-05-05 15:18:04,451 INFO org.springframework.web.servlet.FrameworkServlet [http-nio-8080-exec-1] Completed initialization in 21 ms
2020-05-05 15:18:20,586 WARN org.springframework.web.servlet.handler.AbstractHandlerExceptionResolver [http-nio-8080-exec-2] Resolved [org.springframework.web.HttpRequestMethodNotSupportedException: Request method 'GET' not supported]
2020-05-05 15:19:10,919 INFO org.springframework.boot.StartupInfoLogger [main] Starting LoginWebAppApplication on nikos with PID 18874 (/home/nikos/NetBeansProjects/seal.eidas.idp/target/classes started by nikos in /home/nikos/NetBeansProjects/seal.eidas.idp)
2020-05-05 15:19:10,931 INFO org.springframework.boot.SpringApplication [main] No active profile set, falling back to default profiles: default
2020-05-05 15:19:15,032 INFO org.springframework.boot.web.embedded.tomcat.TomcatWebServer [main] Tomcat initialized with port(s): 8080 (http)
2020-05-05 15:19:15,062 INFO org.apache.juli.logging.DirectJDKLog [main] Initializing ProtocolHandler ["http-nio-8080"]
2020-05-05 15:19:15,064 INFO org.apache.juli.logging.DirectJDKLog [main] Starting service [Tomcat]
2020-05-05 15:19:15,064 INFO org.apache.juli.logging.DirectJDKLog [main] Starting Servlet engine: [Apache Tomcat/9.0.29]
2020-05-05 15:19:15,315 INFO org.apache.juli.logging.DirectJDKLog [main] Initializing Spring embedded WebApplicationContext
2020-05-05 15:19:15,317 INFO org.springframework.boot.web.servlet.context.ServletWebServerApplicationContext [main] Root WebApplicationContext: initialization completed in 4255 ms
2020-05-05 15:19:17,837 INFO org.eclipse.jetty.util.log.Log [main] Logging initialized @9885ms to org.eclipse.jetty.util.log.Slf4jLog
2020-05-05 15:19:18,418 INFO org.springframework.scheduling.concurrent.ExecutorConfigurationSupport [main] Initializing ExecutorService 'applicationTaskExecutor'
2020-05-05 15:19:19,492 INFO org.springframework.security.web.DefaultSecurityFilterChain [main] Creating filter chain: any request, [org.springframework.security.web.context.request.async.WebAsyncManagerIntegrationFilter@19b9f903, org.springframework.security.web.context.SecurityContextPersistenceFilter@52d7ab79, org.springframework.security.web.header.HeaderWriterFilter@365cef67, org.springframework.security.web.csrf.CsrfFilter@52bba91a, org.springframework.security.web.authentication.logout.LogoutFilter@1de5cc88, org.springframework.security.oauth2.client.web.OAuth2AuthorizationRequestRedirectFilter@15994b0b, org.springframework.security.oauth2.client.web.OAuth2AuthorizationRequestRedirectFilter@3407aa4f, org.springframework.security.oauth2.client.web.OAuth2LoginAuthenticationFilter@51ed2f68, org.springframework.security.web.authentication.ui.DefaultLoginPageGeneratingFilter@c0c8f96, org.springframework.security.web.authentication.ui.DefaultLogoutPageGeneratingFilter@10e56da9, org.springframework.security.web.savedrequest.RequestCacheAwareFilter@288728e, org.springframework.security.web.servletapi.SecurityContextHolderAwareRequestFilter@5170bc02, org.springframework.security.web.authentication.AnonymousAuthenticationFilter@28cb86b2, org.springframework.security.oauth2.client.web.OAuth2AuthorizationCodeGrantFilter@78065fcd, org.springframework.security.web.session.SessionManagementFilter@69bc9584, org.springframework.security.web.access.ExceptionTranslationFilter@2c99c8d, org.springframework.security.web.access.intercept.FilterSecurityInterceptor@5e5a8718]
2020-05-05 15:19:19,623 INFO org.apache.juli.logging.DirectJDKLog [main] Starting ProtocolHandler ["http-nio-8080"]
2020-05-05 15:19:19,853 INFO org.springframework.boot.web.embedded.tomcat.TomcatWebServer [main] Tomcat started on port(s): 8080 (http) with context path '/eidas-idp'
2020-05-05 15:19:19,857 INFO org.springframework.boot.StartupInfoLogger [main] Started LoginWebAppApplication in 11.203 seconds (JVM running for 11.907)
2020-05-05 15:19:26,186 INFO org.apache.juli.logging.DirectJDKLog [http-nio-8080-exec-1] Initializing Spring DispatcherServlet 'dispatcherServlet'
2020-05-05 15:19:26,189 INFO org.springframework.web.servlet.FrameworkServlet [http-nio-8080-exec-1] Initializing Servlet 'dispatcherServlet'
2020-05-05 15:19:26,225 INFO org.springframework.web.servlet.FrameworkServlet [http-nio-8080-exec-1] Completed initialization in 35 ms
2020-05-05 15:19:33,118 INFO gr.uagean.loginWebApp.controllers.RestControllers [http-nio-8080-exec-1] got the token:1231
2020-05-05 15:19:33,752 INFO gr.uagean.loginWebApp.controllers.RestControllers [http-nio-8080-exec-1] got the responseCode:ERROR
2020-05-05 15:23:42,842 INFO org.springframework.boot.StartupInfoLogger [main] Starting LoginWebAppApplication on nikos with PID 19210 (/home/nikos/NetBeansProjects/seal.eidas.idp/target/classes started by nikos in /home/nikos/NetBeansProjects/seal.eidas.idp)
2020-05-05 15:23:42,855 INFO org.springframework.boot.SpringApplication [main] No active profile set, falling back to default profiles: default
2020-05-05 15:23:46,822 INFO org.springframework.boot.web.embedded.tomcat.TomcatWebServer [main] Tomcat initialized with port(s): 8080 (http)
2020-05-05 15:23:46,867 INFO org.apache.juli.logging.DirectJDKLog [main] Initializing ProtocolHandler ["http-nio-8080"]
2020-05-05 15:23:46,870 INFO org.apache.juli.logging.DirectJDKLog [main] Starting service [Tomcat]
2020-05-05 15:23:46,872 INFO org.apache.juli.logging.DirectJDKLog [main] Starting Servlet engine: [Apache Tomcat/9.0.29]
2020-05-05 15:23:47,074 INFO org.apache.juli.logging.DirectJDKLog [main] Initializing Spring embedded WebApplicationContext
2020-05-05 15:23:47,076 INFO org.springframework.boot.web.servlet.context.ServletWebServerApplicationContext [main] Root WebApplicationContext: initialization completed in 3994 ms
2020-05-05 15:23:49,906 INFO org.eclipse.jetty.util.log.Log [main] Logging initialized @10458ms to org.eclipse.jetty.util.log.Slf4jLog
2020-05-05 15:23:52,027 INFO org.springframework.scheduling.concurrent.ExecutorConfigurationSupport [main] Initializing ExecutorService 'applicationTaskExecutor'
2020-05-05 15:23:53,784 INFO org.springframework.security.web.DefaultSecurityFilterChain [main] Creating filter chain: any request, [org.springframework.security.web.context.request.async.WebAsyncManagerIntegrationFilter@799c8758, org.springframework.security.web.context.SecurityContextPersistenceFilter@5b44318, org.springframework.security.web.header.HeaderWriterFilter@389a5022, org.springframework.security.web.csrf.CsrfFilter@edb83f8, org.springframework.security.web.authentication.logout.LogoutFilter@1af677f8, org.springframework.security.oauth2.client.web.OAuth2AuthorizationRequestRedirectFilter@3a0896b3, org.springframework.security.oauth2.client.web.OAuth2AuthorizationRequestRedirectFilter@1753475d, org.springframework.security.oauth2.client.web.OAuth2LoginAuthenticationFilter@d108406, org.springframework.security.web.authentication.ui.DefaultLoginPageGeneratingFilter@684372d0, org.springframework.security.web.authentication.ui.DefaultLogoutPageGeneratingFilter@6e00837f, org.springframework.security.web.savedrequest.RequestCacheAwareFilter@6e807e2, org.springframework.security.web.servletapi.SecurityContextHolderAwareRequestFilter@5873f3f0, org.springframework.security.web.authentication.AnonymousAuthenticationFilter@63e4484d, org.springframework.security.oauth2.client.web.OAuth2AuthorizationCodeGrantFilter@6e8f2094, org.springframework.security.web.session.SessionManagementFilter@bb8ead8, org.springframework.security.web.access.ExceptionTranslationFilter@2e45a357, org.springframework.security.web.access.intercept.FilterSecurityInterceptor@1de5cc88]
2020-05-05 15:23:53,876 INFO org.apache.juli.logging.DirectJDKLog [main] Starting ProtocolHandler ["http-nio-8080"]
2020-05-05 15:23:54,033 INFO org.springframework.boot.web.embedded.tomcat.TomcatWebServer [main] Tomcat started on port(s): 8080 (http) with context path '/eidas-idp'
2020-05-05 15:23:54,037 INFO org.springframework.boot.StartupInfoLogger [main] Started LoginWebAppApplication in 13.395 seconds (JVM running for 14.591)
2020-05-05 15:23:54,147 INFO org.apache.juli.logging.DirectJDKLog [http-nio-8080-exec-1] Initializing Spring DispatcherServlet 'dispatcherServlet'
2020-05-05 15:23:54,148 INFO org.springframework.web.servlet.FrameworkServlet [http-nio-8080-exec-1] Initializing Servlet 'dispatcherServlet'
2020-05-05 15:23:54,157 INFO org.springframework.web.servlet.FrameworkServlet [http-nio-8080-exec-1] Completed initialization in 8 ms
2020-05-05 15:23:58,439 INFO gr.uagean.loginWebApp.controllers.RestControllers [http-nio-8080-exec-1] got the token:1231
2020-05-05 15:23:59,098 INFO gr.uagean.loginWebApp.controllers.RestControllers [http-nio-8080-exec-1] got the responseCode:ERROR
2020-05-05 15:25:19,799 INFO org.springframework.boot.StartupInfoLogger [main] Starting TestSessisonManagerConnection on nikos with PID 19325 (started by nikos in /home/nikos/NetBeansProjects/seal.eidas.idp)
2020-05-05 15:25:19,803 INFO org.springframework.boot.SpringApplication [main] The following profiles are active: test
2020-05-05 15:25:25,804 INFO org.eclipse.jetty.util.log.Log [main] Logging initialized @10631ms to org.eclipse.jetty.util.log.Slf4jLog
2020-05-05 15:25:27,327 INFO org.springframework.scheduling.concurrent.ExecutorConfigurationSupport [main] Initializing ExecutorService 'applicationTaskExecutor'
2020-05-05 15:25:29,069 INFO org.springframework.security.web.DefaultSecurityFilterChain [main] Creating filter chain: any request, [org.springframework.security.web.context.request.async.WebAsyncManagerIntegrationFilter@b06d46d, org.springframework.security.web.context.SecurityContextPersistenceFilter@561f9d92, org.springframework.security.web.header.HeaderWriterFilter@78c74647, org.springframework.security.web.csrf.CsrfFilter@16681017, org.springframework.security.web.authentication.logout.LogoutFilter@39133244, org.springframework.security.oauth2.client.web.OAuth2AuthorizationRequestRedirectFilter@1e495414, org.springframework.security.oauth2.client.web.OAuth2AuthorizationRequestRedirectFilter@16e1219f, org.springframework.security.oauth2.client.web.OAuth2LoginAuthenticationFilter@18a98913, org.springframework.security.web.authentication.ui.DefaultLoginPageGeneratingFilter@71531dd7, org.springframework.security.web.authentication.ui.DefaultLogoutPageGeneratingFilter@25a5c8e, org.springframework.security.web.savedrequest.RequestCacheAwareFilter@7ceb6c45, org.springframework.security.web.servletapi.SecurityContextHolderAwareRequestFilter@6e95973c, org.springframework.security.web.authentication.AnonymousAuthenticationFilter@656c5c3, org.springframework.security.oauth2.client.web.OAuth2AuthorizationCodeGrantFilter@2f09e6b2, org.springframework.security.web.session.SessionManagementFilter@5763a655, org.springframework.security.web.access.ExceptionTranslationFilter@477523ba, org.springframework.security.web.access.intercept.FilterSecurityInterceptor@3a6e9856]
2020-05-05 15:25:29,323 INFO org.springframework.mock.web.MockServletContext [main] Initializing Spring TestDispatcherServlet ''
2020-05-05 15:25:29,325 INFO org.springframework.web.servlet.FrameworkServlet [main] Initializing Servlet ''
2020-05-05 15:25:29,347 INFO org.springframework.web.servlet.FrameworkServlet [main] Completed initialization in 21 ms
2020-05-05 15:25:29,410 INFO org.springframework.boot.StartupInfoLogger [main] Started TestSessisonManagerConnection in 11.525 seconds (JVM running for 14.248)
2020-05-05 15:25:30,829 INFO gr.uagean.loginWebApp.utils.NoResponseParser [main] Response from Norway::{
    "sub": "6f71b1d9-8f43-4761-9ad0-43976c3f602c",
    "connect-userid_sec": [
        "eidas:SE/NO/199008199391"
    ],
    "dataporten-userid_sec": [
        "eidas:SE/NO/199008199391"
    ],
    "name": "Mohamed Al Samed",
    "picture": "https://api.dataporten-test.uninett.no/userinfo/v1/user/media/p:442f87ff-7311-448f-85ce-fb55aff78120"
}
2020-05-05 15:25:30,835 INFO gr.uagean.loginWebApp.utils.NoResponseParser [main] Response from Norway::{
    "user": {
        "userid_sec": [
            "eidas:EE/NO/49311086012"
        ],
        "userid": "e91a6752-999e-4f98-938d-1b2a34891173",
        "name": "TRIIN PUUSAAR",
        "profilephoto": "p:c048174c-056b-432c-adb8-2b0c5cff1fc9"
    },
    "audience": "843a3f7b-1575-467f-a696-00efff753076"
}
2020-05-05 15:25:30,917 INFO org.springframework.boot.StartupInfoLogger [main] Starting LoginWebAppApplicationTests on nikos with PID 19325 (started by nikos in /home/nikos/NetBeansProjects/seal.eidas.idp)
2020-05-05 15:25:30,917 INFO org.springframework.boot.SpringApplication [main] The following profiles are active: test
2020-05-05 15:25:32,419 INFO org.springframework.scheduling.concurrent.ExecutorConfigurationSupport [main] Initializing ExecutorService 'applicationTaskExecutor'
2020-05-05 15:25:33,289 INFO org.springframework.security.web.DefaultSecurityFilterChain [main] Creating filter chain: any request, [org.springframework.security.web.context.request.async.WebAsyncManagerIntegrationFilter@7e58f697, org.springframework.security.web.context.SecurityContextPersistenceFilter@3dc82e6a, org.springframework.security.web.header.HeaderWriterFilter@360d41d0, org.springframework.security.web.csrf.CsrfFilter@7b7068d8, org.springframework.security.web.authentication.logout.LogoutFilter@61d2f267, org.springframework.security.oauth2.client.web.OAuth2AuthorizationRequestRedirectFilter@5d3f99d7, org.springframework.security.oauth2.client.web.OAuth2AuthorizationRequestRedirectFilter@2c34402, org.springframework.security.oauth2.client.web.OAuth2LoginAuthenticationFilter@5f883d90, org.springframework.security.web.authentication.ui.DefaultLoginPageGeneratingFilter@782ac148, org.springframework.security.web.authentication.ui.DefaultLogoutPageGeneratingFilter@44384b4a, org.springframework.security.web.savedrequest.RequestCacheAwareFilter@54463380, org.springframework.security.web.servletapi.SecurityContextHolderAwareRequestFilter@819fb19, org.springframework.security.web.authentication.AnonymousAuthenticationFilter@5cc3e49b, org.springframework.security.oauth2.client.web.OAuth2AuthorizationCodeGrantFilter@561d88ee, org.springframework.security.web.session.SessionManagementFilter@4586a8aa, org.springframework.security.web.access.ExceptionTranslationFilter@1d8e9d3e, org.springframework.security.web.access.intercept.FilterSecurityInterceptor@23afc725]
2020-05-05 15:25:33,491 INFO org.springframework.boot.StartupInfoLogger [main] Started LoginWebAppApplicationTests in 2.651 seconds (JVM running for 18.328)
2020-05-05 15:25:33,607 INFO org.springframework.scheduling.concurrent.ExecutorConfigurationSupport [SpringContextShutdownHook] Shutting down ExecutorService 'applicationTaskExecutor'
2020-05-05 15:25:33,613 INFO org.springframework.scheduling.concurrent.ExecutorConfigurationSupport [SpringContextShutdownHook] Shutting down ExecutorService 'applicationTaskExecutor'
