2020-04-01 12:52:46,821 INFO org.springframework.boot.StartupInfoLogger [main] Starting TestSessisonManagerConnection on nikos with PID 28423 (started by nikos in /home/nikos/NetBeansProjects/seal.eidas.idp)
2020-04-01 12:52:46,824 INFO org.springframework.boot.SpringApplication [main] The following profiles are active: test
2020-04-01 12:52:50,339 INFO org.eclipse.jetty.util.log.Log [main] Logging initialized @6179ms to org.eclipse.jetty.util.log.Slf4jLog
2020-04-01 12:52:51,271 INFO org.springframework.scheduling.concurrent.ExecutorConfigurationSupport [main] Initializing ExecutorService 'applicationTaskExecutor'
2020-04-01 12:52:52,072 INFO org.springframework.security.web.DefaultSecurityFilterChain [main] Creating filter chain: any request, [org.springframework.security.web.context.request.async.WebAsyncManagerIntegrationFilter@34f7b44f, org.springframework.security.web.context.SecurityContextPersistenceFilter@40c8067, org.springframework.security.web.header.HeaderWriterFilter@477523ba, org.springframework.security.web.csrf.CsrfFilter@4a22e4d7, org.springframework.security.web.authentication.logout.LogoutFilter@55a0f011, org.springframework.security.oauth2.client.web.OAuth2AuthorizationRequestRedirectFilter@6af87130, org.springframework.security.oauth2.client.web.OAuth2AuthorizationRequestRedirectFilter@27e44e9c, org.springframework.security.oauth2.client.web.OAuth2LoginAuthenticationFilter@16e1219f, org.springframework.security.web.authentication.ui.DefaultLoginPageGeneratingFilter@6e95973c, org.springframework.security.web.authentication.ui.DefaultLogoutPageGeneratingFilter@5403907, org.springframework.security.web.savedrequest.RequestCacheAwareFilter@561f9d92, org.springframework.security.web.servletapi.SecurityContextHolderAwareRequestFilter@78d92eef, org.springframework.security.web.authentication.AnonymousAuthenticationFilter@5175d9ad, org.springframework.security.oauth2.client.web.OAuth2AuthorizationCodeGrantFilter@30508066, org.springframework.security.web.session.SessionManagementFilter@78c74647, org.springframework.security.web.access.ExceptionTranslationFilter@377dfb8d, org.springframework.security.web.access.intercept.FilterSecurityInterceptor@87f501f]
2020-04-01 12:52:52,188 INFO org.springframework.mock.web.MockServletContext [main] Initializing Spring TestDispatcherServlet ''
2020-04-01 12:52:52,188 INFO org.springframework.web.servlet.FrameworkServlet [main] Initializing Servlet ''
2020-04-01 12:52:52,201 INFO org.springframework.web.servlet.FrameworkServlet [main] Completed initialization in 12 ms
2020-04-01 12:52:52,230 INFO org.springframework.boot.StartupInfoLogger [main] Started TestSessisonManagerConnection in 6.053 seconds (JVM running for 8.071)
2020-04-01 12:52:53,695 INFO gr.uagean.loginWebApp.utils.NoResponseParser [main] Response from Norway::{
    "sub": "6f71b1d9-8f43-4761-9ad0-43976c3f602c",
    "connect-userid_sec": [
        "eidas:SE/NO/199008199391"
    ],
    "dataporten-userid_sec": [
        "eidas:SE/NO/199008199391"
    ],
    "name": "Mohamed Al Samed",
    "picture": "https://api.dataporten-test.uninett.no/userinfo/v1/user/media/p:442f87ff-7311-448f-85ce-fb55aff78120"
}
2020-04-01 12:52:53,724 INFO gr.uagean.loginWebApp.utils.NoResponseParser [main] Response from Norway::{
    "user": {
        "userid_sec": [
            "eidas:EE/NO/49311086012"
        ],
        "userid": "e91a6752-999e-4f98-938d-1b2a34891173",
        "name": "TRIIN PUUSAAR",
        "profilephoto": "p:c048174c-056b-432c-adb8-2b0c5cff1fc9"
    },
    "audience": "843a3f7b-1575-467f-a696-00efff753076"
}
2020-04-01 12:52:53,828 INFO org.springframework.boot.StartupInfoLogger [main] Starting LoginWebAppApplicationTests on nikos with PID 28423 (started by nikos in /home/nikos/NetBeansProjects/seal.eidas.idp)
2020-04-01 12:52:53,828 INFO org.springframework.boot.SpringApplication [main] The following profiles are active: test
2020-04-01 12:52:54,521 INFO org.springframework.scheduling.concurrent.ExecutorConfigurationSupport [main] Initializing ExecutorService 'applicationTaskExecutor'
2020-04-01 12:52:54,893 INFO org.springframework.security.web.DefaultSecurityFilterChain [main] Creating filter chain: any request, [org.springframework.security.web.context.request.async.WebAsyncManagerIntegrationFilter@5d3f99d7, org.springframework.security.web.context.SecurityContextPersistenceFilter@1d8e9d3e, org.springframework.security.web.header.HeaderWriterFilter@7cc1f72c, org.springframework.security.web.csrf.CsrfFilter@1b8fa2fa, org.springframework.security.web.authentication.logout.LogoutFilter@819fb19, org.springframework.security.oauth2.client.web.OAuth2AuthorizationRequestRedirectFilter@30fbc23, org.springframework.security.oauth2.client.web.OAuth2AuthorizationRequestRedirectFilter@3e2d44f3, org.springframework.security.oauth2.client.web.OAuth2LoginAuthenticationFilter@23afc725, org.springframework.security.web.authentication.ui.DefaultLoginPageGeneratingFilter@3dc82e6a, org.springframework.security.web.authentication.ui.DefaultLogoutPageGeneratingFilter@561d88ee, org.springframework.security.web.savedrequest.RequestCacheAwareFilter@360d41d0, org.springframework.security.web.servletapi.SecurityContextHolderAwareRequestFilter@4586a8aa, org.springframework.security.web.authentication.AnonymousAuthenticationFilter@2c34402, org.springframework.security.oauth2.client.web.OAuth2AuthorizationCodeGrantFilter@2d74cbbd, org.springframework.security.web.session.SessionManagementFilter@7b7068d8, org.springframework.security.web.access.ExceptionTranslationFilter@21527b8, org.springframework.security.web.access.intercept.FilterSecurityInterceptor@23c7cb18]
2020-04-01 12:52:54,955 INFO org.springframework.boot.StartupInfoLogger [main] Started LoginWebAppApplicationTests in 1.218 seconds (JVM running for 10.797)
2020-04-01 12:52:54,990 INFO org.springframework.scheduling.concurrent.ExecutorConfigurationSupport [SpringContextShutdownHook] Shutting down ExecutorService 'applicationTaskExecutor'
2020-04-01 12:52:54,992 INFO org.springframework.scheduling.concurrent.ExecutorConfigurationSupport [SpringContextShutdownHook] Shutting down ExecutorService 'applicationTaskExecutor'
2020-04-01 13:37:56,394 INFO org.springframework.boot.StartupInfoLogger [main] Starting TestSessisonManagerConnection on nikos with PID 14254 (started by nikos in /home/nikos/NetBeansProjects/seal.eidas.idp)
2020-04-01 13:37:56,419 INFO org.springframework.boot.SpringApplication [main] The following profiles are active: test
2020-04-01 13:38:00,383 INFO org.eclipse.jetty.util.log.Log [main] Logging initialized @7357ms to org.eclipse.jetty.util.log.Slf4jLog
2020-04-01 13:38:01,914 INFO org.springframework.scheduling.concurrent.ExecutorConfigurationSupport [main] Initializing ExecutorService 'applicationTaskExecutor'
2020-04-01 13:38:02,700 INFO org.springframework.security.web.DefaultSecurityFilterChain [main] Creating filter chain: any request, [org.springframework.security.web.context.request.async.WebAsyncManagerIntegrationFilter@13f40d71, org.springframework.security.web.context.SecurityContextPersistenceFilter@203e705e, org.springframework.security.web.header.HeaderWriterFilter@45c80312, org.springframework.security.web.csrf.CsrfFilter@124eb83d, org.springframework.security.web.authentication.logout.LogoutFilter@2c9fdb64, org.springframework.security.oauth2.client.web.OAuth2AuthorizationRequestRedirectFilter@3344d163, org.springframework.security.oauth2.client.web.OAuth2AuthorizationRequestRedirectFilter@33e3bd2e, org.springframework.security.oauth2.client.web.OAuth2LoginAuthenticationFilter@9408857, org.springframework.security.web.authentication.ui.DefaultLoginPageGeneratingFilter@34c76167, org.springframework.security.web.authentication.ui.DefaultLogoutPageGeneratingFilter@73a845cb, org.springframework.security.web.savedrequest.RequestCacheAwareFilter@39652a30, org.springframework.security.web.servletapi.SecurityContextHolderAwareRequestFilter@723742b2, org.springframework.security.web.authentication.AnonymousAuthenticationFilter@18a98913, org.springframework.security.oauth2.client.web.OAuth2AuthorizationCodeGrantFilter@1e495414, org.springframework.security.web.session.SessionManagementFilter@377dfb8d, org.springframework.security.web.access.ExceptionTranslationFilter@1c6a0103, org.springframework.security.web.access.intercept.FilterSecurityInterceptor@3de79067]
2020-04-01 13:38:02,845 INFO org.springframework.mock.web.MockServletContext [main] Initializing Spring TestDispatcherServlet ''
2020-04-01 13:38:02,846 INFO org.springframework.web.servlet.FrameworkServlet [main] Initializing Servlet ''
2020-04-01 13:38:02,861 INFO org.springframework.web.servlet.FrameworkServlet [main] Completed initialization in 14 ms
2020-04-01 13:38:02,931 INFO org.springframework.boot.StartupInfoLogger [main] Started TestSessisonManagerConnection in 7.687 seconds (JVM running for 9.921)
2020-04-01 13:38:06,219 INFO gr.uagean.loginWebApp.utils.NoResponseParser [main] Response from Norway::{
    "sub": "6f71b1d9-8f43-4761-9ad0-43976c3f602c",
    "connect-userid_sec": [
        "eidas:SE/NO/199008199391"
    ],
    "dataporten-userid_sec": [
        "eidas:SE/NO/199008199391"
    ],
    "name": "Mohamed Al Samed",
    "picture": "https://api.dataporten-test.uninett.no/userinfo/v1/user/media/p:442f87ff-7311-448f-85ce-fb55aff78120"
}
2020-04-01 13:38:06,246 INFO gr.uagean.loginWebApp.utils.NoResponseParser [main] Response from Norway::{
    "user": {
        "userid_sec": [
            "eidas:EE/NO/49311086012"
        ],
        "userid": "e91a6752-999e-4f98-938d-1b2a34891173",
        "name": "TRIIN PUUSAAR",
        "profilephoto": "p:c048174c-056b-432c-adb8-2b0c5cff1fc9"
    },
    "audience": "843a3f7b-1575-467f-a696-00efff753076"
}
2020-04-01 13:38:06,297 INFO org.springframework.boot.StartupInfoLogger [main] Starting LoginWebAppApplicationTests on nikos with PID 14254 (started by nikos in /home/nikos/NetBeansProjects/seal.eidas.idp)
2020-04-01 13:38:06,297 INFO org.springframework.boot.SpringApplication [main] The following profiles are active: test
2020-04-01 13:38:07,162 INFO org.springframework.scheduling.concurrent.ExecutorConfigurationSupport [main] Initializing ExecutorService 'applicationTaskExecutor'
2020-04-01 13:38:07,576 INFO org.springframework.security.web.DefaultSecurityFilterChain [main] Creating filter chain: any request, [org.springframework.security.web.context.request.async.WebAsyncManagerIntegrationFilter@30fbc23, org.springframework.security.web.context.SecurityContextPersistenceFilter@1b8fa2fa, org.springframework.security.web.header.HeaderWriterFilter@22fb9a2c, org.springframework.security.web.csrf.CsrfFilter@8b670c0, org.springframework.security.web.authentication.logout.LogoutFilter@360d41d0, org.springframework.security.oauth2.client.web.OAuth2AuthorizationRequestRedirectFilter@12365bd8, org.springframework.security.oauth2.client.web.OAuth2AuthorizationRequestRedirectFilter@49cb5030, org.springframework.security.oauth2.client.web.OAuth2LoginAuthenticationFilter@23c7cb18, org.springframework.security.web.authentication.ui.DefaultLoginPageGeneratingFilter@7b7068d8, org.springframework.security.web.authentication.ui.DefaultLogoutPageGeneratingFilter@2d74cbbd, org.springframework.security.web.savedrequest.RequestCacheAwareFilter@21527b8, org.springframework.security.web.servletapi.SecurityContextHolderAwareRequestFilter@7cc1f72c, org.springframework.security.web.authentication.AnonymousAuthenticationFilter@3e2d44f3, org.springframework.security.oauth2.client.web.OAuth2AuthorizationCodeGrantFilter@14874a5d, org.springframework.security.web.session.SessionManagementFilter@2084e65a, org.springframework.security.web.access.ExceptionTranslationFilter@4c2ab536, org.springframework.security.web.access.intercept.FilterSecurityInterceptor@6481dce5]
2020-04-01 13:38:07,648 INFO org.springframework.boot.StartupInfoLogger [main] Started LoginWebAppApplicationTests in 1.396 seconds (JVM running for 14.638)
2020-04-01 13:38:07,774 INFO org.springframework.scheduling.concurrent.ExecutorConfigurationSupport [SpringContextShutdownHook] Shutting down ExecutorService 'applicationTaskExecutor'
2020-04-01 13:38:07,778 INFO org.springframework.scheduling.concurrent.ExecutorConfigurationSupport [SpringContextShutdownHook] Shutting down ExecutorService 'applicationTaskExecutor'
2020-04-01 13:54:23,696 INFO org.springframework.boot.StartupInfoLogger [main] Starting TestSessisonManagerConnection on nikos with PID 15129 (started by nikos in /home/nikos/NetBeansProjects/seal.eidas.idp)
2020-04-01 13:54:23,698 INFO org.springframework.boot.SpringApplication [main] The following profiles are active: test
2020-04-01 13:54:26,784 INFO org.eclipse.jetty.util.log.Log [main] Logging initialized @5121ms to org.eclipse.jetty.util.log.Slf4jLog
2020-04-01 13:54:27,553 INFO org.springframework.scheduling.concurrent.ExecutorConfigurationSupport [main] Initializing ExecutorService 'applicationTaskExecutor'
2020-04-01 13:54:28,305 INFO org.springframework.security.web.DefaultSecurityFilterChain [main] Creating filter chain: any request, [org.springframework.security.web.context.request.async.WebAsyncManagerIntegrationFilter@646d810b, org.springframework.security.web.context.SecurityContextPersistenceFilter@1c6a0103, org.springframework.security.web.header.HeaderWriterFilter@1e2445f6, org.springframework.security.web.csrf.CsrfFilter@1ee40b5c, org.springframework.security.web.authentication.logout.LogoutFilter@61d60e38, org.springframework.security.oauth2.client.web.OAuth2AuthorizationRequestRedirectFilter@2fde9469, org.springframework.security.oauth2.client.web.OAuth2AuthorizationRequestRedirectFilter@289f15e9, org.springframework.security.oauth2.client.web.OAuth2LoginAuthenticationFilter@22a4ca4a, org.springframework.security.web.authentication.ui.DefaultLoginPageGeneratingFilter@561f9d92, org.springframework.security.web.authentication.ui.DefaultLogoutPageGeneratingFilter@30508066, org.springframework.security.web.savedrequest.RequestCacheAwareFilter@45c80312, org.springframework.security.web.servletapi.SecurityContextHolderAwareRequestFilter@40c8067, org.springframework.security.web.authentication.AnonymousAuthenticationFilter@9408857, org.springframework.security.oauth2.client.web.OAuth2AuthorizationCodeGrantFilter@3344d163, org.springframework.security.web.session.SessionManagementFilter@284990de, org.springframework.security.web.access.ExceptionTranslationFilter@3a40bb52, org.springframework.security.web.access.intercept.FilterSecurityInterceptor@4f3c7808]
2020-04-01 13:54:28,402 INFO org.springframework.mock.web.MockServletContext [main] Initializing Spring TestDispatcherServlet ''
2020-04-01 13:54:28,403 INFO org.springframework.web.servlet.FrameworkServlet [main] Initializing Servlet ''
2020-04-01 13:54:28,415 INFO org.springframework.web.servlet.FrameworkServlet [main] Completed initialization in 12 ms
2020-04-01 13:54:28,439 INFO org.springframework.boot.StartupInfoLogger [main] Started TestSessisonManagerConnection in 5.343 seconds (JVM running for 6.778)
2020-04-01 13:54:29,754 INFO gr.uagean.loginWebApp.utils.NoResponseParser [main] Response from Norway::{
    "sub": "6f71b1d9-8f43-4761-9ad0-43976c3f602c",
    "connect-userid_sec": [
        "eidas:SE/NO/199008199391"
    ],
    "dataporten-userid_sec": [
        "eidas:SE/NO/199008199391"
    ],
    "name": "Mohamed Al Samed",
    "picture": "https://api.dataporten-test.uninett.no/userinfo/v1/user/media/p:442f87ff-7311-448f-85ce-fb55aff78120"
}
2020-04-01 13:54:29,758 INFO gr.uagean.loginWebApp.utils.NoResponseParser [main] Response from Norway::{
    "user": {
        "userid_sec": [
            "eidas:EE/NO/49311086012"
        ],
        "userid": "e91a6752-999e-4f98-938d-1b2a34891173",
        "name": "TRIIN PUUSAAR",
        "profilephoto": "p:c048174c-056b-432c-adb8-2b0c5cff1fc9"
    },
    "audience": "843a3f7b-1575-467f-a696-00efff753076"
}
2020-04-01 13:54:29,797 INFO org.springframework.boot.StartupInfoLogger [main] Starting LoginWebAppApplicationTests on nikos with PID 15129 (started by nikos in /home/nikos/NetBeansProjects/seal.eidas.idp)
2020-04-01 13:54:29,798 INFO org.springframework.boot.SpringApplication [main] The following profiles are active: test
2020-04-01 13:54:30,734 INFO org.springframework.scheduling.concurrent.ExecutorConfigurationSupport [main] Initializing ExecutorService 'applicationTaskExecutor'
2020-04-01 13:54:31,167 INFO org.springframework.security.web.DefaultSecurityFilterChain [main] Creating filter chain: any request, [org.springframework.security.web.context.request.async.WebAsyncManagerIntegrationFilter@26d40c77, org.springframework.security.web.context.SecurityContextPersistenceFilter@1b3bec6c, org.springframework.security.web.header.HeaderWriterFilter@2e2b9f53, org.springframework.security.web.csrf.CsrfFilter@6ef037e4, org.springframework.security.web.authentication.logout.LogoutFilter@22fb9a2c, org.springframework.security.oauth2.client.web.OAuth2AuthorizationRequestRedirectFilter@819fb19, org.springframework.security.oauth2.client.web.OAuth2AuthorizationRequestRedirectFilter@46d1b59, org.springframework.security.oauth2.client.web.OAuth2LoginAuthenticationFilter@61d2f267, org.springframework.security.web.authentication.ui.DefaultLoginPageGeneratingFilter@8b670c0, org.springframework.security.web.authentication.ui.DefaultLogoutPageGeneratingFilter@85ab964, org.springframework.security.web.savedrequest.RequestCacheAwareFilter@53f7a906, org.springframework.security.web.servletapi.SecurityContextHolderAwareRequestFilter@2154652c, org.springframework.security.web.authentication.AnonymousAuthenticationFilter@6481dce5, org.springframework.security.oauth2.client.web.OAuth2AuthorizationCodeGrantFilter@782ac148, org.springframework.security.web.session.SessionManagementFilter@749baa0c, org.springframework.security.web.access.ExceptionTranslationFilter@79d63a4f, org.springframework.security.web.access.intercept.FilterSecurityInterceptor@54463380]
2020-04-01 13:54:31,328 INFO org.springframework.boot.StartupInfoLogger [main] Started LoginWebAppApplicationTests in 1.567 seconds (JVM running for 9.667)
2020-04-01 13:54:31,369 INFO org.springframework.scheduling.concurrent.ExecutorConfigurationSupport [SpringContextShutdownHook] Shutting down ExecutorService 'applicationTaskExecutor'
2020-04-01 13:54:31,369 INFO org.springframework.scheduling.concurrent.ExecutorConfigurationSupport [SpringContextShutdownHook] Shutting down ExecutorService 'applicationTaskExecutor'
2020-04-01 13:57:41,706 INFO org.springframework.boot.StartupInfoLogger [main] Starting LoginWebAppApplication on nikos with PID 15372 (/home/nikos/NetBeansProjects/seal.eidas.idp/target/classes started by nikos in /home/nikos/NetBeansProjects/seal.eidas.idp)
2020-04-01 13:57:41,710 INFO org.springframework.boot.SpringApplication [main] No active profile set, falling back to default profiles: default
2020-04-01 13:57:43,944 INFO org.springframework.boot.web.embedded.tomcat.TomcatWebServer [main] Tomcat initialized with port(s): 8080 (http)
2020-04-01 13:57:43,960 INFO org.apache.juli.logging.DirectJDKLog [main] Initializing ProtocolHandler ["http-nio-8080"]
2020-04-01 13:57:43,961 INFO org.apache.juli.logging.DirectJDKLog [main] Starting service [Tomcat]
2020-04-01 13:57:43,962 INFO org.apache.juli.logging.DirectJDKLog [main] Starting Servlet engine: [Apache Tomcat/9.0.29]
2020-04-01 13:57:44,060 INFO org.apache.juli.logging.DirectJDKLog [main] Initializing Spring embedded WebApplicationContext
2020-04-01 13:57:44,061 INFO org.springframework.boot.web.servlet.context.ServletWebServerApplicationContext [main] Root WebApplicationContext: initialization completed in 2212 ms
2020-04-01 13:57:45,523 INFO org.eclipse.jetty.util.log.Log [main] Logging initialized @5902ms to org.eclipse.jetty.util.log.Slf4jLog
2020-04-01 13:57:45,920 INFO org.springframework.scheduling.concurrent.ExecutorConfigurationSupport [main] Initializing ExecutorService 'applicationTaskExecutor'
2020-04-01 13:57:46,697 INFO org.springframework.security.web.DefaultSecurityFilterChain [main] Creating filter chain: any request, [org.springframework.security.web.context.request.async.WebAsyncManagerIntegrationFilter@547aaa32, org.springframework.security.web.context.SecurityContextPersistenceFilter@12e5d3e1, org.springframework.security.web.header.HeaderWriterFilter@66f2ec1c, org.springframework.security.web.csrf.CsrfFilter@7493d937, org.springframework.security.web.authentication.logout.LogoutFilter@22fb9a2c, org.springframework.security.oauth2.client.web.OAuth2AuthorizationRequestRedirectFilter@7534785a, org.springframework.security.oauth2.client.web.OAuth2AuthorizationRequestRedirectFilter@4300e240, org.springframework.security.oauth2.client.web.OAuth2LoginAuthenticationFilter@5f409872, org.springframework.security.web.authentication.ui.DefaultLoginPageGeneratingFilter@38bc5ac0, org.springframework.security.web.authentication.ui.DefaultLogoutPageGeneratingFilter@472c9f88, org.springframework.security.web.savedrequest.RequestCacheAwareFilter@5ed31735, org.springframework.security.web.servletapi.SecurityContextHolderAwareRequestFilter@e2b3026, org.springframework.security.web.authentication.AnonymousAuthenticationFilter@37a67cf, org.springframework.security.oauth2.client.web.OAuth2AuthorizationCodeGrantFilter@b5312df, org.springframework.security.web.session.SessionManagementFilter@b3fc6d8, org.springframework.security.web.access.ExceptionTranslationFilter@349f0ca4, org.springframework.security.web.access.intercept.FilterSecurityInterceptor@2565a7d0]
2020-04-01 13:57:46,765 INFO org.apache.juli.logging.DirectJDKLog [main] Starting ProtocolHandler ["http-nio-8080"]
2020-04-01 13:57:46,818 INFO org.springframework.boot.web.embedded.tomcat.TomcatWebServer [main] Tomcat started on port(s): 8080 (http) with context path '/eidas-idp'
2020-04-01 13:57:46,831 INFO org.springframework.boot.StartupInfoLogger [main] Started LoginWebAppApplication in 5.914 seconds (JVM running for 7.212)
2020-04-01 13:58:07,088 INFO org.springframework.boot.StartupInfoLogger [main] Starting TestSessisonManagerConnection on nikos with PID 15454 (started by nikos in /home/nikos/NetBeansProjects/seal.eidas.idp)
2020-04-01 13:58:07,095 INFO org.springframework.boot.SpringApplication [main] The following profiles are active: test
2020-04-01 13:58:10,669 INFO org.eclipse.jetty.util.log.Log [main] Logging initialized @5856ms to org.eclipse.jetty.util.log.Slf4jLog
2020-04-01 13:58:11,663 INFO org.springframework.scheduling.concurrent.ExecutorConfigurationSupport [main] Initializing ExecutorService 'applicationTaskExecutor'
2020-04-01 13:58:12,410 INFO org.springframework.security.web.DefaultSecurityFilterChain [main] Creating filter chain: any request, [org.springframework.security.web.context.request.async.WebAsyncManagerIntegrationFilter@251c8145, org.springframework.security.web.context.SecurityContextPersistenceFilter@296edc75, org.springframework.security.web.header.HeaderWriterFilter@fbe70d8, org.springframework.security.web.csrf.CsrfFilter@696b52bc, org.springframework.security.web.authentication.logout.LogoutFilter@426131d7, org.springframework.security.oauth2.client.web.OAuth2AuthorizationRequestRedirectFilter@4a50c746, org.springframework.security.oauth2.client.web.OAuth2AuthorizationRequestRedirectFilter@4966bab1, org.springframework.security.oauth2.client.web.OAuth2LoginAuthenticationFilter@26e8ff8c, org.springframework.security.web.authentication.ui.DefaultLoginPageGeneratingFilter@1e00bfe2, org.springframework.security.web.authentication.ui.DefaultLogoutPageGeneratingFilter@17c0274c, org.springframework.security.web.savedrequest.RequestCacheAwareFilter@7aea704c, org.springframework.security.web.servletapi.SecurityContextHolderAwareRequestFilter@6a98f353, org.springframework.security.web.authentication.AnonymousAuthenticationFilter@7abeabe9, org.springframework.security.oauth2.client.web.OAuth2AuthorizationCodeGrantFilter@38e83838, org.springframework.security.web.session.SessionManagementFilter@7d2c345d, org.springframework.security.web.access.ExceptionTranslationFilter@7d2c9361, org.springframework.security.web.access.intercept.FilterSecurityInterceptor@646cd766]
2020-04-01 13:58:12,562 INFO org.springframework.mock.web.MockServletContext [main] Initializing Spring TestDispatcherServlet ''
2020-04-01 13:58:12,563 INFO org.springframework.web.servlet.FrameworkServlet [main] Initializing Servlet ''
2020-04-01 13:58:12,585 INFO org.springframework.web.servlet.FrameworkServlet [main] Completed initialization in 21 ms
2020-04-01 13:58:12,628 INFO org.springframework.boot.StartupInfoLogger [main] Started TestSessisonManagerConnection in 6.407 seconds (JVM running for 7.816)
2020-04-01 13:58:14,195 INFO org.springframework.scheduling.concurrent.ExecutorConfigurationSupport [SpringContextShutdownHook] Shutting down ExecutorService 'applicationTaskExecutor'
2020-04-01 13:59:14,322 INFO org.apache.juli.logging.DirectJDKLog [http-nio-8080-exec-1] Initializing Spring DispatcherServlet 'dispatcherServlet'
2020-04-01 13:59:14,325 INFO org.springframework.web.servlet.FrameworkServlet [http-nio-8080-exec-1] Initializing Servlet 'dispatcherServlet'
2020-04-01 13:59:14,360 INFO org.springframework.web.servlet.FrameworkServlet [http-nio-8080-exec-1] Completed initialization in 33 ms
2020-04-01 13:59:14,475 INFO gr.uagean.loginWebApp.controllers.RestControllers [http-nio-8080-exec-1] got the token:eyJhbGciOiJSUzI1NiJ9.eyJzZXNzaW9uSWQiOiI3ZDlkYTUzZS1lMThhLTRmNWItYWZiZi02Yzk0NDg3N2E5NDgiLCJzZW5kZXIiOiJBQ01tczAwMSIsInJlY2VpdmVyIjoiQVBtczAwMyIsImlzcyI6IiIsImp0aSI6ImZjZTllNzVhLTRkMDUtNDM4NC05YmUyLTZjZjZmMmRlNTJlZSIsImlhdCI6MTU4NTczODY5NCwiZXhwIjoxNTg1NzM4OTk0fQ.hwb9qG4-783cj3O3xYJ3gLR5u1dPAN2amBpzboF6r3RyZXBGCqMnus07lPXcNVbu_naKbOOmaym6Ekisoo4pF-B2th9d-ks8eclazPiMHfzGeC-uUm2DQ-vnlOLf9K83YTdT9Sqzt2FNu4_X8iszlWOepysoexqk4LkiEnfNiNN4bxu1Alt2-fHcQ85QorwwUkjx1b7RgJlJ1qx2KHonMB4vf6hMhQgqOBRfVIHdBVuI1SSHYCZYVYNCs2i5I3jGAkaDOClzWbmrbkDWhMfwePZtTFfnKs3DDe4mwUUo2c4E2T9jUpCgH9WMfRaUPO4tcjuoAAeWjEGadN8d_2N9hg
2020-04-01 13:59:15,239 INFO gr.uagean.loginWebApp.controllers.RestControllers [http-nio-8080-exec-1] got the responseCode:OK
2020-04-01 13:59:15,241 INFO gr.uagean.loginWebApp.controllers.RestControllers [http-nio-8080-exec-1] will continue to redirect view:: sessionId7d9da53e-e18a-4f5b-afbf-6c944877a948
2020-04-01 13:59:44,029 INFO gr.uagean.loginWebApp.controllers.ProtectedControllers [http-nio-8080-exec-4] Reached protected endpoint with sessionId7d9da53e-e18a-4f5b-afbf-6c944877a948
2020-04-01 14:01:09,517 INFO gr.uagean.loginWebApp.controllers.ProtectedControllers [http-nio-8080-exec-4] tried to retrieve session for 7d9da53e-e18a-4f5b-afbf-6c944877a948
2020-04-01 14:01:10,089 INFO gr.uagean.loginWebApp.controllers.ProtectedControllers [http-nio-8080-exec-4] getSession OK
2020-04-01 14:01:12,688 INFO gr.uagean.loginWebApp.controllers.ProtectedControllers [http-nio-8080-exec-4] the callbackUrl for sessionId 7d9da53e-e18a-4f5b-afbf-6c944877a948is https://www.test.com/callback!!!!!!!!!!!!
2020-04-01 14:02:09,078 INFO org.springframework.boot.StartupInfoLogger [main] Starting TestSessisonManagerConnection on nikos with PID 15773 (started by nikos in /home/nikos/NetBeansProjects/seal.eidas.idp)
2020-04-01 14:02:09,080 INFO org.springframework.boot.SpringApplication [main] The following profiles are active: test
2020-04-01 14:02:13,923 INFO org.eclipse.jetty.util.log.Log [main] Logging initialized @7092ms to org.eclipse.jetty.util.log.Slf4jLog
2020-04-01 14:02:14,653 INFO org.springframework.scheduling.concurrent.ExecutorConfigurationSupport [main] Initializing ExecutorService 'applicationTaskExecutor'
2020-04-01 14:02:15,383 INFO org.springframework.security.web.DefaultSecurityFilterChain [main] Creating filter chain: any request, [org.springframework.security.web.context.request.async.WebAsyncManagerIntegrationFilter@9408857, org.springframework.security.web.context.SecurityContextPersistenceFilter@45c80312, org.springframework.security.web.header.HeaderWriterFilter@284990de, org.springframework.security.web.csrf.CsrfFilter@703e8050, org.springframework.security.web.authentication.logout.LogoutFilter@404ced67, org.springframework.security.oauth2.client.web.OAuth2AuthorizationRequestRedirectFilter@458031da, org.springframework.security.oauth2.client.web.OAuth2AuthorizationRequestRedirectFilter@6af87130, org.springframework.security.oauth2.client.web.OAuth2LoginAuthenticationFilter@1e495414, org.springframework.security.web.authentication.ui.DefaultLoginPageGeneratingFilter@7ceb6c45, org.springframework.security.web.authentication.ui.DefaultLogoutPageGeneratingFilter@27e44e9c, org.springframework.security.web.savedrequest.RequestCacheAwareFilter@377dfb8d, org.springframework.security.web.servletapi.SecurityContextHolderAwareRequestFilter@561f9d92, org.springframework.security.web.authentication.AnonymousAuthenticationFilter@2f09e6b2, org.springframework.security.oauth2.client.web.OAuth2AuthorizationCodeGrantFilter@289f15e9, org.springframework.security.web.session.SessionManagementFilter@6aea99e7, org.springframework.security.web.access.ExceptionTranslationFilter@1e2445f6, org.springframework.security.web.access.intercept.FilterSecurityInterceptor@11c581a0]
2020-04-01 14:02:15,518 INFO org.springframework.mock.web.MockServletContext [main] Initializing Spring TestDispatcherServlet ''
2020-04-01 14:02:15,519 INFO org.springframework.web.servlet.FrameworkServlet [main] Initializing Servlet ''
2020-04-01 14:02:15,535 INFO org.springframework.web.servlet.FrameworkServlet [main] Completed initialization in 16 ms
2020-04-01 14:02:15,563 INFO org.springframework.boot.StartupInfoLogger [main] Started TestSessisonManagerConnection in 7.088 seconds (JVM running for 8.734)
2020-04-01 14:02:19,686 INFO gr.uagean.loginWebApp.utils.NoResponseParser [main] Response from Norway::{
    "sub": "6f71b1d9-8f43-4761-9ad0-43976c3f602c",
    "connect-userid_sec": [
        "eidas:SE/NO/199008199391"
    ],
    "dataporten-userid_sec": [
        "eidas:SE/NO/199008199391"
    ],
    "name": "Mohamed Al Samed",
    "picture": "https://api.dataporten-test.uninett.no/userinfo/v1/user/media/p:442f87ff-7311-448f-85ce-fb55aff78120"
}
2020-04-01 14:02:19,689 INFO gr.uagean.loginWebApp.utils.NoResponseParser [main] Response from Norway::{
    "user": {
        "userid_sec": [
            "eidas:EE/NO/49311086012"
        ],
        "userid": "e91a6752-999e-4f98-938d-1b2a34891173",
        "name": "TRIIN PUUSAAR",
        "profilephoto": "p:c048174c-056b-432c-adb8-2b0c5cff1fc9"
    },
    "audience": "843a3f7b-1575-467f-a696-00efff753076"
}
2020-04-01 14:02:19,749 INFO org.springframework.boot.StartupInfoLogger [main] Starting LoginWebAppApplicationTests on nikos with PID 15773 (started by nikos in /home/nikos/NetBeansProjects/seal.eidas.idp)
2020-04-01 14:02:19,750 INFO org.springframework.boot.SpringApplication [main] The following profiles are active: test
2020-04-01 14:02:20,436 INFO org.springframework.scheduling.concurrent.ExecutorConfigurationSupport [main] Initializing ExecutorService 'applicationTaskExecutor'
2020-04-01 14:02:20,812 INFO org.springframework.security.web.DefaultSecurityFilterChain [main] Creating filter chain: any request, [org.springframework.security.web.context.request.async.WebAsyncManagerIntegrationFilter@6481dce5, org.springframework.security.web.context.SecurityContextPersistenceFilter@2154652c, org.springframework.security.web.header.HeaderWriterFilter@1b3bec6c, org.springframework.security.web.csrf.CsrfFilter@2e2b9f53, org.springframework.security.web.authentication.logout.LogoutFilter@1b8fa2fa, org.springframework.security.oauth2.client.web.OAuth2AuthorizationRequestRedirectFilter@46d1b59, org.springframework.security.oauth2.client.web.OAuth2AuthorizationRequestRedirectFilter@26d40c77, org.springframework.security.oauth2.client.web.OAuth2LoginAuthenticationFilter@85ab964, org.springframework.security.web.authentication.ui.DefaultLoginPageGeneratingFilter@22fb9a2c, org.springframework.security.web.authentication.ui.DefaultLogoutPageGeneratingFilter@12365bd8, org.springframework.security.web.savedrequest.RequestCacheAwareFilter@8b670c0, org.springframework.security.web.servletapi.SecurityContextHolderAwareRequestFilter@4c2ab536, org.springframework.security.web.authentication.AnonymousAuthenticationFilter@14874a5d, org.springframework.security.oauth2.client.web.OAuth2AuthorizationCodeGrantFilter@61d2f267, org.springframework.security.web.session.SessionManagementFilter@53f7a906, org.springframework.security.web.access.ExceptionTranslationFilter@749baa0c, org.springframework.security.web.access.intercept.FilterSecurityInterceptor@782ac148]
2020-04-01 14:02:20,870 INFO org.springframework.boot.StartupInfoLogger [main] Started LoginWebAppApplicationTests in 1.177 seconds (JVM running for 14.04)
2020-04-01 14:02:20,900 INFO org.springframework.scheduling.concurrent.ExecutorConfigurationSupport [SpringContextShutdownHook] Shutting down ExecutorService 'applicationTaskExecutor'
2020-04-01 14:02:20,900 INFO org.springframework.scheduling.concurrent.ExecutorConfigurationSupport [SpringContextShutdownHook] Shutting down ExecutorService 'applicationTaskExecutor'
2020-04-01 14:05:39,162 INFO org.springframework.boot.StartupInfoLogger [main] Starting TestSessisonManagerConnection on nikos with PID 16099 (started by nikos in /home/nikos/NetBeansProjects/seal.eidas.idp)
2020-04-01 14:05:39,165 INFO org.springframework.boot.SpringApplication [main] The following profiles are active: test
2020-04-01 14:05:42,266 INFO org.eclipse.jetty.util.log.Log [main] Logging initialized @4891ms to org.eclipse.jetty.util.log.Slf4jLog
2020-04-01 14:05:42,959 INFO org.springframework.scheduling.concurrent.ExecutorConfigurationSupport [main] Initializing ExecutorService 'applicationTaskExecutor'
2020-04-01 14:05:43,647 INFO org.springframework.security.web.DefaultSecurityFilterChain [main] Creating filter chain: any request, [org.springframework.security.web.context.request.async.WebAsyncManagerIntegrationFilter@7e5efcab, org.springframework.security.web.context.SecurityContextPersistenceFilter@2dd63e3, org.springframework.security.web.header.HeaderWriterFilter@6d0290d8, org.springframework.security.web.csrf.CsrfFilter@7fef0b40, org.springframework.security.web.authentication.logout.LogoutFilter@525647f3, org.springframework.security.oauth2.client.web.OAuth2AuthorizationRequestRedirectFilter@39832280, org.springframework.security.oauth2.client.web.OAuth2AuthorizationRequestRedirectFilter@251c8145, org.springframework.security.oauth2.client.web.OAuth2LoginAuthenticationFilter@5a05dd30, org.springframework.security.web.authentication.ui.DefaultLoginPageGeneratingFilter@784d9bc, org.springframework.security.web.authentication.ui.DefaultLogoutPageGeneratingFilter@5a4dda2, org.springframework.security.web.savedrequest.RequestCacheAwareFilter@209f3887, org.springframework.security.web.servletapi.SecurityContextHolderAwareRequestFilter@3e28d779, org.springframework.security.web.authentication.AnonymousAuthenticationFilter@1d2fb82, org.springframework.security.oauth2.client.web.OAuth2AuthorizationCodeGrantFilter@25791d40, org.springframework.security.web.session.SessionManagementFilter@632383b9, org.springframework.security.web.access.ExceptionTranslationFilter@357c9bd9, org.springframework.security.web.access.intercept.FilterSecurityInterceptor@764a3e5d]
2020-04-01 14:05:43,773 INFO org.springframework.mock.web.MockServletContext [main] Initializing Spring TestDispatcherServlet ''
2020-04-01 14:05:43,774 INFO org.springframework.web.servlet.FrameworkServlet [main] Initializing Servlet ''
2020-04-01 14:05:43,785 INFO org.springframework.web.servlet.FrameworkServlet [main] Completed initialization in 11 ms
2020-04-01 14:05:43,809 INFO org.springframework.boot.StartupInfoLogger [main] Started TestSessisonManagerConnection in 5.29 seconds (JVM running for 6.434)
2020-04-01 14:05:45,551 INFO org.springframework.scheduling.concurrent.ExecutorConfigurationSupport [SpringContextShutdownHook] Shutting down ExecutorService 'applicationTaskExecutor'
2020-04-01 14:06:08,327 INFO org.springframework.boot.StartupInfoLogger [main] Starting LoginWebAppApplication on nikos with PID 16176 (/home/nikos/NetBeansProjects/seal.eidas.idp/target/classes started by nikos in /home/nikos/NetBeansProjects/seal.eidas.idp)
2020-04-01 14:06:08,334 INFO org.springframework.boot.SpringApplication [main] No active profile set, falling back to default profiles: default
2020-04-01 14:06:10,914 INFO org.springframework.boot.web.embedded.tomcat.TomcatWebServer [main] Tomcat initialized with port(s): 8080 (http)
2020-04-01 14:06:10,934 INFO org.apache.juli.logging.DirectJDKLog [main] Initializing ProtocolHandler ["http-nio-8080"]
2020-04-01 14:06:10,935 INFO org.apache.juli.logging.DirectJDKLog [main] Starting service [Tomcat]
2020-04-01 14:06:10,936 INFO org.apache.juli.logging.DirectJDKLog [main] Starting Servlet engine: [Apache Tomcat/9.0.29]
2020-04-01 14:06:11,056 INFO org.apache.juli.logging.DirectJDKLog [main] Initializing Spring embedded WebApplicationContext
2020-04-01 14:06:11,057 INFO org.springframework.boot.web.servlet.context.ServletWebServerApplicationContext [main] Root WebApplicationContext: initialization completed in 2593 ms
2020-04-01 14:06:12,422 INFO org.eclipse.jetty.util.log.Log [main] Logging initialized @5453ms to org.eclipse.jetty.util.log.Slf4jLog
2020-04-01 14:06:12,930 INFO org.springframework.scheduling.concurrent.ExecutorConfigurationSupport [main] Initializing ExecutorService 'applicationTaskExecutor'
2020-04-01 14:06:13,432 INFO org.springframework.security.web.DefaultSecurityFilterChain [main] Creating filter chain: any request, [org.springframework.security.web.context.request.async.WebAsyncManagerIntegrationFilter@2120bed, org.springframework.security.web.context.SecurityContextPersistenceFilter@2c579202, org.springframework.security.web.header.HeaderWriterFilter@2b9e69fb, org.springframework.security.web.csrf.CsrfFilter@75ad30c1, org.springframework.security.web.authentication.logout.LogoutFilter@2c2e3460, org.springframework.security.oauth2.client.web.OAuth2AuthorizationRequestRedirectFilter@19105a87, org.springframework.security.oauth2.client.web.OAuth2AuthorizationRequestRedirectFilter@28bf82d9, org.springframework.security.oauth2.client.web.OAuth2LoginAuthenticationFilter@44ccd75c, org.springframework.security.web.authentication.ui.DefaultLoginPageGeneratingFilter@59a09be, org.springframework.security.web.authentication.ui.DefaultLogoutPageGeneratingFilter@566fe83c, org.springframework.security.web.savedrequest.RequestCacheAwareFilter@49ced9c7, org.springframework.security.web.servletapi.SecurityContextHolderAwareRequestFilter@23ea8830, org.springframework.security.web.authentication.AnonymousAuthenticationFilter@743bb39a, org.springframework.security.oauth2.client.web.OAuth2AuthorizationCodeGrantFilter@22b82ddf, org.springframework.security.web.session.SessionManagementFilter@19bfbe28, org.springframework.security.web.access.ExceptionTranslationFilter@3babcaed, org.springframework.security.web.access.intercept.FilterSecurityInterceptor@5ce3409b]
2020-04-01 14:06:13,496 INFO org.apache.juli.logging.DirectJDKLog [main] Starting ProtocolHandler ["http-nio-8080"]
2020-04-01 14:06:13,553 INFO org.springframework.boot.web.embedded.tomcat.TomcatWebServer [main] Tomcat started on port(s): 8080 (http) with context path '/eidas-idp'
2020-04-01 14:06:13,558 INFO org.springframework.boot.StartupInfoLogger [main] Started LoginWebAppApplication in 5.969 seconds (JVM running for 6.592)
2020-04-01 14:06:38,414 INFO org.apache.juli.logging.DirectJDKLog [http-nio-8080-exec-2] Initializing Spring DispatcherServlet 'dispatcherServlet'
2020-04-01 14:06:38,415 INFO org.springframework.web.servlet.FrameworkServlet [http-nio-8080-exec-2] Initializing Servlet 'dispatcherServlet'
2020-04-01 14:06:38,432 INFO org.springframework.web.servlet.FrameworkServlet [http-nio-8080-exec-2] Completed initialization in 17 ms
2020-04-01 14:06:38,525 INFO gr.uagean.loginWebApp.controllers.RestControllers [http-nio-8080-exec-2] got the token:eyJhbGciOiJSUzI1NiJ9.eyJzZXNzaW9uSWQiOiI3OTgxZTA2NC1mNGI1LTQ0ZjktYWNiOS00ZTVjNmY1MzFkZmMiLCJzZW5kZXIiOiJBQ01tczAwMSIsInJlY2VpdmVyIjoiQVBtczAwMyIsImlzcyI6IiIsImp0aSI6ImEzNjQ2NDY3LTRhNWMtNGNkOS1hNjU3LTkzYmY4YWQ2OTQwYiIsImlhdCI6MTU4NTczOTE0NSwiZXhwIjoxNTg1NzM5NDQ1fQ.SwUWRsX262bjw-D4CPfbb7qzAGQl-3FFoe9Uer3A6xRTUMe-N-4ItdLljHgEbV21EIiyCP06l5-hIn2QX8kVj191ISNnIVOgjf-Nz2yNGEdSlSqxZs73PfJuWOtJoaC_tDuj-9l2wFVhZAQPAp8kMSUtlRzcmkUieqmEP04XfFR0GMcfgSQcJtnerJIbatPonI7sTE6o5ZLpc5HiDGK02HQcQRu0jQ8mABCZIxETpfgvdIEYEiHDYSgBFsyOEXxiK_X8J1RPQ3K6IYKA-vcDZl4j4nXvccVculvrAAZiLgVN3zq3Ex-RzuF9Yyuqv7yC1RZhGoY-ZOn3TuDtpZ9CmQ
2020-04-01 14:06:39,163 INFO gr.uagean.loginWebApp.controllers.RestControllers [http-nio-8080-exec-2] got the responseCode:OK
2020-04-01 14:06:39,163 INFO gr.uagean.loginWebApp.controllers.RestControllers [http-nio-8080-exec-2] will continue to redirect view:: sessionId7981e064-f4b5-44f9-acb9-4e5c6f531dfc
2020-04-01 14:06:41,869 INFO gr.uagean.loginWebApp.controllers.ProtectedControllers [http-nio-8080-exec-5] Reached protected endpoint with sessionId7981e064-f4b5-44f9-acb9-4e5c6f531dfc
2020-04-01 14:09:41,792 INFO org.springframework.boot.StartupInfoLogger [main] Starting TestSessisonManagerConnection on nikos with PID 16450 (started by nikos in /home/nikos/NetBeansProjects/seal.eidas.idp)
2020-04-01 14:09:41,795 INFO org.springframework.boot.SpringApplication [main] The following profiles are active: test
2020-04-01 14:09:45,547 INFO org.eclipse.jetty.util.log.Log [main] Logging initialized @5475ms to org.eclipse.jetty.util.log.Slf4jLog
2020-04-01 14:09:46,299 INFO org.springframework.scheduling.concurrent.ExecutorConfigurationSupport [main] Initializing ExecutorService 'applicationTaskExecutor'
2020-04-01 14:09:47,237 INFO org.springframework.security.web.DefaultSecurityFilterChain [main] Creating filter chain: any request, [org.springframework.security.web.context.request.async.WebAsyncManagerIntegrationFilter@7abeabe9, org.springframework.security.web.context.SecurityContextPersistenceFilter@7aea704c, org.springframework.security.web.header.HeaderWriterFilter@7d2c345d, org.springframework.security.web.csrf.CsrfFilter@4f081b5d, org.springframework.security.web.authentication.logout.LogoutFilter@7c7e73c5, org.springframework.security.oauth2.client.web.OAuth2AuthorizationRequestRedirectFilter@79ecc507, org.springframework.security.oauth2.client.web.OAuth2AuthorizationRequestRedirectFilter@6df4af5, org.springframework.security.oauth2.client.web.OAuth2LoginAuthenticationFilter@590d6c76, org.springframework.security.web.authentication.ui.DefaultLoginPageGeneratingFilter@6a2d867d, org.springframework.security.web.authentication.ui.DefaultLogoutPageGeneratingFilter@5a05dd30, org.springframework.security.web.savedrequest.RequestCacheAwareFilter@32507479, org.springframework.security.web.servletapi.SecurityContextHolderAwareRequestFilter@1e00bfe2, org.springframework.security.web.authentication.AnonymousAuthenticationFilter@1b52699c, org.springframework.security.oauth2.client.web.OAuth2AuthorizationCodeGrantFilter@4966bab1, org.springframework.security.web.session.SessionManagementFilter@5db948c9, org.springframework.security.web.access.ExceptionTranslationFilter@fbe70d8, org.springframework.security.web.access.intercept.FilterSecurityInterceptor@26457986]
2020-04-01 14:09:47,335 INFO org.springframework.mock.web.MockServletContext [main] Initializing Spring TestDispatcherServlet ''
2020-04-01 14:09:47,336 INFO org.springframework.web.servlet.FrameworkServlet [main] Initializing Servlet ''
2020-04-01 14:09:47,348 INFO org.springframework.web.servlet.FrameworkServlet [main] Completed initialization in 12 ms
2020-04-01 14:09:47,375 INFO org.springframework.boot.StartupInfoLogger [main] Started TestSessisonManagerConnection in 6.162 seconds (JVM running for 7.305)
2020-04-01 14:09:48,980 INFO org.springframework.scheduling.concurrent.ExecutorConfigurationSupport [SpringContextShutdownHook] Shutting down ExecutorService 'applicationTaskExecutor'
2020-04-01 14:10:45,113 INFO org.springframework.boot.StartupInfoLogger [main] Starting LoginWebAppApplication on nikos with PID 16574 (/home/nikos/NetBeansProjects/seal.eidas.idp/target/classes started by nikos in /home/nikos/NetBeansProjects/seal.eidas.idp)
2020-04-01 14:10:45,120 INFO org.springframework.boot.SpringApplication [main] No active profile set, falling back to default profiles: default
2020-04-01 14:10:50,779 INFO org.springframework.boot.web.embedded.tomcat.TomcatWebServer [main] Tomcat initialized with port(s): 8080 (http)
2020-04-01 14:10:50,791 INFO org.apache.juli.logging.DirectJDKLog [main] Initializing ProtocolHandler ["http-nio-8080"]
2020-04-01 14:10:50,792 INFO org.apache.juli.logging.DirectJDKLog [main] Starting service [Tomcat]
2020-04-01 14:10:50,793 INFO org.apache.juli.logging.DirectJDKLog [main] Starting Servlet engine: [Apache Tomcat/9.0.29]
2020-04-01 14:10:50,877 INFO org.apache.juli.logging.DirectJDKLog [main] Initializing Spring embedded WebApplicationContext
2020-04-01 14:10:50,877 INFO org.springframework.boot.web.servlet.context.ServletWebServerApplicationContext [main] Root WebApplicationContext: initialization completed in 5515 ms
2020-04-01 14:10:53,245 INFO org.eclipse.jetty.util.log.Log [main] Logging initialized @14649ms to org.eclipse.jetty.util.log.Slf4jLog
2020-04-01 14:10:53,835 INFO org.springframework.scheduling.concurrent.ExecutorConfigurationSupport [main] Initializing ExecutorService 'applicationTaskExecutor'
2020-04-01 14:10:54,747 INFO org.springframework.security.web.DefaultSecurityFilterChain [main] Creating filter chain: any request, [org.springframework.security.web.context.request.async.WebAsyncManagerIntegrationFilter@639cb788, org.springframework.security.web.context.SecurityContextPersistenceFilter@2de3b052, org.springframework.security.web.header.HeaderWriterFilter@566fe83c, org.springframework.security.web.csrf.CsrfFilter@750cd36d, org.springframework.security.web.authentication.logout.LogoutFilter@54f2df29, org.springframework.security.oauth2.client.web.OAuth2AuthorizationRequestRedirectFilter@6e068ac9, org.springframework.security.oauth2.client.web.OAuth2AuthorizationRequestRedirectFilter@76828577, org.springframework.security.oauth2.client.web.OAuth2LoginAuthenticationFilter@38732372, org.springframework.security.web.authentication.ui.DefaultLoginPageGeneratingFilter@38089dae, org.springframework.security.web.authentication.ui.DefaultLogoutPageGeneratingFilter@2fee69a1, org.springframework.security.web.savedrequest.RequestCacheAwareFilter@3f3c8b60, org.springframework.security.web.servletapi.SecurityContextHolderAwareRequestFilter@99c4993, org.springframework.security.web.authentication.AnonymousAuthenticationFilter@4d25f816, org.springframework.security.oauth2.client.web.OAuth2AuthorizationCodeGrantFilter@36df4c26, org.springframework.security.web.session.SessionManagementFilter@743bb39a, org.springframework.security.web.access.ExceptionTranslationFilter@2120bed, org.springframework.security.web.access.intercept.FilterSecurityInterceptor@7af0d91b]
2020-04-01 14:10:54,855 INFO org.apache.juli.logging.DirectJDKLog [main] Starting ProtocolHandler ["http-nio-8080"]
2020-04-01 14:10:54,905 INFO org.springframework.boot.web.embedded.tomcat.TomcatWebServer [main] Tomcat started on port(s): 8080 (http) with context path '/eidas-idp'
2020-04-01 14:10:54,909 INFO org.springframework.boot.StartupInfoLogger [main] Started LoginWebAppApplication in 12.123 seconds (JVM running for 16.314)
2020-04-01 14:10:55,932 INFO org.apache.juli.logging.DirectJDKLog [http-nio-8080-exec-2] Initializing Spring DispatcherServlet 'dispatcherServlet'
2020-04-01 14:10:55,943 INFO org.springframework.web.servlet.FrameworkServlet [http-nio-8080-exec-2] Initializing Servlet 'dispatcherServlet'
2020-04-01 14:10:55,975 INFO org.springframework.web.servlet.FrameworkServlet [http-nio-8080-exec-2] Completed initialization in 31 ms
2020-04-01 14:10:56,125 INFO gr.uagean.loginWebApp.controllers.RestControllers [http-nio-8080-exec-2] got the token:eyJhbGciOiJSUzI1NiJ9.eyJzZXNzaW9uSWQiOiIzNTBjMzQ3Zi03OTAzLTRiZjctOTE2ZC01NDU0NWVlMTUxMTEiLCJzZW5kZXIiOiJBQ01tczAwMSIsInJlY2VpdmVyIjoiQVBtczAwMyIsImlzcyI6IiIsImp0aSI6IjU0ZDNmMmFlLTc0ZTktNDA4OC04Y2IxLTBhM2JkYTIzMGZkYyIsImlhdCI6MTU4NTczOTM4OCwiZXhwIjoxNTg1NzM5Njg4fQ.Uem0aHpX1ZRWvbIS72LisvbcTm5YQj7EXvxIOZtx7PyflNCtMqjG-s1Z8YRNZAnnBSiWuC298QoRo4WofABjupQWOzaKN_gpXN1WdWrCR3fKS-aMpUQVfbEJ73mAEFOQbFeFD3lpjVveREU3FreTN8ARZ6CVymZkq5Jreg_fT91fzKlnqnpDe547vNA967FCPxixe1S2dXcohoPijCdVPx4BBPNyA_kHQ07FkYxXckmbmbPo6EojsHlcDqNHDwhA1iU0XGeYQimL_PTunNU56dV6FjFQuNFa1qN0LXljvR4UeAhW9hoQ-fxfPx9uTYH2h2sF2aru-joAKaYKiojStw
2020-04-01 14:10:56,825 INFO gr.uagean.loginWebApp.controllers.RestControllers [http-nio-8080-exec-2] got the responseCode:OK
2020-04-01 14:10:56,826 INFO gr.uagean.loginWebApp.controllers.RestControllers [http-nio-8080-exec-2] will continue to redirect view:: sessionId350c347f-7903-4bf7-916d-54545ee15111
2020-04-01 14:10:58,227 WARN org.apache.juli.logging.DirectJDKLog [http-nio-8080-exec-2] Creation of SecureRandom instance for session ID generation using [SHA1PRNG] took [132] milliseconds.
2020-04-01 14:11:01,682 INFO gr.uagean.loginWebApp.controllers.ProtectedControllers [http-nio-8080-exec-6] Reached protected endpoint with sessionId350c347f-7903-4bf7-916d-54545ee15111
2020-04-01 14:11:24,462 INFO gr.uagean.loginWebApp.controllers.ProtectedControllers [http-nio-8080-exec-6] tried to retrieve session for 350c347f-7903-4bf7-916d-54545ee15111
2020-04-01 14:11:24,466 INFO gr.uagean.loginWebApp.controllers.ProtectedControllers [http-nio-8080-exec-6] getSession OK
2020-04-01 14:11:24,468 INFO gr.uagean.loginWebApp.controllers.ProtectedControllers [http-nio-8080-exec-6] the callbackUrl for sessionId 350c347f-7903-4bf7-916d-54545ee15111is https://www.test.com/callback!!!!!!!!!!!!
2020-04-01 14:11:24,952 INFO gr.uagean.loginWebApp.controllers.ProtectedControllers [http-nio-8080-exec-6] updateSessionData OK
2020-04-01 14:11:24,953 INFO gr.uagean.loginWebApp.controllers.ProtectedControllers [http-nio-8080-exec-6] session 350c347f-7903-4bf7-916d-54545ee15111 updated Session succesfully  with user attributes {"id":"544e72ea-b533-49be-87af-d7df57ffae5b","encryptedData":null,"signature":null,"signatureAlgorithm":null,"encryptionAlgorithm":null,"clearData":[{"id":"9b44b048-6293-4b89-8f3d-53fadfb603d7","types":"eIDAS","categories":null,"issuerId":"eIDAS","subjectId":null,"loa":null,"issued":"Wed, 1 Apr 2020 11:11:24 GMT","expiration":null,"attributes":[{"name":"http://eidas.europa.eu/attributes/naturalperson/CurrentFamilyName","friendlyName":"FamilyName","encoding":"UTF-8","language":"N/A","values":[", PALIOKOSTA"]},{"name":"http://eidas.europa.eu/attributes/naturalperson/CurrentGivenName","friendlyName":"GivenName","encoding":"UTF-8","language":"N/A","values":[", CHRISTINA , PALIOKOSTA"]},{"name":"http://eidas.europa.eu/attributes/naturalperson/DateOfBirth","friendlyName":"DateOfBirth","encoding":"UTF-8","language":"N/A","values":[", CHRISTINA , PALIOKOSTA"]},{"name":"http://eidas.europa.eu/attributes/naturalperson/PersonIdentifier","friendlyName":"PersonIdentifier","encoding":"UTF-8","language":"N/A","values":["eidas.gr/gr/ermis-58333947"]},{"name":"http://eidas.europa.eu/LoA","friendlyName":"LevelOfAssurance","encoding":"UTF-8","language":"N/A","values":["eidas.gr/gr/ermis-58333947"]}],"additionalProperties":null,"properties":null}]}
2020-04-01 14:11:24,955 INFO gr.uagean.loginWebApp.controllers.ProtectedControllers [http-nio-8080-exec-6] session 350c347f-7903-4bf7-916d-54545ee15111 updated succesfully with user attributes EidasUser{loa=nullprofileName=, CHRISTINA, eid=eidas.gr/gr/ermis-58333947, currentGivenName=, CHRISTINA , PALIOKOSTA, currentFamilyName=, PALIOKOSTA, personIdentifier=eidas.gr/gr/ermis-58333947, dateOfBirth=1980-01-01, gender=null}
2020-04-01 15:13:02,499 INFO org.springframework.boot.StartupInfoLogger [main] Starting TestSessisonManagerConnection on nikos with PID 18389 (started by nikos in /home/nikos/NetBeansProjects/seal.eidas.idp)
2020-04-01 15:13:02,501 INFO org.springframework.boot.SpringApplication [main] The following profiles are active: test
2020-04-01 15:13:07,179 INFO org.eclipse.jetty.util.log.Log [main] Logging initialized @7600ms to org.eclipse.jetty.util.log.Slf4jLog
2020-04-01 15:13:08,455 INFO org.springframework.scheduling.concurrent.ExecutorConfigurationSupport [main] Initializing ExecutorService 'applicationTaskExecutor'
2020-04-01 15:13:09,341 INFO org.springframework.security.web.DefaultSecurityFilterChain [main] Creating filter chain: any request, [org.springframework.security.web.context.request.async.WebAsyncManagerIntegrationFilter@1bee0085, org.springframework.security.web.context.SecurityContextPersistenceFilter@42a0786f, org.springframework.security.web.header.HeaderWriterFilter@1c6a0103, org.springframework.security.web.csrf.CsrfFilter@50e5032c, org.springframework.security.web.authentication.logout.LogoutFilter@624b3544, org.springframework.security.oauth2.client.web.OAuth2AuthorizationRequestRedirectFilter@463045fb, org.springframework.security.oauth2.client.web.OAuth2AuthorizationRequestRedirectFilter@1e495414, org.springframework.security.oauth2.client.web.OAuth2LoginAuthenticationFilter@646d810b, org.springframework.security.web.authentication.ui.DefaultLoginPageGeneratingFilter@723742b2, org.springframework.security.web.authentication.ui.DefaultLogoutPageGeneratingFilter@16e1219f, org.springframework.security.web.savedrequest.RequestCacheAwareFilter@203e705e, org.springframework.security.web.servletapi.SecurityContextHolderAwareRequestFilter@629075f4, org.springframework.security.web.authentication.AnonymousAuthenticationFilter@13f40d71, org.springframework.security.oauth2.client.web.OAuth2AuthorizationCodeGrantFilter@22a4ca4a, org.springframework.security.web.session.SessionManagementFilter@45c80312, org.springframework.security.web.access.ExceptionTranslationFilter@565d7d2f, org.springframework.security.web.access.intercept.FilterSecurityInterceptor@9b367c8]
2020-04-01 15:13:09,456 INFO org.springframework.mock.web.MockServletContext [main] Initializing Spring TestDispatcherServlet ''
2020-04-01 15:13:09,457 INFO org.springframework.web.servlet.FrameworkServlet [main] Initializing Servlet ''
2020-04-01 15:13:09,473 INFO org.springframework.web.servlet.FrameworkServlet [main] Completed initialization in 15 ms
2020-04-01 15:13:09,502 INFO org.springframework.boot.StartupInfoLogger [main] Started TestSessisonManagerConnection in 7.741 seconds (JVM running for 9.924)
2020-04-01 15:13:11,496 INFO gr.uagean.loginWebApp.utils.NoResponseParser [main] Response from Norway::{
    "sub": "6f71b1d9-8f43-4761-9ad0-43976c3f602c",
    "connect-userid_sec": [
        "eidas:SE/NO/199008199391"
    ],
    "dataporten-userid_sec": [
        "eidas:SE/NO/199008199391"
    ],
    "name": "Mohamed Al Samed",
    "picture": "https://api.dataporten-test.uninett.no/userinfo/v1/user/media/p:442f87ff-7311-448f-85ce-fb55aff78120"
}
2020-04-01 15:13:11,498 INFO gr.uagean.loginWebApp.utils.NoResponseParser [main] Response from Norway::{
    "user": {
        "userid_sec": [
            "eidas:EE/NO/49311086012"
        ],
        "userid": "e91a6752-999e-4f98-938d-1b2a34891173",
        "name": "TRIIN PUUSAAR",
        "profilephoto": "p:c048174c-056b-432c-adb8-2b0c5cff1fc9"
    },
    "audience": "843a3f7b-1575-467f-a696-00efff753076"
}
2020-04-01 15:13:11,588 INFO org.springframework.boot.StartupInfoLogger [main] Starting LoginWebAppApplicationTests on nikos with PID 18389 (started by nikos in /home/nikos/NetBeansProjects/seal.eidas.idp)
2020-04-01 15:13:11,588 INFO org.springframework.boot.SpringApplication [main] The following profiles are active: test
2020-04-01 15:13:12,431 INFO org.springframework.scheduling.concurrent.ExecutorConfigurationSupport [main] Initializing ExecutorService 'applicationTaskExecutor'
2020-04-01 15:13:12,847 INFO org.springframework.security.web.DefaultSecurityFilterChain [main] Creating filter chain: any request, [org.springframework.security.web.context.request.async.WebAsyncManagerIntegrationFilter@49cb5030, org.springframework.security.web.context.SecurityContextPersistenceFilter@22fb9a2c, org.springframework.security.web.header.HeaderWriterFilter@8b670c0, org.springframework.security.web.csrf.CsrfFilter@53f7a906, org.springframework.security.web.authentication.logout.LogoutFilter@7b7068d8, org.springframework.security.oauth2.client.web.OAuth2AuthorizationRequestRedirectFilter@85ab964, org.springframework.security.oauth2.client.web.OAuth2AuthorizationRequestRedirectFilter@12365bd8, org.springframework.security.oauth2.client.web.OAuth2LoginAuthenticationFilter@14874a5d, org.springframework.security.web.authentication.ui.DefaultLoginPageGeneratingFilter@21527b8, org.springframework.security.web.authentication.ui.DefaultLogoutPageGeneratingFilter@23c7cb18, org.springframework.security.web.savedrequest.RequestCacheAwareFilter@2084e65a, org.springframework.security.web.servletapi.SecurityContextHolderAwareRequestFilter@1b8fa2fa, org.springframework.security.web.authentication.AnonymousAuthenticationFilter@30fbc23, org.springframework.security.oauth2.client.web.OAuth2AuthorizationCodeGrantFilter@6481dce5, org.springframework.security.web.session.SessionManagementFilter@4c2ab536, org.springframework.security.web.access.ExceptionTranslationFilter@2154652c, org.springframework.security.web.access.intercept.FilterSecurityInterceptor@26d40c77]
2020-04-01 15:13:12,958 INFO org.springframework.boot.StartupInfoLogger [main] Started LoginWebAppApplicationTests in 1.452 seconds (JVM running for 13.38)
2020-04-01 15:13:13,007 INFO org.springframework.scheduling.concurrent.ExecutorConfigurationSupport [SpringContextShutdownHook] Shutting down ExecutorService 'applicationTaskExecutor'
2020-04-01 15:13:13,007 INFO org.springframework.scheduling.concurrent.ExecutorConfigurationSupport [SpringContextShutdownHook] Shutting down ExecutorService 'applicationTaskExecutor'
2020-04-01 15:13:45,445 INFO org.springframework.boot.StartupInfoLogger [main] Starting TestSessisonManagerConnection on nikos with PID 18492 (started by nikos in /home/nikos/NetBeansProjects/seal.eidas.idp)
2020-04-01 15:13:45,452 INFO org.springframework.boot.SpringApplication [main] The following profiles are active: test
2020-04-01 15:13:48,432 INFO org.eclipse.jetty.util.log.Log [main] Logging initialized @5184ms to org.eclipse.jetty.util.log.Slf4jLog
2020-04-01 15:13:49,507 INFO org.springframework.scheduling.concurrent.ExecutorConfigurationSupport [main] Initializing ExecutorService 'applicationTaskExecutor'
2020-04-01 15:13:50,764 INFO org.springframework.security.web.DefaultSecurityFilterChain [main] Creating filter chain: any request, [org.springframework.security.web.context.request.async.WebAsyncManagerIntegrationFilter@34f7b44f, org.springframework.security.web.context.SecurityContextPersistenceFilter@40c8067, org.springframework.security.web.header.HeaderWriterFilter@477523ba, org.springframework.security.web.csrf.CsrfFilter@4a22e4d7, org.springframework.security.web.authentication.logout.LogoutFilter@55a0f011, org.springframework.security.oauth2.client.web.OAuth2AuthorizationRequestRedirectFilter@6af87130, org.springframework.security.oauth2.client.web.OAuth2AuthorizationRequestRedirectFilter@27e44e9c, org.springframework.security.oauth2.client.web.OAuth2LoginAuthenticationFilter@16e1219f, org.springframework.security.web.authentication.ui.DefaultLoginPageGeneratingFilter@6e95973c, org.springframework.security.web.authentication.ui.DefaultLogoutPageGeneratingFilter@5403907, org.springframework.security.web.savedrequest.RequestCacheAwareFilter@561f9d92, org.springframework.security.web.servletapi.SecurityContextHolderAwareRequestFilter@78d92eef, org.springframework.security.web.authentication.AnonymousAuthenticationFilter@5175d9ad, org.springframework.security.oauth2.client.web.OAuth2AuthorizationCodeGrantFilter@30508066, org.springframework.security.web.session.SessionManagementFilter@78c74647, org.springframework.security.web.access.ExceptionTranslationFilter@377dfb8d, org.springframework.security.web.access.intercept.FilterSecurityInterceptor@87f501f]
2020-04-01 15:13:50,903 INFO org.springframework.mock.web.MockServletContext [main] Initializing Spring TestDispatcherServlet ''
2020-04-01 15:13:50,904 INFO org.springframework.web.servlet.FrameworkServlet [main] Initializing Servlet ''
2020-04-01 15:13:50,918 INFO org.springframework.web.servlet.FrameworkServlet [main] Completed initialization in 14 ms
2020-04-01 15:13:50,955 INFO org.springframework.boot.StartupInfoLogger [main] Started TestSessisonManagerConnection in 6.169 seconds (JVM running for 7.708)
2020-04-01 15:13:53,545 INFO gr.uagean.loginWebApp.utils.NoResponseParser [main] Response from Norway::{
    "sub": "6f71b1d9-8f43-4761-9ad0-43976c3f602c",
    "connect-userid_sec": [
        "eidas:SE/NO/199008199391"
    ],
    "dataporten-userid_sec": [
        "eidas:SE/NO/199008199391"
    ],
    "name": "Mohamed Al Samed",
    "picture": "https://api.dataporten-test.uninett.no/userinfo/v1/user/media/p:442f87ff-7311-448f-85ce-fb55aff78120"
}
2020-04-01 15:13:53,552 INFO gr.uagean.loginWebApp.utils.NoResponseParser [main] Response from Norway::{
    "user": {
        "userid_sec": [
            "eidas:EE/NO/49311086012"
        ],
        "userid": "e91a6752-999e-4f98-938d-1b2a34891173",
        "name": "TRIIN PUUSAAR",
        "profilephoto": "p:c048174c-056b-432c-adb8-2b0c5cff1fc9"
    },
    "audience": "843a3f7b-1575-467f-a696-00efff753076"
}
2020-04-01 15:13:53,592 INFO org.springframework.boot.StartupInfoLogger [main] Starting LoginWebAppApplicationTests on nikos with PID 18492 (started by nikos in /home/nikos/NetBeansProjects/seal.eidas.idp)
2020-04-01 15:13:53,592 INFO org.springframework.boot.SpringApplication [main] The following profiles are active: test
2020-04-01 15:13:54,425 INFO org.springframework.scheduling.concurrent.ExecutorConfigurationSupport [main] Initializing ExecutorService 'applicationTaskExecutor'
2020-04-01 15:13:54,857 INFO org.springframework.security.web.DefaultSecurityFilterChain [main] Creating filter chain: any request, [org.springframework.security.web.context.request.async.WebAsyncManagerIntegrationFilter@5d3f99d7, org.springframework.security.web.context.SecurityContextPersistenceFilter@1d8e9d3e, org.springframework.security.web.header.HeaderWriterFilter@7cc1f72c, org.springframework.security.web.csrf.CsrfFilter@1b8fa2fa, org.springframework.security.web.authentication.logout.LogoutFilter@819fb19, org.springframework.security.oauth2.client.web.OAuth2AuthorizationRequestRedirectFilter@30fbc23, org.springframework.security.oauth2.client.web.OAuth2AuthorizationRequestRedirectFilter@3e2d44f3, org.springframework.security.oauth2.client.web.OAuth2LoginAuthenticationFilter@23afc725, org.springframework.security.web.authentication.ui.DefaultLoginPageGeneratingFilter@3dc82e6a, org.springframework.security.web.authentication.ui.DefaultLogoutPageGeneratingFilter@561d88ee, org.springframework.security.web.savedrequest.RequestCacheAwareFilter@360d41d0, org.springframework.security.web.servletapi.SecurityContextHolderAwareRequestFilter@4586a8aa, org.springframework.security.web.authentication.AnonymousAuthenticationFilter@2c34402, org.springframework.security.oauth2.client.web.OAuth2AuthorizationCodeGrantFilter@2d74cbbd, org.springframework.security.web.session.SessionManagementFilter@7b7068d8, org.springframework.security.web.access.ExceptionTranslationFilter@21527b8, org.springframework.security.web.access.intercept.FilterSecurityInterceptor@23c7cb18]
2020-04-01 15:13:54,929 INFO org.springframework.boot.StartupInfoLogger [main] Started LoginWebAppApplicationTests in 1.374 seconds (JVM running for 11.683)
2020-04-01 15:13:54,981 INFO org.springframework.scheduling.concurrent.ExecutorConfigurationSupport [SpringContextShutdownHook] Shutting down ExecutorService 'applicationTaskExecutor'
2020-04-01 15:13:54,981 INFO org.springframework.scheduling.concurrent.ExecutorConfigurationSupport [SpringContextShutdownHook] Shutting down ExecutorService 'applicationTaskExecutor'
