2020-09-11 13:15:28,061 INFO org.springframework.boot.StartupInfoLogger [main] Starting TestSessisonManagerConnection on nikos with PID 58380 (started by nikos in /home/nikos/NetBeansProjects/seal.eidas.idp)
2020-09-11 13:15:28,064 INFO org.springframework.boot.SpringApplication [main] The following profiles are active: test
2020-09-11 13:15:30,948 INFO org.eclipse.jetty.util.log.Log [main] Logging initialized @4902ms to org.eclipse.jetty.util.log.Slf4jLog
2020-09-11 13:15:31,556 INFO org.springframework.scheduling.concurrent.ExecutorConfigurationSupport [main] Initializing ExecutorService 'applicationTaskExecutor'
2020-09-11 13:15:32,255 INFO org.springframework.security.web.DefaultSecurityFilterChain [main] Creating filter chain: any request, [org.springframework.security.web.context.request.async.WebAsyncManagerIntegrationFilter@73a845cb, org.springframework.security.web.context.SecurityContextPersistenceFilter@203e705e, org.springframework.security.web.header.HeaderWriterFilter@45c80312, org.springframework.security.web.csrf.CsrfFilter@124eb83d, org.springframework.security.web.authentication.logout.LogoutFilter@2c9fdb64, org.springframework.security.oauth2.client.web.OAuth2AuthorizationRequestRedirectFilter@6cc48a17, org.springframework.security.oauth2.client.web.OAuth2AuthorizationRequestRedirectFilter@646d810b, org.springframework.security.oauth2.client.web.OAuth2LoginAuthenticationFilter@27e44e9c, org.springframework.security.web.authentication.ui.DefaultLoginPageGeneratingFilter@34c76167, org.springframework.security.web.authentication.ui.DefaultLogoutPageGeneratingFilter@18a98913, org.springframework.security.web.savedrequest.RequestCacheAwareFilter@39652a30, org.springframework.security.web.servletapi.SecurityContextHolderAwareRequestFilter@723742b2, org.springframework.security.web.authentication.AnonymousAuthenticationFilter@7dbae40, org.springframework.security.oauth2.client.web.OAuth2AuthorizationCodeGrantFilter@3711c71c, org.springframework.security.web.session.SessionManagementFilter@377dfb8d, org.springframework.security.web.access.ExceptionTranslationFilter@1c6a0103, org.springframework.security.web.access.intercept.FilterSecurityInterceptor@1eb85a47]
2020-09-11 13:15:32,360 INFO org.springframework.mock.web.MockServletContext [main] Initializing Spring TestDispatcherServlet ''
2020-09-11 13:15:32,361 INFO org.springframework.web.servlet.FrameworkServlet [main] Initializing Servlet ''
2020-09-11 13:15:32,373 INFO org.springframework.web.servlet.FrameworkServlet [main] Completed initialization in 12 ms
2020-09-11 13:15:32,400 INFO org.springframework.boot.StartupInfoLogger [main] Started TestSessisonManagerConnection in 4.89 seconds (JVM running for 6.355)
2020-09-11 13:15:33,284 INFO gr.uagean.loginWebApp.service.impl.NetworkServiceImpl [main] sending request at http://vm.project-seal.eu:9090/sm/updateSessionData
2020-09-11 13:15:33,482 INFO gr.uagean.loginWebApp.service.impl.NetworkServiceImpl [main] sending request at http://vm.project-seal.eu:9090/sm/updateSessionData
2020-09-11 13:15:33,682 INFO gr.uagean.loginWebApp.service.impl.NetworkServiceImpl [main] sending request at http://vm.project-seal.eu:9090/sm/updateSessionData
2020-09-11 13:15:33,869 INFO gr.uagean.loginWebApp.service.impl.NetworkServiceImpl [main] sending request at http://vm.project-seal.eu:9090/sm/updateSessionData
2020-09-11 13:15:34,047 INFO gr.uagean.loginWebApp.service.impl.NetworkServiceImpl [main] sending request at http://vm.project-seal.eu:9090/sm/new/add
2020-09-11 13:15:34,574 INFO gr.uagean.loginWebApp.utils.NoResponseParser [main] Response from Norway::{
    "sub": "6f71b1d9-8f43-4761-9ad0-43976c3f602c",
    "connect-userid_sec": [
        "eidas:SE/NO/199008199391"
    ],
    "dataporten-userid_sec": [
        "eidas:SE/NO/199008199391"
    ],
    "name": "Mohamed Al Samed",
    "picture": "https://api.dataporten-test.uninett.no/userinfo/v1/user/media/p:442f87ff-7311-448f-85ce-fb55aff78120"
}
2020-09-11 13:15:34,599 INFO gr.uagean.loginWebApp.utils.NoResponseParser [main] Response from Norway::{
    "user": {
        "userid_sec": [
            "eidas:EE/NO/49311086012"
        ],
        "userid": "e91a6752-999e-4f98-938d-1b2a34891173",
        "name": "TRIIN PUUSAAR",
        "profilephoto": "p:c048174c-056b-432c-adb8-2b0c5cff1fc9"
    },
    "audience": "843a3f7b-1575-467f-a696-00efff753076"
}
2020-09-11 13:15:34,636 INFO org.springframework.boot.StartupInfoLogger [main] Starting LoginWebAppApplicationTests on nikos with PID 58380 (started by nikos in /home/nikos/NetBeansProjects/seal.eidas.idp)
2020-09-11 13:15:34,637 INFO org.springframework.boot.SpringApplication [main] The following profiles are active: test
2020-09-11 13:15:35,349 INFO org.springframework.scheduling.concurrent.ExecutorConfigurationSupport [main] Initializing ExecutorService 'applicationTaskExecutor'
2020-09-11 13:15:35,692 INFO org.springframework.security.web.DefaultSecurityFilterChain [main] Creating filter chain: any request, [org.springframework.security.web.context.request.async.WebAsyncManagerIntegrationFilter@561d88ee, org.springframework.security.web.context.SecurityContextPersistenceFilter@1d8e9d3e, org.springframework.security.web.header.HeaderWriterFilter@7cc1f72c, org.springframework.security.web.csrf.CsrfFilter@1b8fa2fa, org.springframework.security.web.authentication.logout.LogoutFilter@819fb19, org.springframework.security.oauth2.client.web.OAuth2AuthorizationRequestRedirectFilter@2d74cbbd, org.springframework.security.oauth2.client.web.OAuth2AuthorizationRequestRedirectFilter@23afc725, org.springframework.security.oauth2.client.web.OAuth2LoginAuthenticationFilter@5d3f99d7, org.springframework.security.web.authentication.ui.DefaultLoginPageGeneratingFilter@3dc82e6a, org.springframework.security.web.authentication.ui.DefaultLogoutPageGeneratingFilter@2c34402, org.springframework.security.web.savedrequest.RequestCacheAwareFilter@360d41d0, org.springframework.security.web.servletapi.SecurityContextHolderAwareRequestFilter@4586a8aa, org.springframework.security.web.authentication.AnonymousAuthenticationFilter@5f883d90, org.springframework.security.oauth2.client.web.OAuth2AuthorizationCodeGrantFilter@3e2d44f3, org.springframework.security.web.session.SessionManagementFilter@7b7068d8, org.springframework.security.web.access.ExceptionTranslationFilter@21527b8, org.springframework.security.web.access.intercept.FilterSecurityInterceptor@30fbc23]
2020-09-11 13:15:35,750 INFO org.springframework.boot.StartupInfoLogger [main] Started LoginWebAppApplicationTests in 1.148 seconds (JVM running for 9.706)
2020-09-11 13:15:35,780 INFO org.springframework.scheduling.concurrent.ExecutorConfigurationSupport [SpringContextShutdownHook] Shutting down ExecutorService 'applicationTaskExecutor'
2020-09-11 13:15:35,781 INFO org.springframework.scheduling.concurrent.ExecutorConfigurationSupport [SpringContextShutdownHook] Shutting down ExecutorService 'applicationTaskExecutor'
