2020-10-29 14:54:44,163 INFO org.springframework.boot.StartupInfoLogger [main] Starting TestSessisonManagerConnection on nikos with PID 82888 (started by nikos in /home/nikos/NetBeansProjects/seal.eidas.idp)
2020-10-29 14:54:44,166 INFO org.springframework.boot.SpringApplication [main] The following profiles are active: test
2020-10-29 14:54:46,946 INFO org.eclipse.jetty.util.log.Log [main] Logging initialized @4764ms to org.eclipse.jetty.util.log.Slf4jLog
2020-10-29 14:54:47,590 INFO org.springframework.scheduling.concurrent.ExecutorConfigurationSupport [main] Initializing ExecutorService 'applicationTaskExecutor'
2020-10-29 14:54:48,417 INFO org.springframework.security.web.DefaultSecurityFilterChain [main] Creating filter chain: any request, [org.springframework.security.web.context.request.async.WebAsyncManagerIntegrationFilter@6b2aafbc, org.springframework.security.web.context.SecurityContextPersistenceFilter@4409cae6, org.springframework.security.web.header.HeaderWriterFilter@5175d9ad, org.springframework.security.web.csrf.CsrfFilter@289f15e9, org.springframework.security.web.authentication.logout.LogoutFilter@2e0ad709, org.springframework.security.oauth2.client.web.OAuth2AuthorizationRequestRedirectFilter@7a3f08b6, org.springframework.security.oauth2.client.web.OAuth2AuthorizationRequestRedirectFilter@751d7425, org.springframework.security.oauth2.client.web.OAuth2LoginAuthenticationFilter@4d81e83a, org.springframework.security.web.authentication.ui.DefaultLoginPageGeneratingFilter@37ca3ca8, org.springframework.security.web.authentication.ui.DefaultLogoutPageGeneratingFilter@50cbcca7, org.springframework.security.web.savedrequest.RequestCacheAwareFilter@242ff747, org.springframework.security.web.servletapi.SecurityContextHolderAwareRequestFilter@7d50f2a8, org.springframework.security.web.authentication.AnonymousAuthenticationFilter@49491770, org.springframework.security.oauth2.client.web.OAuth2AuthorizationCodeGrantFilter@634e1b39, org.springframework.security.web.session.SessionManagementFilter@25a5c8e, org.springframework.security.web.access.ExceptionTranslationFilter@34f7b44f, org.springframework.security.web.access.intercept.FilterSecurityInterceptor@71166348]
2020-10-29 14:54:48,559 INFO org.springframework.mock.web.MockServletContext [main] Initializing Spring TestDispatcherServlet ''
2020-10-29 14:54:48,560 INFO org.springframework.web.servlet.FrameworkServlet [main] Initializing Servlet ''
2020-10-29 14:54:48,577 INFO org.springframework.web.servlet.FrameworkServlet [main] Completed initialization in 16 ms
2020-10-29 14:54:48,610 INFO org.springframework.boot.StartupInfoLogger [main] Started TestSessisonManagerConnection in 4.944 seconds (JVM running for 6.43)
2020-10-29 14:54:49,174 INFO gr.uagean.loginWebApp.service.impl.NetworkServiceImpl [main] request failed will retry
2020-10-29 14:54:49,305 INFO gr.uagean.loginWebApp.service.impl.NetworkServiceImpl [main] request failed will retry
2020-10-29 14:54:49,388 INFO gr.uagean.loginWebApp.utils.NoResponseParser [main] Response from Norway::{
    "sub": "6f71b1d9-8f43-4761-9ad0-43976c3f602c",
    "connect-userid_sec": [
        "eidas:SE/NO/199008199391"
    ],
    "dataporten-userid_sec": [
        "eidas:SE/NO/199008199391"
    ],
    "name": "Mohamed Al Samed",
    "picture": "https://api.dataporten-test.uninett.no/userinfo/v1/user/media/p:442f87ff-7311-448f-85ce-fb55aff78120"
}
2020-10-29 14:54:49,390 INFO gr.uagean.loginWebApp.utils.NoResponseParser [main] Response from Norway::{
    "user": {
        "userid_sec": [
            "eidas:EE/NO/49311086012"
        ],
        "userid": "e91a6752-999e-4f98-938d-1b2a34891173",
        "name": "TRIIN PUUSAAR",
        "profilephoto": "p:c048174c-056b-432c-adb8-2b0c5cff1fc9"
    },
    "audience": "843a3f7b-1575-467f-a696-00efff753076"
}
2020-10-29 14:54:49,450 INFO org.springframework.boot.StartupInfoLogger [main] Starting LoginWebAppApplicationTests on nikos with PID 82888 (started by nikos in /home/nikos/NetBeansProjects/seal.eidas.idp)
2020-10-29 14:54:49,450 INFO org.springframework.boot.SpringApplication [main] The following profiles are active: test
2020-10-29 14:54:50,216 INFO org.springframework.scheduling.concurrent.ExecutorConfigurationSupport [main] Initializing ExecutorService 'applicationTaskExecutor'
2020-10-29 14:54:50,542 INFO org.springframework.security.web.DefaultSecurityFilterChain [main] Creating filter chain: any request, [org.springframework.security.web.context.request.async.WebAsyncManagerIntegrationFilter@be6d228, org.springframework.security.web.context.SecurityContextPersistenceFilter@203765b2, org.springframework.security.web.header.HeaderWriterFilter@6d0114c0, org.springframework.security.web.csrf.CsrfFilter@376af784, org.springframework.security.web.authentication.logout.LogoutFilter@1d6713dd, org.springframework.security.oauth2.client.web.OAuth2AuthorizationRequestRedirectFilter@8432469, org.springframework.security.oauth2.client.web.OAuth2AuthorizationRequestRedirectFilter@15c16f19, org.springframework.security.oauth2.client.web.OAuth2LoginAuthenticationFilter@1a17dd6f, org.springframework.security.web.authentication.ui.DefaultLoginPageGeneratingFilter@506aa618, org.springframework.security.web.authentication.ui.DefaultLogoutPageGeneratingFilter@60c96eb4, org.springframework.security.web.savedrequest.RequestCacheAwareFilter@7e050be1, org.springframework.security.web.servletapi.SecurityContextHolderAwareRequestFilter@1b47b7f5, org.springframework.security.web.authentication.AnonymousAuthenticationFilter@7eee6c13, org.springframework.security.oauth2.client.web.OAuth2AuthorizationCodeGrantFilter@e4ca109, org.springframework.security.web.session.SessionManagementFilter@40016ce1, org.springframework.security.web.access.ExceptionTranslationFilter@a9a8ec3, org.springframework.security.web.access.intercept.FilterSecurityInterceptor@d504137]
2020-10-29 14:54:50,607 INFO org.springframework.boot.StartupInfoLogger [main] Started LoginWebAppApplicationTests in 1.2 seconds (JVM running for 8.427)
2020-10-29 14:54:50,645 INFO org.springframework.scheduling.concurrent.ExecutorConfigurationSupport [SpringContextShutdownHook] Shutting down ExecutorService 'applicationTaskExecutor'
2020-10-29 14:54:50,646 INFO org.springframework.scheduling.concurrent.ExecutorConfigurationSupport [SpringContextShutdownHook] Shutting down ExecutorService 'applicationTaskExecutor'
2020-10-29 14:57:27,255 INFO org.springframework.boot.StartupInfoLogger [main] Starting TestSessisonManagerConnection on nikos with PID 83062 (started by nikos in /home/nikos/NetBeansProjects/seal.eidas.idp)
2020-10-29 14:57:27,266 INFO org.springframework.boot.SpringApplication [main] The following profiles are active: test
2020-10-29 14:57:29,738 INFO org.eclipse.jetty.util.log.Log [main] Logging initialized @4541ms to org.eclipse.jetty.util.log.Slf4jLog
2020-10-29 14:57:30,365 INFO org.springframework.scheduling.concurrent.ExecutorConfigurationSupport [main] Initializing ExecutorService 'applicationTaskExecutor'
2020-10-29 14:57:31,003 INFO org.springframework.security.web.DefaultSecurityFilterChain [main] Creating filter chain: any request, [org.springframework.security.web.context.request.async.WebAsyncManagerIntegrationFilter@3b57dba4, org.springframework.security.web.context.SecurityContextPersistenceFilter@597d48ca, org.springframework.security.web.header.HeaderWriterFilter@7911cc15, org.springframework.security.web.csrf.CsrfFilter@72c4a3aa, org.springframework.security.web.authentication.logout.LogoutFilter@16f7f59f, org.springframework.security.oauth2.client.web.OAuth2AuthorizationRequestRedirectFilter@632cf7d3, org.springframework.security.oauth2.client.web.OAuth2AuthorizationRequestRedirectFilter@53a301f3, org.springframework.security.oauth2.client.web.OAuth2LoginAuthenticationFilter@204d9edf, org.springframework.security.web.authentication.ui.DefaultLoginPageGeneratingFilter@7a36c83a, org.springframework.security.web.authentication.ui.DefaultLogoutPageGeneratingFilter@35f7969d, org.springframework.security.web.savedrequest.RequestCacheAwareFilter@2c7c0e36, org.springframework.security.web.servletapi.SecurityContextHolderAwareRequestFilter@6321a5aa, org.springframework.security.web.authentication.AnonymousAuthenticationFilter@3404e5c4, org.springframework.security.oauth2.client.web.OAuth2AuthorizationCodeGrantFilter@6dae70f9, org.springframework.security.web.session.SessionManagementFilter@14e750c5, org.springframework.security.web.access.ExceptionTranslationFilter@25a5c8e, org.springframework.security.web.access.intercept.FilterSecurityInterceptor@3be3e76c]
2020-10-29 14:57:31,084 INFO org.springframework.mock.web.MockServletContext [main] Initializing Spring TestDispatcherServlet ''
2020-10-29 14:57:31,085 INFO org.springframework.web.servlet.FrameworkServlet [main] Initializing Servlet ''
2020-10-29 14:57:31,095 INFO org.springframework.web.servlet.FrameworkServlet [main] Completed initialization in 10 ms
2020-10-29 14:57:31,126 INFO org.springframework.boot.StartupInfoLogger [main] Started TestSessisonManagerConnection in 4.424 seconds (JVM running for 5.93)
2020-10-29 14:57:31,673 INFO gr.uagean.loginWebApp.service.impl.NetworkServiceImpl [main] request failed will retry
2020-10-29 14:57:31,784 INFO gr.uagean.loginWebApp.service.impl.NetworkServiceImpl [main] request failed will retry
2020-10-29 14:57:31,815 INFO gr.uagean.loginWebApp.utils.NoResponseParser [main] Response from Norway::{
    "sub": "6f71b1d9-8f43-4761-9ad0-43976c3f602c",
    "connect-userid_sec": [
        "eidas:SE/NO/199008199391"
    ],
    "dataporten-userid_sec": [
        "eidas:SE/NO/199008199391"
    ],
    "name": "Mohamed Al Samed",
    "picture": "https://api.dataporten-test.uninett.no/userinfo/v1/user/media/p:442f87ff-7311-448f-85ce-fb55aff78120"
}
2020-10-29 14:57:31,818 INFO gr.uagean.loginWebApp.utils.NoResponseParser [main] Response from Norway::{
    "user": {
        "userid_sec": [
            "eidas:EE/NO/49311086012"
        ],
        "userid": "e91a6752-999e-4f98-938d-1b2a34891173",
        "name": "TRIIN PUUSAAR",
        "profilephoto": "p:c048174c-056b-432c-adb8-2b0c5cff1fc9"
    },
    "audience": "843a3f7b-1575-467f-a696-00efff753076"
}
2020-10-29 14:57:31,883 INFO org.springframework.boot.StartupInfoLogger [main] Starting LoginWebAppApplicationTests on nikos with PID 83062 (started by nikos in /home/nikos/NetBeansProjects/seal.eidas.idp)
2020-10-29 14:57:31,884 INFO org.springframework.boot.SpringApplication [main] The following profiles are active: test
2020-10-29 14:57:32,499 INFO org.springframework.scheduling.concurrent.ExecutorConfigurationSupport [main] Initializing ExecutorService 'applicationTaskExecutor'
2020-10-29 14:57:32,888 INFO org.springframework.security.web.DefaultSecurityFilterChain [main] Creating filter chain: any request, [org.springframework.security.web.context.request.async.WebAsyncManagerIntegrationFilter@41e8d917, org.springframework.security.web.context.SecurityContextPersistenceFilter@3b39e79b, org.springframework.security.web.header.HeaderWriterFilter@4b6b5352, org.springframework.security.web.csrf.CsrfFilter@1b47b7f5, org.springframework.security.web.authentication.logout.LogoutFilter@76a1146d, org.springframework.security.oauth2.client.web.OAuth2AuthorizationRequestRedirectFilter@7eee6c13, org.springframework.security.oauth2.client.web.OAuth2AuthorizationRequestRedirectFilter@677cc4e8, org.springframework.security.oauth2.client.web.OAuth2LoginAuthenticationFilter@4c6bba7d, org.springframework.security.web.authentication.ui.DefaultLoginPageGeneratingFilter@adafe19, org.springframework.security.web.authentication.ui.DefaultLogoutPageGeneratingFilter@2ae5bd34, org.springframework.security.web.savedrequest.RequestCacheAwareFilter@3ee6dc82, org.springframework.security.web.servletapi.SecurityContextHolderAwareRequestFilter@2f86f9cf, org.springframework.security.web.authentication.AnonymousAuthenticationFilter@2b3f7704, org.springframework.security.oauth2.client.web.OAuth2AuthorizationCodeGrantFilter@5ab63a04, org.springframework.security.web.session.SessionManagementFilter@1d6713dd, org.springframework.security.web.access.ExceptionTranslationFilter@506aa618, org.springframework.security.web.access.intercept.FilterSecurityInterceptor@60c96eb4]
2020-10-29 14:57:32,939 INFO org.springframework.boot.StartupInfoLogger [main] Started LoginWebAppApplicationTests in 1.118 seconds (JVM running for 7.743)
2020-10-29 14:57:32,971 INFO org.springframework.scheduling.concurrent.ExecutorConfigurationSupport [SpringContextShutdownHook] Shutting down ExecutorService 'applicationTaskExecutor'
2020-10-29 14:57:32,971 INFO org.springframework.scheduling.concurrent.ExecutorConfigurationSupport [SpringContextShutdownHook] Shutting down ExecutorService 'applicationTaskExecutor'
2020-10-29 14:58:34,833 INFO org.springframework.boot.StartupInfoLogger [main] Starting LoginWebAppApplicationTests on nikos with PID 83181 (started by nikos in /home/nikos/NetBeansProjects/seal.eidas.idp)
2020-10-29 14:58:34,836 INFO org.springframework.boot.SpringApplication [main] The following profiles are active: test
2020-10-29 14:58:37,254 INFO org.eclipse.jetty.util.log.Log [main] Logging initialized @4218ms to org.eclipse.jetty.util.log.Slf4jLog
2020-10-29 14:58:37,853 INFO org.springframework.scheduling.concurrent.ExecutorConfigurationSupport [main] Initializing ExecutorService 'applicationTaskExecutor'
2020-10-29 14:58:38,571 INFO org.springframework.security.web.DefaultSecurityFilterChain [main] Creating filter chain: any request, [org.springframework.security.web.context.request.async.WebAsyncManagerIntegrationFilter@597d48ca, org.springframework.security.web.context.SecurityContextPersistenceFilter@30b3d899, org.springframework.security.web.header.HeaderWriterFilter@629075f4, org.springframework.security.web.csrf.CsrfFilter@1e2445f6, org.springframework.security.web.authentication.logout.LogoutFilter@4d4c1ba9, org.springframework.security.oauth2.client.web.OAuth2AuthorizationRequestRedirectFilter@1bee0085, org.springframework.security.oauth2.client.web.OAuth2AuthorizationRequestRedirectFilter@b06d46d, org.springframework.security.oauth2.client.web.OAuth2LoginAuthenticationFilter@7911cc15, org.springframework.security.web.authentication.ui.DefaultLoginPageGeneratingFilter@55a0f011, org.springframework.security.web.authentication.ui.DefaultLogoutPageGeneratingFilter@77324a58, org.springframework.security.web.savedrequest.RequestCacheAwareFilter@61d60e38, org.springframework.security.web.servletapi.SecurityContextHolderAwareRequestFilter@1c3b6963, org.springframework.security.web.authentication.AnonymousAuthenticationFilter@2c7c0e36, org.springframework.security.oauth2.client.web.OAuth2AuthorizationCodeGrantFilter@5403907, org.springframework.security.web.session.SessionManagementFilter@723742b2, org.springframework.security.web.access.ExceptionTranslationFilter@1c84d80a, org.springframework.security.web.access.intercept.FilterSecurityInterceptor@7f0766ef]
2020-10-29 14:58:38,673 INFO org.springframework.boot.StartupInfoLogger [main] Started LoginWebAppApplicationTests in 4.304 seconds (JVM running for 5.639)
2020-10-29 14:58:38,719 INFO org.springframework.scheduling.concurrent.ExecutorConfigurationSupport [SpringContextShutdownHook] Shutting down ExecutorService 'applicationTaskExecutor'
2020-10-29 14:59:56,407 INFO org.springframework.boot.StartupInfoLogger [main] Starting LoginWebAppApplicationTests on nikos with PID 83302 (started by nikos in /home/nikos/NetBeansProjects/seal.eidas.idp)
2020-10-29 14:59:56,410 INFO org.springframework.boot.SpringApplication [main] The following profiles are active: test
2020-10-29 14:59:58,840 INFO org.eclipse.jetty.util.log.Log [main] Logging initialized @4400ms to org.eclipse.jetty.util.log.Slf4jLog
2020-10-29 14:59:59,415 INFO org.springframework.scheduling.concurrent.ExecutorConfigurationSupport [main] Initializing ExecutorService 'applicationTaskExecutor'
2020-10-29 15:00:00,057 INFO org.springframework.security.web.DefaultSecurityFilterChain [main] Creating filter chain: any request, [org.springframework.security.web.context.request.async.WebAsyncManagerIntegrationFilter@7f0766ef, org.springframework.security.web.context.SecurityContextPersistenceFilter@49c1e294, org.springframework.security.web.header.HeaderWriterFilter@5fb54740, org.springframework.security.web.csrf.CsrfFilter@279126f5, org.springframework.security.web.authentication.logout.LogoutFilter@1c6a0103, org.springframework.security.oauth2.client.web.OAuth2AuthorizationRequestRedirectFilter@9b367c8, org.springframework.security.oauth2.client.web.OAuth2AuthorizationRequestRedirectFilter@3a6e9856, org.springframework.security.oauth2.client.web.OAuth2LoginAuthenticationFilter@6cdee57, org.springframework.security.web.authentication.ui.DefaultLoginPageGeneratingFilter@7b9e25bd, org.springframework.security.web.authentication.ui.DefaultLogoutPageGeneratingFilter@1e56bc9b, org.springframework.security.web.savedrequest.RequestCacheAwareFilter@50e5032c, org.springframework.security.web.servletapi.SecurityContextHolderAwareRequestFilter@6aae0e6f, org.springframework.security.web.authentication.AnonymousAuthenticationFilter@6f3bd37f, org.springframework.security.oauth2.client.web.OAuth2AuthorizationCodeGrantFilter@54495935, org.springframework.security.web.session.SessionManagementFilter@1ee40b5c, org.springframework.security.web.access.ExceptionTranslationFilter@6169be09, org.springframework.security.web.access.intercept.FilterSecurityInterceptor@3869a6e5]
2020-10-29 15:00:00,166 INFO org.springframework.boot.StartupInfoLogger [main] Started LoginWebAppApplicationTests in 4.252 seconds (JVM running for 5.727)
2020-10-29 15:00:00,229 INFO org.springframework.scheduling.concurrent.ExecutorConfigurationSupport [SpringContextShutdownHook] Shutting down ExecutorService 'applicationTaskExecutor'
2020-10-29 15:27:33,423 INFO org.springframework.boot.StartupInfoLogger [main] Starting LoginWebAppApplicationTests on nikos with PID 90499 (started by nikos in /home/nikos/NetBeansProjects/seal.eidas.idp)
2020-10-29 15:27:33,425 INFO org.springframework.boot.SpringApplication [main] The following profiles are active: test
2020-10-29 15:27:36,333 INFO org.eclipse.jetty.util.log.Log [main] Logging initialized @5137ms to org.eclipse.jetty.util.log.Slf4jLog
2020-10-29 15:27:36,979 INFO org.springframework.scheduling.concurrent.ExecutorConfigurationSupport [main] Initializing ExecutorService 'applicationTaskExecutor'
2020-10-29 15:27:37,831 INFO org.springframework.security.web.DefaultSecurityFilterChain [main] Creating filter chain: any request, [org.springframework.security.web.context.request.async.WebAsyncManagerIntegrationFilter@67c6f4d8, org.springframework.security.web.context.SecurityContextPersistenceFilter@40bd0f8, org.springframework.security.web.header.HeaderWriterFilter@a3cba3a, org.springframework.security.web.csrf.CsrfFilter@11810917, org.springframework.security.web.authentication.logout.LogoutFilter@2d206a71, org.springframework.security.oauth2.client.web.OAuth2AuthorizationRequestRedirectFilter@c9b5a99, org.springframework.security.oauth2.client.web.OAuth2AuthorizationRequestRedirectFilter@9b367c8, org.springframework.security.oauth2.client.web.OAuth2LoginAuthenticationFilter@1eb85a47, org.springframework.security.web.authentication.ui.DefaultLoginPageGeneratingFilter@124eb83d, org.springframework.security.web.authentication.ui.DefaultLogoutPageGeneratingFilter@3a6e9856, org.springframework.security.web.savedrequest.RequestCacheAwareFilter@6169be09, org.springframework.security.web.servletapi.SecurityContextHolderAwareRequestFilter@50e5032c, org.springframework.security.web.authentication.AnonymousAuthenticationFilter@4863c8ac, org.springframework.security.oauth2.client.web.OAuth2AuthorizationCodeGrantFilter@256589a1, org.springframework.security.web.session.SessionManagementFilter@5ca4dce5, org.springframework.security.web.access.ExceptionTranslationFilter@33eb0d4, org.springframework.security.web.access.intercept.FilterSecurityInterceptor@36d582cb]
2020-10-29 15:27:37,958 INFO org.springframework.boot.StartupInfoLogger [main] Started LoginWebAppApplicationTests in 5.129 seconds (JVM running for 6.763)
2020-10-29 15:27:38,024 INFO org.springframework.scheduling.concurrent.ExecutorConfigurationSupport [SpringContextShutdownHook] Shutting down ExecutorService 'applicationTaskExecutor'
