2020-07-30 15:56:51,737 INFO org.springframework.boot.StartupInfoLogger [main] Starting TestSessisonManagerConnection on nikos with PID 94123 (started by nikos in /home/nikos/NetBeansProjects/seal.eidas.idp)
2020-07-30 15:56:51,741 INFO org.springframework.boot.SpringApplication [main] The following profiles are active: test
2020-07-30 15:56:55,308 INFO org.eclipse.jetty.util.log.Log [main] Logging initialized @5584ms to org.eclipse.jetty.util.log.Slf4jLog
2020-07-30 15:56:56,000 INFO org.springframework.scheduling.concurrent.ExecutorConfigurationSupport [main] Initializing ExecutorService 'applicationTaskExecutor'
2020-07-30 15:56:56,734 INFO org.springframework.security.web.DefaultSecurityFilterChain [main] Creating filter chain: any request, [org.springframework.security.web.context.request.async.WebAsyncManagerIntegrationFilter@2c7c0e36, org.springframework.security.web.context.SecurityContextPersistenceFilter@61d60e38, org.springframework.security.web.header.HeaderWriterFilter@723742b2, org.springframework.security.web.csrf.CsrfFilter@284990de, org.springframework.security.web.authentication.logout.LogoutFilter@115c946b, org.springframework.security.oauth2.client.web.OAuth2AuthorizationRequestRedirectFilter@13f40d71, org.springframework.security.oauth2.client.web.OAuth2AuthorizationRequestRedirectFilter@656c5c3, org.springframework.security.oauth2.client.web.OAuth2LoginAuthenticationFilter@14e750c5, org.springframework.security.web.authentication.ui.DefaultLoginPageGeneratingFilter@39133244, org.springframework.security.web.authentication.ui.DefaultLogoutPageGeneratingFilter@307cf964, org.springframework.security.web.savedrequest.RequestCacheAwareFilter@404ced67, org.springframework.security.web.servletapi.SecurityContextHolderAwareRequestFilter@55a0f011, org.springframework.security.web.authentication.AnonymousAuthenticationFilter@374ccb9, org.springframework.security.oauth2.client.web.OAuth2AuthorizationCodeGrantFilter@b06d46d, org.springframework.security.web.session.SessionManagementFilter@34c76167, org.springframework.security.web.access.ExceptionTranslationFilter@629075f4, org.springframework.security.web.access.intercept.FilterSecurityInterceptor@6f3bd37f]
2020-07-30 15:56:56,834 INFO org.springframework.mock.web.MockServletContext [main] Initializing Spring TestDispatcherServlet ''
2020-07-30 15:56:56,834 INFO org.springframework.web.servlet.FrameworkServlet [main] Initializing Servlet ''
2020-07-30 15:56:56,847 INFO org.springframework.web.servlet.FrameworkServlet [main] Completed initialization in 12 ms
2020-07-30 15:56:56,876 INFO org.springframework.boot.StartupInfoLogger [main] Started TestSessisonManagerConnection in 5.644 seconds (JVM running for 7.153)
2020-07-30 15:56:58,077 INFO gr.uagean.loginWebApp.utils.NoResponseParser [main] Response from Norway::{
    "sub": "6f71b1d9-8f43-4761-9ad0-43976c3f602c",
    "connect-userid_sec": [
        "eidas:SE/NO/199008199391"
    ],
    "dataporten-userid_sec": [
        "eidas:SE/NO/199008199391"
    ],
    "name": "Mohamed Al Samed",
    "picture": "https://api.dataporten-test.uninett.no/userinfo/v1/user/media/p:442f87ff-7311-448f-85ce-fb55aff78120"
}
2020-07-30 15:56:58,096 INFO gr.uagean.loginWebApp.utils.NoResponseParser [main] Response from Norway::{
    "user": {
        "userid_sec": [
            "eidas:EE/NO/49311086012"
        ],
        "userid": "e91a6752-999e-4f98-938d-1b2a34891173",
        "name": "TRIIN PUUSAAR",
        "profilephoto": "p:c048174c-056b-432c-adb8-2b0c5cff1fc9"
    },
    "audience": "843a3f7b-1575-467f-a696-00efff753076"
}
2020-07-30 15:56:58,165 INFO org.springframework.boot.StartupInfoLogger [main] Starting LoginWebAppApplicationTests on nikos with PID 94123 (started by nikos in /home/nikos/NetBeansProjects/seal.eidas.idp)
2020-07-30 15:56:58,165 INFO org.springframework.boot.SpringApplication [main] The following profiles are active: test
2020-07-30 15:56:58,892 INFO org.springframework.scheduling.concurrent.ExecutorConfigurationSupport [main] Initializing ExecutorService 'applicationTaskExecutor'
2020-07-30 15:56:59,197 INFO org.springframework.security.web.DefaultSecurityFilterChain [main] Creating filter chain: any request, [org.springframework.security.web.context.request.async.WebAsyncManagerIntegrationFilter@1805383, org.springframework.security.web.context.SecurityContextPersistenceFilter@49cb5030, org.springframework.security.web.header.HeaderWriterFilter@12365bd8, org.springframework.security.web.csrf.CsrfFilter@85ab964, org.springframework.security.web.authentication.logout.LogoutFilter@23afc725, org.springframework.security.oauth2.client.web.OAuth2AuthorizationRequestRedirectFilter@352f6727, org.springframework.security.oauth2.client.web.OAuth2AuthorizationRequestRedirectFilter@10dfa7ef, org.springframework.security.oauth2.client.web.OAuth2LoginAuthenticationFilter@4fd80300, org.springframework.security.web.authentication.ui.DefaultLoginPageGeneratingFilter@2d74cbbd, org.springframework.security.web.authentication.ui.DefaultLogoutPageGeneratingFilter@64fdcf99, org.springframework.security.web.savedrequest.RequestCacheAwareFilter@23c7cb18, org.springframework.security.web.servletapi.SecurityContextHolderAwareRequestFilter@30fbc23, org.springframework.security.web.authentication.AnonymousAuthenticationFilter@9f0fc36, org.springframework.security.oauth2.client.web.OAuth2AuthorizationCodeGrantFilter@2ab9e43e, org.springframework.security.web.session.SessionManagementFilter@14874a5d, org.springframework.security.web.access.ExceptionTranslationFilter@6481dce5, org.springframework.security.web.access.intercept.FilterSecurityInterceptor@3eac2e8a]
2020-07-30 15:56:59,260 INFO org.springframework.boot.StartupInfoLogger [main] Started LoginWebAppApplicationTests in 1.145 seconds (JVM running for 9.537)
2020-07-30 15:56:59,296 INFO org.springframework.scheduling.concurrent.ExecutorConfigurationSupport [SpringContextShutdownHook] Shutting down ExecutorService 'applicationTaskExecutor'
2020-07-30 15:56:59,299 INFO org.springframework.scheduling.concurrent.ExecutorConfigurationSupport [SpringContextShutdownHook] Shutting down ExecutorService 'applicationTaskExecutor'
2020-07-30 16:22:11,684 INFO org.springframework.boot.StartupInfoLogger [main] Starting TestSessisonManagerConnection on nikos with PID 95891 (started by nikos in /home/nikos/NetBeansProjects/seal.eidas.idp)
2020-07-30 16:22:11,686 INFO org.springframework.boot.SpringApplication [main] The following profiles are active: test
2020-07-30 16:22:15,325 INFO org.eclipse.jetty.util.log.Log [main] Logging initialized @5390ms to org.eclipse.jetty.util.log.Slf4jLog
2020-07-30 16:22:15,953 INFO org.springframework.scheduling.concurrent.ExecutorConfigurationSupport [main] Initializing ExecutorService 'applicationTaskExecutor'
2020-07-30 16:22:16,606 INFO org.springframework.security.web.DefaultSecurityFilterChain [main] Creating filter chain: any request, [org.springframework.security.web.context.request.async.WebAsyncManagerIntegrationFilter@33e3bd2e, org.springframework.security.web.context.SecurityContextPersistenceFilter@565d7d2f, org.springframework.security.web.header.HeaderWriterFilter@3a40bb52, org.springframework.security.web.csrf.CsrfFilter@5fb54740, org.springframework.security.web.authentication.logout.LogoutFilter@30b3d899, org.springframework.security.oauth2.client.web.OAuth2AuthorizationRequestRedirectFilter@447521e, org.springframework.security.oauth2.client.web.OAuth2AuthorizationRequestRedirectFilter@6cc48a17, org.springframework.security.oauth2.client.web.OAuth2LoginAuthenticationFilter@6af87130, org.springframework.security.web.authentication.ui.DefaultLoginPageGeneratingFilter@40c8067, org.springframework.security.web.authentication.ui.DefaultLogoutPageGeneratingFilter@646d810b, org.springframework.security.web.savedrequest.RequestCacheAwareFilter@1c6a0103, org.springframework.security.web.servletapi.SecurityContextHolderAwareRequestFilter@39652a30, org.springframework.security.web.authentication.AnonymousAuthenticationFilter@30508066, org.springframework.security.oauth2.client.web.OAuth2AuthorizationCodeGrantFilter@27ab206, org.springframework.security.web.session.SessionManagementFilter@1e2445f6, org.springframework.security.web.access.ExceptionTranslationFilter@2d206a71, org.springframework.security.web.access.intercept.FilterSecurityInterceptor@19a5b637]
2020-07-30 16:22:16,714 INFO org.springframework.mock.web.MockServletContext [main] Initializing Spring TestDispatcherServlet ''
2020-07-30 16:22:16,714 INFO org.springframework.web.servlet.FrameworkServlet [main] Initializing Servlet ''
2020-07-30 16:22:16,726 INFO org.springframework.web.servlet.FrameworkServlet [main] Completed initialization in 11 ms
2020-07-30 16:22:16,750 INFO org.springframework.boot.StartupInfoLogger [main] Started TestSessisonManagerConnection in 5.579 seconds (JVM running for 6.817)
2020-07-30 16:22:18,426 INFO gr.uagean.loginWebApp.utils.NoResponseParser [main] Response from Norway::{
    "sub": "6f71b1d9-8f43-4761-9ad0-43976c3f602c",
    "connect-userid_sec": [
        "eidas:SE/NO/199008199391"
    ],
    "dataporten-userid_sec": [
        "eidas:SE/NO/199008199391"
    ],
    "name": "Mohamed Al Samed",
    "picture": "https://api.dataporten-test.uninett.no/userinfo/v1/user/media/p:442f87ff-7311-448f-85ce-fb55aff78120"
}
2020-07-30 16:22:18,451 INFO gr.uagean.loginWebApp.utils.NoResponseParser [main] Response from Norway::{
    "user": {
        "userid_sec": [
            "eidas:EE/NO/49311086012"
        ],
        "userid": "e91a6752-999e-4f98-938d-1b2a34891173",
        "name": "TRIIN PUUSAAR",
        "profilephoto": "p:c048174c-056b-432c-adb8-2b0c5cff1fc9"
    },
    "audience": "843a3f7b-1575-467f-a696-00efff753076"
}
2020-07-30 16:22:18,524 INFO org.springframework.boot.StartupInfoLogger [main] Starting LoginWebAppApplicationTests on nikos with PID 95891 (started by nikos in /home/nikos/NetBeansProjects/seal.eidas.idp)
2020-07-30 16:22:18,525 INFO org.springframework.boot.SpringApplication [main] The following profiles are active: test
2020-07-30 16:22:19,164 INFO org.springframework.scheduling.concurrent.ExecutorConfigurationSupport [main] Initializing ExecutorService 'applicationTaskExecutor'
2020-07-30 16:22:19,560 INFO org.springframework.security.web.DefaultSecurityFilterChain [main] Creating filter chain: any request, [org.springframework.security.web.context.request.async.WebAsyncManagerIntegrationFilter@85ab964, org.springframework.security.web.context.SecurityContextPersistenceFilter@1b3bec6c, org.springframework.security.web.header.HeaderWriterFilter@2e2b9f53, org.springframework.security.web.csrf.CsrfFilter@6ef037e4, org.springframework.security.web.authentication.logout.LogoutFilter@22fb9a2c, org.springframework.security.oauth2.client.web.OAuth2AuthorizationRequestRedirectFilter@782ac148, org.springframework.security.oauth2.client.web.OAuth2AuthorizationRequestRedirectFilter@61d2f267, org.springframework.security.oauth2.client.web.OAuth2LoginAuthenticationFilter@26d40c77, org.springframework.security.web.authentication.ui.DefaultLoginPageGeneratingFilter@8b670c0, org.springframework.security.web.authentication.ui.DefaultLogoutPageGeneratingFilter@6481dce5, org.springframework.security.web.savedrequest.RequestCacheAwareFilter@53f7a906, org.springframework.security.web.servletapi.SecurityContextHolderAwareRequestFilter@2154652c, org.springframework.security.web.authentication.AnonymousAuthenticationFilter@12365bd8, org.springframework.security.oauth2.client.web.OAuth2AuthorizationCodeGrantFilter@46d1b59, org.springframework.security.web.session.SessionManagementFilter@749baa0c, org.springframework.security.web.access.ExceptionTranslationFilter@79d63a4f, org.springframework.security.web.access.intercept.FilterSecurityInterceptor@819fb19]
2020-07-30 16:22:19,615 INFO org.springframework.boot.StartupInfoLogger [main] Started LoginWebAppApplicationTests in 1.136 seconds (JVM running for 9.682)
2020-07-30 16:22:19,651 INFO org.springframework.scheduling.concurrent.ExecutorConfigurationSupport [SpringContextShutdownHook] Shutting down ExecutorService 'applicationTaskExecutor'
2020-07-30 16:22:19,651 INFO org.springframework.scheduling.concurrent.ExecutorConfigurationSupport [SpringContextShutdownHook] Shutting down ExecutorService 'applicationTaskExecutor'
2020-07-30 16:59:22,614 INFO org.springframework.boot.StartupInfoLogger [main] Starting TestSessisonManagerConnection on nikos with PID 98378 (started by nikos in /home/nikos/NetBeansProjects/seal.eidas.idp)
2020-07-30 16:59:22,618 INFO org.springframework.boot.SpringApplication [main] The following profiles are active: test
2020-07-30 16:59:26,294 INFO org.eclipse.jetty.util.log.Log [main] Logging initialized @5269ms to org.eclipse.jetty.util.log.Slf4jLog
2020-07-30 16:59:26,958 INFO org.springframework.scheduling.concurrent.ExecutorConfigurationSupport [main] Initializing ExecutorService 'applicationTaskExecutor'
2020-07-30 16:59:27,687 INFO org.springframework.security.web.DefaultSecurityFilterChain [main] Creating filter chain: any request, [org.springframework.security.web.context.request.async.WebAsyncManagerIntegrationFilter@1efac5b9, org.springframework.security.web.context.SecurityContextPersistenceFilter@4702e7a5, org.springframework.security.web.header.HeaderWriterFilter@7d1c164a, org.springframework.security.web.csrf.CsrfFilter@14b528b6, org.springframework.security.web.authentication.logout.LogoutFilter@5b733ef7, org.springframework.security.oauth2.client.web.OAuth2AuthorizationRequestRedirectFilter@25791d40, org.springframework.security.oauth2.client.web.OAuth2AuthorizationRequestRedirectFilter@76c86567, org.springframework.security.oauth2.client.web.OAuth2LoginAuthenticationFilter@1d2fb82, org.springframework.security.web.authentication.ui.DefaultLoginPageGeneratingFilter@58687fb7, org.springframework.security.web.authentication.ui.DefaultLogoutPageGeneratingFilter@11a3a45f, org.springframework.security.web.savedrequest.RequestCacheAwareFilter@73bb1337, org.springframework.security.web.servletapi.SecurityContextHolderAwareRequestFilter@7c7e73c5, org.springframework.security.web.authentication.AnonymousAuthenticationFilter@69796bd0, org.springframework.security.oauth2.client.web.OAuth2AuthorizationCodeGrantFilter@dbed7fd, org.springframework.security.web.session.SessionManagementFilter@6a98f353, org.springframework.security.web.access.ExceptionTranslationFilter@339f3a55, org.springframework.security.web.access.intercept.FilterSecurityInterceptor@102c18e]
2020-07-30 16:59:27,865 INFO org.springframework.mock.web.MockServletContext [main] Initializing Spring TestDispatcherServlet ''
2020-07-30 16:59:27,866 INFO org.springframework.web.servlet.FrameworkServlet [main] Initializing Servlet ''
2020-07-30 16:59:27,880 INFO org.springframework.web.servlet.FrameworkServlet [main] Completed initialization in 14 ms
2020-07-30 16:59:27,960 INFO org.springframework.boot.StartupInfoLogger [main] Started TestSessisonManagerConnection in 5.929 seconds (JVM running for 6.936)
2020-07-30 16:59:29,764 INFO gr.uagean.loginWebApp.service.impl.NetworkServiceImpl [main] request failed will retry
2020-07-30 16:59:29,971 INFO gr.uagean.loginWebApp.service.impl.NetworkServiceImpl [main] request failed will retry
2020-07-30 16:59:30,140 INFO org.springframework.scheduling.concurrent.ExecutorConfigurationSupport [SpringContextShutdownHook] Shutting down ExecutorService 'applicationTaskExecutor'
2020-07-30 17:00:09,270 INFO org.springframework.boot.StartupInfoLogger [main] Starting TestSessisonManagerConnection on nikos with PID 98490 (started by nikos in /home/nikos/NetBeansProjects/seal.eidas.idp)
2020-07-30 17:00:09,272 INFO org.springframework.boot.SpringApplication [main] The following profiles are active: test
2020-07-30 17:00:12,265 INFO org.eclipse.jetty.util.log.Log [main] Logging initialized @4509ms to org.eclipse.jetty.util.log.Slf4jLog
2020-07-30 17:00:12,825 INFO org.springframework.scheduling.concurrent.ExecutorConfigurationSupport [main] Initializing ExecutorService 'applicationTaskExecutor'
2020-07-30 17:00:13,506 INFO org.springframework.security.web.DefaultSecurityFilterChain [main] Creating filter chain: any request, [org.springframework.security.web.context.request.async.WebAsyncManagerIntegrationFilter@69796bd0, org.springframework.security.web.context.SecurityContextPersistenceFilter@73bb1337, org.springframework.security.web.header.HeaderWriterFilter@6a98f353, org.springframework.security.web.csrf.CsrfFilter@6f930e0, org.springframework.security.web.authentication.logout.LogoutFilter@764fffa0, org.springframework.security.oauth2.client.web.OAuth2AuthorizationRequestRedirectFilter@251c8145, org.springframework.security.oauth2.client.web.OAuth2AuthorizationRequestRedirectFilter@5a4dda2, org.springframework.security.oauth2.client.web.OAuth2LoginAuthenticationFilter@3db65c0d, org.springframework.security.web.authentication.ui.DefaultLoginPageGeneratingFilter@3a3b10f4, org.springframework.security.web.authentication.ui.DefaultLogoutPageGeneratingFilter@40df6090, org.springframework.security.web.savedrequest.RequestCacheAwareFilter@3830b06c, org.springframework.security.web.servletapi.SecurityContextHolderAwareRequestFilter@58687fb7, org.springframework.security.web.authentication.AnonymousAuthenticationFilter@8c0a23f, org.springframework.security.oauth2.client.web.OAuth2AuthorizationCodeGrantFilter@76c86567, org.springframework.security.web.session.SessionManagementFilter@1e00bfe2, org.springframework.security.web.access.ExceptionTranslationFilter@7d1c164a, org.springframework.security.web.access.intercept.FilterSecurityInterceptor@65eb3597]
2020-07-30 17:00:13,613 INFO org.springframework.mock.web.MockServletContext [main] Initializing Spring TestDispatcherServlet ''
2020-07-30 17:00:13,614 INFO org.springframework.web.servlet.FrameworkServlet [main] Initializing Servlet ''
2020-07-30 17:00:13,626 INFO org.springframework.web.servlet.FrameworkServlet [main] Completed initialization in 12 ms
2020-07-30 17:00:13,654 INFO org.springframework.boot.StartupInfoLogger [main] Started TestSessisonManagerConnection in 4.942 seconds (JVM running for 5.9)
2020-07-30 17:00:14,532 INFO gr.uagean.loginWebApp.service.impl.NetworkServiceImpl [main] request failed will retry
2020-07-30 17:00:14,728 INFO gr.uagean.loginWebApp.service.impl.NetworkServiceImpl [main] request failed will retry
2020-07-30 17:00:14,834 INFO org.springframework.scheduling.concurrent.ExecutorConfigurationSupport [SpringContextShutdownHook] Shutting down ExecutorService 'applicationTaskExecutor'
2020-07-30 17:00:42,026 INFO org.springframework.boot.StartupInfoLogger [main] Starting TestSessisonManagerConnection on nikos with PID 98633 (started by nikos in /home/nikos/NetBeansProjects/seal.eidas.idp)
2020-07-30 17:00:42,029 INFO org.springframework.boot.SpringApplication [main] The following profiles are active: test
2020-07-30 17:00:45,180 INFO org.eclipse.jetty.util.log.Log [main] Logging initialized @4592ms to org.eclipse.jetty.util.log.Slf4jLog
2020-07-30 17:00:45,809 INFO org.springframework.scheduling.concurrent.ExecutorConfigurationSupport [main] Initializing ExecutorService 'applicationTaskExecutor'
2020-07-30 17:00:46,496 INFO org.springframework.security.web.DefaultSecurityFilterChain [main] Creating filter chain: any request, [org.springframework.security.web.context.request.async.WebAsyncManagerIntegrationFilter@69796bd0, org.springframework.security.web.context.SecurityContextPersistenceFilter@73bb1337, org.springframework.security.web.header.HeaderWriterFilter@6a98f353, org.springframework.security.web.csrf.CsrfFilter@6f930e0, org.springframework.security.web.authentication.logout.LogoutFilter@764fffa0, org.springframework.security.oauth2.client.web.OAuth2AuthorizationRequestRedirectFilter@251c8145, org.springframework.security.oauth2.client.web.OAuth2AuthorizationRequestRedirectFilter@5a4dda2, org.springframework.security.oauth2.client.web.OAuth2LoginAuthenticationFilter@3db65c0d, org.springframework.security.web.authentication.ui.DefaultLoginPageGeneratingFilter@3a3b10f4, org.springframework.security.web.authentication.ui.DefaultLogoutPageGeneratingFilter@40df6090, org.springframework.security.web.savedrequest.RequestCacheAwareFilter@3830b06c, org.springframework.security.web.servletapi.SecurityContextHolderAwareRequestFilter@58687fb7, org.springframework.security.web.authentication.AnonymousAuthenticationFilter@8c0a23f, org.springframework.security.oauth2.client.web.OAuth2AuthorizationCodeGrantFilter@76c86567, org.springframework.security.web.session.SessionManagementFilter@1e00bfe2, org.springframework.security.web.access.ExceptionTranslationFilter@7d1c164a, org.springframework.security.web.access.intercept.FilterSecurityInterceptor@65eb3597]
2020-07-30 17:00:46,612 INFO org.springframework.mock.web.MockServletContext [main] Initializing Spring TestDispatcherServlet ''
2020-07-30 17:00:46,613 INFO org.springframework.web.servlet.FrameworkServlet [main] Initializing Servlet ''
2020-07-30 17:00:46,628 INFO org.springframework.web.servlet.FrameworkServlet [main] Completed initialization in 15 ms
2020-07-30 17:00:46,656 INFO org.springframework.boot.StartupInfoLogger [main] Started TestSessisonManagerConnection in 5.112 seconds (JVM running for 6.069)
2020-07-30 17:00:48,674 INFO gr.uagean.loginWebApp.service.impl.NetworkServiceImpl [main] request failed will retry
2020-07-30 17:00:48,895 INFO gr.uagean.loginWebApp.service.impl.NetworkServiceImpl [main] request failed will retry
2020-07-30 17:00:48,986 INFO org.springframework.scheduling.concurrent.ExecutorConfigurationSupport [SpringContextShutdownHook] Shutting down ExecutorService 'applicationTaskExecutor'
2020-07-30 17:01:29,236 INFO org.springframework.boot.StartupInfoLogger [main] Starting TestSessisonManagerConnection on nikos with PID 98736 (started by nikos in /home/nikos/NetBeansProjects/seal.eidas.idp)
2020-07-30 17:01:29,239 INFO org.springframework.boot.SpringApplication [main] The following profiles are active: test
2020-07-30 17:01:32,416 INFO org.eclipse.jetty.util.log.Log [main] Logging initialized @5338ms to org.eclipse.jetty.util.log.Slf4jLog
2020-07-30 17:01:33,103 INFO org.springframework.scheduling.concurrent.ExecutorConfigurationSupport [main] Initializing ExecutorService 'applicationTaskExecutor'
2020-07-30 17:01:33,846 INFO org.springframework.security.web.DefaultSecurityFilterChain [main] Creating filter chain: any request, [org.springframework.security.web.context.request.async.WebAsyncManagerIntegrationFilter@a240452, org.springframework.security.web.context.SecurityContextPersistenceFilter@362cf66, org.springframework.security.web.header.HeaderWriterFilter@62b42406, org.springframework.security.web.csrf.CsrfFilter@549d14fe, org.springframework.security.web.authentication.logout.LogoutFilter@45f241df, org.springframework.security.oauth2.client.web.OAuth2AuthorizationRequestRedirectFilter@736788b, org.springframework.security.oauth2.client.web.OAuth2AuthorizationRequestRedirectFilter@4c000cc4, org.springframework.security.oauth2.client.web.OAuth2LoginAuthenticationFilter@6c36051c, org.springframework.security.web.authentication.ui.DefaultLoginPageGeneratingFilter@f0c1ae1, org.springframework.security.web.authentication.ui.DefaultLogoutPageGeneratingFilter@460e5ffe, org.springframework.security.web.savedrequest.RequestCacheAwareFilter@65da4a5d, org.springframework.security.web.servletapi.SecurityContextHolderAwareRequestFilter@4bbc02ef, org.springframework.security.web.authentication.AnonymousAuthenticationFilter@1a4cbcc6, org.springframework.security.oauth2.client.web.OAuth2AuthorizationCodeGrantFilter@6ef4297d, org.springframework.security.web.session.SessionManagementFilter@3ef46749, org.springframework.security.web.access.ExceptionTranslationFilter@16944b58, org.springframework.security.web.access.intercept.FilterSecurityInterceptor@16d4024e]
2020-07-30 17:01:33,973 INFO org.springframework.mock.web.MockServletContext [main] Initializing Spring TestDispatcherServlet ''
2020-07-30 17:01:33,975 INFO org.springframework.web.servlet.FrameworkServlet [main] Initializing Servlet ''
2020-07-30 17:01:33,991 INFO org.springframework.web.servlet.FrameworkServlet [main] Completed initialization in 14 ms
2020-07-30 17:01:34,020 INFO org.springframework.boot.StartupInfoLogger [main] Started TestSessisonManagerConnection in 5.475 seconds (JVM running for 6.943)
2020-07-30 17:02:47,825 INFO gr.uagean.loginWebApp.service.impl.NetworkServiceImpl [main] request failed will retry
2020-07-30 17:02:49,954 INFO gr.uagean.loginWebApp.service.impl.NetworkServiceImpl [main] request failed will retry
2020-07-30 17:02:50,038 INFO org.springframework.scheduling.concurrent.ExecutorConfigurationSupport [SpringContextShutdownHook] Shutting down ExecutorService 'applicationTaskExecutor'
2020-07-30 17:03:08,224 INFO org.springframework.boot.StartupInfoLogger [main] Starting TestSessisonManagerConnection on nikos with PID 98857 (started by nikos in /home/nikos/NetBeansProjects/seal.eidas.idp)
2020-07-30 17:03:08,226 INFO org.springframework.boot.SpringApplication [main] The following profiles are active: test
2020-07-30 17:03:11,481 INFO org.eclipse.jetty.util.log.Log [main] Logging initialized @5263ms to org.eclipse.jetty.util.log.Slf4jLog
2020-07-30 17:03:12,064 INFO org.springframework.scheduling.concurrent.ExecutorConfigurationSupport [main] Initializing ExecutorService 'applicationTaskExecutor'
2020-07-30 17:03:12,735 INFO org.springframework.security.web.DefaultSecurityFilterChain [main] Creating filter chain: any request, [org.springframework.security.web.context.request.async.WebAsyncManagerIntegrationFilter@5d3634c8, org.springframework.security.web.context.SecurityContextPersistenceFilter@1f75fd1d, org.springframework.security.web.header.HeaderWriterFilter@5c60c08, org.springframework.security.web.csrf.CsrfFilter@3e5ebdfe, org.springframework.security.web.authentication.logout.LogoutFilter@6acb45c1, org.springframework.security.oauth2.client.web.OAuth2AuthorizationRequestRedirectFilter@280d6a20, org.springframework.security.oauth2.client.web.OAuth2AuthorizationRequestRedirectFilter@520c3dcb, org.springframework.security.oauth2.client.web.OAuth2LoginAuthenticationFilter@145fe8ab, org.springframework.security.web.authentication.ui.DefaultLoginPageGeneratingFilter@9d3a7a1, org.springframework.security.web.authentication.ui.DefaultLogoutPageGeneratingFilter@6e67a8c0, org.springframework.security.web.savedrequest.RequestCacheAwareFilter@638d2ce3, org.springframework.security.web.servletapi.SecurityContextHolderAwareRequestFilter@7b4619a3, org.springframework.security.web.authentication.AnonymousAuthenticationFilter@5960f17, org.springframework.security.oauth2.client.web.OAuth2AuthorizationCodeGrantFilter@2ef913a4, org.springframework.security.web.session.SessionManagementFilter@5fe3b058, org.springframework.security.web.access.ExceptionTranslationFilter@3f80d8c, org.springframework.security.web.access.intercept.FilterSecurityInterceptor@2de7c84a]
2020-07-30 17:03:12,841 INFO org.springframework.mock.web.MockServletContext [main] Initializing Spring TestDispatcherServlet ''
2020-07-30 17:03:12,841 INFO org.springframework.web.servlet.FrameworkServlet [main] Initializing Servlet ''
2020-07-30 17:03:12,852 INFO org.springframework.web.servlet.FrameworkServlet [main] Completed initialization in 11 ms
2020-07-30 17:03:12,883 INFO org.springframework.boot.StartupInfoLogger [main] Started TestSessisonManagerConnection in 5.347 seconds (JVM running for 6.666)
2020-07-30 17:03:43,555 INFO gr.uagean.loginWebApp.service.impl.NetworkServiceImpl [main] request failed will retry
2020-07-30 17:06:18,432 INFO org.springframework.boot.StartupInfoLogger [main] Starting TestSessisonManagerConnection on nikos with PID 99017 (started by nikos in /home/nikos/NetBeansProjects/seal.eidas.idp)
2020-07-30 17:06:18,435 INFO org.springframework.boot.SpringApplication [main] The following profiles are active: test
2020-07-30 17:06:35,395 INFO org.springframework.boot.StartupInfoLogger [main] Starting TestSessisonManagerConnection on nikos with PID 99119 (started by nikos in /home/nikos/NetBeansProjects/seal.eidas.idp)
2020-07-30 17:06:35,397 INFO org.springframework.boot.SpringApplication [main] The following profiles are active: test
2020-07-30 17:06:38,188 INFO org.eclipse.jetty.util.log.Log [main] Logging initialized @4361ms to org.eclipse.jetty.util.log.Slf4jLog
2020-07-30 17:06:38,772 INFO org.springframework.scheduling.concurrent.ExecutorConfigurationSupport [main] Initializing ExecutorService 'applicationTaskExecutor'
2020-07-30 17:06:39,315 INFO org.springframework.security.web.DefaultSecurityFilterChain [main] Creating filter chain: any request, [org.springframework.security.web.context.request.async.WebAsyncManagerIntegrationFilter@8c0a23f, org.springframework.security.web.context.SecurityContextPersistenceFilter@3830b06c, org.springframework.security.web.header.HeaderWriterFilter@1e00bfe2, org.springframework.security.web.csrf.CsrfFilter@78c262ba, org.springframework.security.web.authentication.logout.LogoutFilter@77524ca7, org.springframework.security.oauth2.client.web.OAuth2AuthorizationRequestRedirectFilter@7abeabe9, org.springframework.security.oauth2.client.web.OAuth2AuthorizationRequestRedirectFilter@34045582, org.springframework.security.oauth2.client.web.OAuth2LoginAuthenticationFilter@8c43966, org.springframework.security.web.authentication.ui.DefaultLoginPageGeneratingFilter@525647f3, org.springframework.security.web.authentication.ui.DefaultLogoutPageGeneratingFilter@44d7e24, org.springframework.security.web.savedrequest.RequestCacheAwareFilter@15214920, org.springframework.security.web.servletapi.SecurityContextHolderAwareRequestFilter@3a3b10f4, org.springframework.security.web.authentication.AnonymousAuthenticationFilter@26c8b296, org.springframework.security.oauth2.client.web.OAuth2AuthorizationCodeGrantFilter@5a4dda2, org.springframework.security.web.session.SessionManagementFilter@6a2d867d, org.springframework.security.web.access.ExceptionTranslationFilter@6a98f353, org.springframework.security.web.access.intercept.FilterSecurityInterceptor@2bebd114]
2020-07-30 17:06:39,427 INFO org.springframework.mock.web.MockServletContext [main] Initializing Spring TestDispatcherServlet ''
2020-07-30 17:06:39,428 INFO org.springframework.web.servlet.FrameworkServlet [main] Initializing Servlet ''
2020-07-30 17:06:39,440 INFO org.springframework.web.servlet.FrameworkServlet [main] Completed initialization in 12 ms
2020-07-30 17:06:39,488 INFO org.springframework.boot.StartupInfoLogger [main] Started TestSessisonManagerConnection in 4.576 seconds (JVM running for 5.662)
2020-07-30 17:06:41,749 INFO gr.uagean.loginWebApp.service.impl.NetworkServiceImpl [main] request failed will retry
2020-07-30 17:06:41,970 INFO gr.uagean.loginWebApp.service.impl.NetworkServiceImpl [main] request failed will retry
2020-07-30 17:06:42,098 INFO org.springframework.scheduling.concurrent.ExecutorConfigurationSupport [SpringContextShutdownHook] Shutting down ExecutorService 'applicationTaskExecutor'
2020-07-30 17:09:52,286 INFO org.springframework.boot.StartupInfoLogger [main] Starting TestSessisonManagerConnection on nikos with PID 99290 (started by nikos in /home/nikos/NetBeansProjects/seal.eidas.idp)
2020-07-30 17:09:52,289 INFO org.springframework.boot.SpringApplication [main] The following profiles are active: test
2020-07-30 17:09:55,252 INFO org.eclipse.jetty.util.log.Log [main] Logging initialized @4433ms to org.eclipse.jetty.util.log.Slf4jLog
2020-07-30 17:09:55,883 INFO org.springframework.scheduling.concurrent.ExecutorConfigurationSupport [main] Initializing ExecutorService 'applicationTaskExecutor'
2020-07-30 17:09:56,587 INFO org.springframework.security.web.DefaultSecurityFilterChain [main] Creating filter chain: any request, [org.springframework.security.web.context.request.async.WebAsyncManagerIntegrationFilter@34045582, org.springframework.security.web.context.SecurityContextPersistenceFilter@209f3887, org.springframework.security.web.header.HeaderWriterFilter@632383b9, org.springframework.security.web.csrf.CsrfFilter@19f02280, org.springframework.security.web.authentication.logout.LogoutFilter@20a24edf, org.springframework.security.oauth2.client.web.OAuth2AuthorizationRequestRedirectFilter@6df4af5, org.springframework.security.oauth2.client.web.OAuth2AuthorizationRequestRedirectFilter@5a05dd30, org.springframework.security.oauth2.client.web.OAuth2LoginAuthenticationFilter@250d440, org.springframework.security.web.authentication.ui.DefaultLoginPageGeneratingFilter@426131d7, org.springframework.security.web.authentication.ui.DefaultLogoutPageGeneratingFilter@3db65c0d, org.springframework.security.web.savedrequest.RequestCacheAwareFilter@3b35798, org.springframework.security.web.servletapi.SecurityContextHolderAwareRequestFilter@784d9bc, org.springframework.security.web.authentication.AnonymousAuthenticationFilter@1edccfd4, org.springframework.security.oauth2.client.web.OAuth2AuthorizationCodeGrantFilter@17c0274c, org.springframework.security.web.session.SessionManagementFilter@339f3a55, org.springframework.security.web.access.ExceptionTranslationFilter@6d0290d8, org.springframework.security.web.access.intercept.FilterSecurityInterceptor@53a50b0a]
2020-07-30 17:09:56,689 INFO org.springframework.mock.web.MockServletContext [main] Initializing Spring TestDispatcherServlet ''
2020-07-30 17:09:56,690 INFO org.springframework.web.servlet.FrameworkServlet [main] Initializing Servlet ''
2020-07-30 17:09:56,703 INFO org.springframework.web.servlet.FrameworkServlet [main] Completed initialization in 13 ms
2020-07-30 17:09:56,731 INFO org.springframework.boot.StartupInfoLogger [main] Started TestSessisonManagerConnection in 4.981 seconds (JVM running for 5.914)
2020-07-30 17:09:58,609 INFO gr.uagean.loginWebApp.service.impl.NetworkServiceImpl [main] request failed will retry
2020-07-30 17:09:58,840 INFO gr.uagean.loginWebApp.service.impl.NetworkServiceImpl [main] request failed will retry
2020-07-30 17:09:58,945 INFO org.springframework.scheduling.concurrent.ExecutorConfigurationSupport [SpringContextShutdownHook] Shutting down ExecutorService 'applicationTaskExecutor'
2020-07-30 17:12:18,110 INFO org.springframework.boot.StartupInfoLogger [main] Starting TestSessisonManagerConnection on nikos with PID 99424 (started by nikos in /home/nikos/NetBeansProjects/seal.eidas.idp)
2020-07-30 17:12:18,113 INFO org.springframework.boot.SpringApplication [main] The following profiles are active: test
2020-07-30 17:12:21,535 INFO org.eclipse.jetty.util.log.Log [main] Logging initialized @5344ms to org.eclipse.jetty.util.log.Slf4jLog
2020-07-30 17:12:22,180 INFO org.springframework.scheduling.concurrent.ExecutorConfigurationSupport [main] Initializing ExecutorService 'applicationTaskExecutor'
2020-07-30 17:12:22,975 INFO org.springframework.security.web.DefaultSecurityFilterChain [main] Creating filter chain: any request, [org.springframework.security.web.context.request.async.WebAsyncManagerIntegrationFilter@73da303e, org.springframework.security.web.context.SecurityContextPersistenceFilter@43d6262c, org.springframework.security.web.header.HeaderWriterFilter@131d977f, org.springframework.security.web.csrf.CsrfFilter@2110684a, org.springframework.security.web.authentication.logout.LogoutFilter@3b2c8bda, org.springframework.security.oauth2.client.web.OAuth2AuthorizationRequestRedirectFilter@5d3634c8, org.springframework.security.oauth2.client.web.OAuth2AuthorizationRequestRedirectFilter@53a09566, org.springframework.security.oauth2.client.web.OAuth2LoginAuthenticationFilter@1c815814, org.springframework.security.web.authentication.ui.DefaultLoginPageGeneratingFilter@41bd6a0f, org.springframework.security.web.authentication.ui.DefaultLogoutPageGeneratingFilter@24068086, org.springframework.security.web.savedrequest.RequestCacheAwareFilter@38cf4497, org.springframework.security.web.servletapi.SecurityContextHolderAwareRequestFilter@7c47e077, org.springframework.security.web.authentication.AnonymousAuthenticationFilter@32513dea, org.springframework.security.oauth2.client.web.OAuth2AuthorizationCodeGrantFilter@174e1b99, org.springframework.security.web.session.SessionManagementFilter@4f552aa2, org.springframework.security.web.access.ExceptionTranslationFilter@49cceb19, org.springframework.security.web.access.intercept.FilterSecurityInterceptor@3bf01a01]
2020-07-30 17:12:23,086 INFO org.springframework.mock.web.MockServletContext [main] Initializing Spring TestDispatcherServlet ''
2020-07-30 17:12:23,087 INFO org.springframework.web.servlet.FrameworkServlet [main] Initializing Servlet ''
2020-07-30 17:12:23,098 INFO org.springframework.web.servlet.FrameworkServlet [main] Completed initialization in 11 ms
2020-07-30 17:12:23,122 INFO org.springframework.boot.StartupInfoLogger [main] Started TestSessisonManagerConnection in 5.666 seconds (JVM running for 6.932)
2020-07-30 17:13:01,506 INFO gr.uagean.loginWebApp.service.impl.NetworkServiceImpl [main] request failed will retry
2020-07-30 17:13:07,946 INFO gr.uagean.loginWebApp.service.impl.NetworkServiceImpl [main] request failed will retry
2020-07-30 17:13:08,019 INFO org.springframework.scheduling.concurrent.ExecutorConfigurationSupport [SpringContextShutdownHook] Shutting down ExecutorService 'applicationTaskExecutor'
2020-07-30 17:13:27,107 INFO org.springframework.boot.StartupInfoLogger [main] Starting TestSessisonManagerConnection on nikos with PID 99524 (started by nikos in /home/nikos/NetBeansProjects/seal.eidas.idp)
2020-07-30 17:13:27,110 INFO org.springframework.boot.SpringApplication [main] The following profiles are active: test
2020-07-30 17:13:30,484 INFO org.eclipse.jetty.util.log.Log [main] Logging initialized @4920ms to org.eclipse.jetty.util.log.Slf4jLog
2020-07-30 17:13:31,106 INFO org.springframework.scheduling.concurrent.ExecutorConfigurationSupport [main] Initializing ExecutorService 'applicationTaskExecutor'
2020-07-30 17:13:31,808 INFO org.springframework.security.web.DefaultSecurityFilterChain [main] Creating filter chain: any request, [org.springframework.security.web.context.request.async.WebAsyncManagerIntegrationFilter@7f27f59b, org.springframework.security.web.context.SecurityContextPersistenceFilter@426131d7, org.springframework.security.web.header.HeaderWriterFilter@3830b06c, org.springframework.security.web.csrf.CsrfFilter@7d2c345d, org.springframework.security.web.authentication.logout.LogoutFilter@280fafd, org.springframework.security.oauth2.client.web.OAuth2AuthorizationRequestRedirectFilter@76c86567, org.springframework.security.oauth2.client.web.OAuth2AuthorizationRequestRedirectFilter@11a3a45f, org.springframework.security.oauth2.client.web.OAuth2LoginAuthenticationFilter@8c0a23f, org.springframework.security.web.authentication.ui.DefaultLoginPageGeneratingFilter@691541bc, org.springframework.security.web.authentication.ui.DefaultLogoutPageGeneratingFilter@1c98b4eb, org.springframework.security.web.savedrequest.RequestCacheAwareFilter@7c7e73c5, org.springframework.security.web.servletapi.SecurityContextHolderAwareRequestFilter@29962b2f, org.springframework.security.web.authentication.AnonymousAuthenticationFilter@45801322, org.springframework.security.oauth2.client.web.OAuth2AuthorizationCodeGrantFilter@8c43966, org.springframework.security.web.session.SessionManagementFilter@15214920, org.springframework.security.web.access.ExceptionTranslationFilter@73bb1337, org.springframework.security.web.access.intercept.FilterSecurityInterceptor@5a14e60d]
2020-07-30 17:13:31,917 INFO org.springframework.mock.web.MockServletContext [main] Initializing Spring TestDispatcherServlet ''
2020-07-30 17:13:31,917 INFO org.springframework.web.servlet.FrameworkServlet [main] Initializing Servlet ''
2020-07-30 17:13:31,931 INFO org.springframework.web.servlet.FrameworkServlet [main] Completed initialization in 13 ms
2020-07-30 17:13:31,960 INFO org.springframework.boot.StartupInfoLogger [main] Started TestSessisonManagerConnection in 5.342 seconds (JVM running for 6.397)
2020-07-30 17:13:34,569 INFO gr.uagean.loginWebApp.service.impl.NetworkServiceImpl [main] request failed will retry
2020-07-30 17:13:34,789 INFO gr.uagean.loginWebApp.service.impl.NetworkServiceImpl [main] request failed will retry
2020-07-30 17:13:34,876 INFO org.springframework.scheduling.concurrent.ExecutorConfigurationSupport [SpringContextShutdownHook] Shutting down ExecutorService 'applicationTaskExecutor'
2020-07-30 17:13:44,750 INFO org.springframework.boot.StartupInfoLogger [main] Starting TestSessisonManagerConnection on nikos with PID 99613 (started by nikos in /home/nikos/NetBeansProjects/seal.eidas.idp)
2020-07-30 17:13:44,757 INFO org.springframework.boot.SpringApplication [main] The following profiles are active: test
2020-07-30 17:13:48,497 INFO org.eclipse.jetty.util.log.Log [main] Logging initialized @5640ms to org.eclipse.jetty.util.log.Slf4jLog
2020-07-30 17:13:49,129 INFO org.springframework.scheduling.concurrent.ExecutorConfigurationSupport [main] Initializing ExecutorService 'applicationTaskExecutor'
2020-07-30 17:13:49,784 INFO org.springframework.security.web.DefaultSecurityFilterChain [main] Creating filter chain: any request, [org.springframework.security.web.context.request.async.WebAsyncManagerIntegrationFilter@6e67a8c0, org.springframework.security.web.context.SecurityContextPersistenceFilter@212e39ee, org.springframework.security.web.header.HeaderWriterFilter@1cb44a2f, org.springframework.security.web.csrf.CsrfFilter@71668a67, org.springframework.security.web.authentication.logout.LogoutFilter@294c44b7, org.springframework.security.oauth2.client.web.OAuth2AuthorizationRequestRedirectFilter@56f72909, org.springframework.security.oauth2.client.web.OAuth2AuthorizationRequestRedirectFilter@145fe8ab, org.springframework.security.oauth2.client.web.OAuth2LoginAuthenticationFilter@3b347439, org.springframework.security.web.authentication.ui.DefaultLoginPageGeneratingFilter@1c411474, org.springframework.security.web.authentication.ui.DefaultLogoutPageGeneratingFilter@5960f17, org.springframework.security.web.savedrequest.RequestCacheAwareFilter@79617c3d, org.springframework.security.web.servletapi.SecurityContextHolderAwareRequestFilter@9d3a7a1, org.springframework.security.web.authentication.AnonymousAuthenticationFilter@1d1b3620, org.springframework.security.oauth2.client.web.OAuth2AuthorizationCodeGrantFilter@520c3dcb, org.springframework.security.web.session.SessionManagementFilter@2a661215, org.springframework.security.web.access.ExceptionTranslationFilter@2d3b0978, org.springframework.security.web.access.intercept.FilterSecurityInterceptor@4182a651]
2020-07-30 17:13:49,903 INFO org.springframework.mock.web.MockServletContext [main] Initializing Spring TestDispatcherServlet ''
2020-07-30 17:13:49,904 INFO org.springframework.web.servlet.FrameworkServlet [main] Initializing Servlet ''
2020-07-30 17:13:49,918 INFO org.springframework.web.servlet.FrameworkServlet [main] Completed initialization in 14 ms
2020-07-30 17:13:49,943 INFO org.springframework.boot.StartupInfoLogger [main] Started TestSessisonManagerConnection in 5.887 seconds (JVM running for 7.088)
2020-07-30 17:13:56,932 INFO gr.uagean.loginWebApp.service.impl.NetworkServiceImpl [main] request failed will retry
2020-07-30 17:14:00,499 INFO gr.uagean.loginWebApp.service.impl.NetworkServiceImpl [main] request failed will retry
2020-07-30 17:14:00,642 INFO org.springframework.scheduling.concurrent.ExecutorConfigurationSupport [SpringContextShutdownHook] Shutting down ExecutorService 'applicationTaskExecutor'
2020-07-30 17:14:51,676 INFO org.springframework.boot.StartupInfoLogger [main] Starting TestSessisonManagerConnection on nikos with PID 99733 (started by nikos in /home/nikos/NetBeansProjects/seal.eidas.idp)
2020-07-30 17:14:51,679 INFO org.springframework.boot.SpringApplication [main] The following profiles are active: test
2020-07-30 17:15:01,393 INFO org.eclipse.jetty.util.log.Log [main] Logging initialized @11237ms to org.eclipse.jetty.util.log.Slf4jLog
2020-07-30 17:15:02,046 INFO org.springframework.scheduling.concurrent.ExecutorConfigurationSupport [main] Initializing ExecutorService 'applicationTaskExecutor'
2020-07-30 17:15:02,768 INFO org.springframework.security.web.DefaultSecurityFilterChain [main] Creating filter chain: any request, [org.springframework.security.web.context.request.async.WebAsyncManagerIntegrationFilter@26c8b296, org.springframework.security.web.context.SecurityContextPersistenceFilter@15214920, org.springframework.security.web.header.HeaderWriterFilter@6a2d867d, org.springframework.security.web.csrf.CsrfFilter@329dc214, org.springframework.security.web.authentication.logout.LogoutFilter@18e4674d, org.springframework.security.oauth2.client.web.OAuth2AuthorizationRequestRedirectFilter@1b52699c, org.springframework.security.oauth2.client.web.OAuth2AuthorizationRequestRedirectFilter@1edccfd4, org.springframework.security.oauth2.client.web.OAuth2LoginAuthenticationFilter@11a3a45f, org.springframework.security.web.authentication.ui.DefaultLoginPageGeneratingFilter@20a24edf, org.springframework.security.web.authentication.ui.DefaultLogoutPageGeneratingFilter@1d289d3f, org.springframework.security.web.savedrequest.RequestCacheAwareFilter@3a0aaaf0, org.springframework.security.web.servletapi.SecurityContextHolderAwareRequestFilter@525647f3, org.springframework.security.web.authentication.AnonymousAuthenticationFilter@10f405ff, org.springframework.security.oauth2.client.web.OAuth2AuthorizationCodeGrantFilter@34045582, org.springframework.security.web.session.SessionManagementFilter@685f5d0d, org.springframework.security.web.access.ExceptionTranslationFilter@1e00bfe2, org.springframework.security.web.access.intercept.FilterSecurityInterceptor@374c40ba]
2020-07-30 17:15:02,896 INFO org.springframework.mock.web.MockServletContext [main] Initializing Spring TestDispatcherServlet ''
2020-07-30 17:15:02,897 INFO org.springframework.web.servlet.FrameworkServlet [main] Initializing Servlet ''
2020-07-30 17:15:02,913 INFO org.springframework.web.servlet.FrameworkServlet [main] Completed initialization in 15 ms
2020-07-30 17:15:02,937 INFO org.springframework.boot.StartupInfoLogger [main] Started TestSessisonManagerConnection in 11.761 seconds (JVM running for 12.782)
2020-07-30 17:15:04,335 INFO gr.uagean.loginWebApp.service.impl.NetworkServiceImpl [main] request failed will retry
2020-07-30 17:15:04,533 INFO gr.uagean.loginWebApp.service.impl.NetworkServiceImpl [main] request failed will retry
2020-07-30 17:15:04,647 INFO org.springframework.scheduling.concurrent.ExecutorConfigurationSupport [SpringContextShutdownHook] Shutting down ExecutorService 'applicationTaskExecutor'
2020-07-30 17:15:20,066 INFO org.springframework.boot.StartupInfoLogger [main] Starting TestSessisonManagerConnection on nikos with PID 99841 (started by nikos in /home/nikos/NetBeansProjects/seal.eidas.idp)
2020-07-30 17:15:20,068 INFO org.springframework.boot.SpringApplication [main] The following profiles are active: test
2020-07-30 17:15:23,377 INFO org.eclipse.jetty.util.log.Log [main] Logging initialized @4830ms to org.eclipse.jetty.util.log.Slf4jLog
2020-07-30 17:15:23,886 INFO org.springframework.scheduling.concurrent.ExecutorConfigurationSupport [main] Initializing ExecutorService 'applicationTaskExecutor'
2020-07-30 17:15:24,436 INFO org.springframework.security.web.DefaultSecurityFilterChain [main] Creating filter chain: any request, [org.springframework.security.web.context.request.async.WebAsyncManagerIntegrationFilter@11a3a45f, org.springframework.security.web.context.SecurityContextPersistenceFilter@6a2d867d, org.springframework.security.web.header.HeaderWriterFilter@209f3887, org.springframework.security.web.csrf.CsrfFilter@c412556, org.springframework.security.web.authentication.logout.LogoutFilter@43a4a9e5, org.springframework.security.oauth2.client.web.OAuth2AuthorizationRequestRedirectFilter@448c92fc, org.springframework.security.oauth2.client.web.OAuth2AuthorizationRequestRedirectFilter@7e5efcab, org.springframework.security.oauth2.client.web.OAuth2LoginAuthenticationFilter@34045582, org.springframework.security.web.authentication.ui.DefaultLoginPageGeneratingFilter@3554bdc0, org.springframework.security.web.authentication.ui.DefaultLogoutPageGeneratingFilter@69796bd0, org.springframework.security.web.savedrequest.RequestCacheAwareFilter@685f5d0d, org.springframework.security.web.servletapi.SecurityContextHolderAwareRequestFilter@13cc0b90, org.springframework.security.web.authentication.AnonymousAuthenticationFilter@40df6090, org.springframework.security.oauth2.client.web.OAuth2AuthorizationCodeGrantFilter@250d440, org.springframework.security.web.session.SessionManagementFilter@3b35798, org.springframework.security.web.access.ExceptionTranslationFilter@2dd63e3, org.springframework.security.web.access.intercept.FilterSecurityInterceptor@26e0d39c]
2020-07-30 17:15:24,538 INFO org.springframework.mock.web.MockServletContext [main] Initializing Spring TestDispatcherServlet ''
2020-07-30 17:15:24,538 INFO org.springframework.web.servlet.FrameworkServlet [main] Initializing Servlet ''
2020-07-30 17:15:24,548 INFO org.springframework.web.servlet.FrameworkServlet [main] Completed initialization in 9 ms
2020-07-30 17:15:24,580 INFO org.springframework.boot.StartupInfoLogger [main] Started TestSessisonManagerConnection in 5.013 seconds (JVM running for 6.033)
2020-07-30 17:15:26,531 INFO gr.uagean.loginWebApp.service.impl.NetworkServiceImpl [main] request failed will retry
2020-07-30 17:15:26,735 INFO gr.uagean.loginWebApp.service.impl.NetworkServiceImpl [main] request failed will retry
2020-07-30 17:15:26,831 INFO org.springframework.scheduling.concurrent.ExecutorConfigurationSupport [SpringContextShutdownHook] Shutting down ExecutorService 'applicationTaskExecutor'
2020-07-30 17:15:47,096 INFO org.springframework.boot.StartupInfoLogger [main] Starting TestSessisonManagerConnection on nikos with PID 99938 (started by nikos in /home/nikos/NetBeansProjects/seal.eidas.idp)
2020-07-30 17:15:47,100 INFO org.springframework.boot.SpringApplication [main] The following profiles are active: test
2020-07-30 17:15:50,391 INFO org.eclipse.jetty.util.log.Log [main] Logging initialized @5128ms to org.eclipse.jetty.util.log.Slf4jLog
2020-07-30 17:15:51,041 INFO org.springframework.scheduling.concurrent.ExecutorConfigurationSupport [main] Initializing ExecutorService 'applicationTaskExecutor'
2020-07-30 17:15:51,729 INFO org.springframework.security.web.DefaultSecurityFilterChain [main] Creating filter chain: any request, [org.springframework.security.web.context.request.async.WebAsyncManagerIntegrationFilter@683fe7b5, org.springframework.security.web.context.SecurityContextPersistenceFilter@41f40dfa, org.springframework.security.web.header.HeaderWriterFilter@2299f6d7, org.springframework.security.web.csrf.CsrfFilter@20a946d9, org.springframework.security.web.authentication.logout.LogoutFilter@5b64f771, org.springframework.security.oauth2.client.web.OAuth2AuthorizationRequestRedirectFilter@18d22ecf, org.springframework.security.oauth2.client.web.OAuth2AuthorizationRequestRedirectFilter@67a38, org.springframework.security.oauth2.client.web.OAuth2LoginAuthenticationFilter@7ef4aceb, org.springframework.security.web.authentication.ui.DefaultLoginPageGeneratingFilter@52eca410, org.springframework.security.web.authentication.ui.DefaultLogoutPageGeneratingFilter@5b5b8730, org.springframework.security.web.savedrequest.RequestCacheAwareFilter@4331be30, org.springframework.security.web.servletapi.SecurityContextHolderAwareRequestFilter@65d23aa3, org.springframework.security.web.authentication.AnonymousAuthenticationFilter@93fb44, org.springframework.security.oauth2.client.web.OAuth2AuthorizationCodeGrantFilter@1818390b, org.springframework.security.web.session.SessionManagementFilter@6c9151c1, org.springframework.security.web.access.ExceptionTranslationFilter@611a2d82, org.springframework.security.web.access.intercept.FilterSecurityInterceptor@45f0038]
2020-07-30 17:15:51,854 INFO org.springframework.mock.web.MockServletContext [main] Initializing Spring TestDispatcherServlet ''
2020-07-30 17:15:51,854 INFO org.springframework.web.servlet.FrameworkServlet [main] Initializing Servlet ''
2020-07-30 17:15:51,870 INFO org.springframework.web.servlet.FrameworkServlet [main] Completed initialization in 15 ms
2020-07-30 17:15:51,901 INFO org.springframework.boot.StartupInfoLogger [main] Started TestSessisonManagerConnection in 5.434 seconds (JVM running for 6.64)
2020-07-30 17:15:58,862 INFO gr.uagean.loginWebApp.service.impl.NetworkServiceImpl [main] request failed will retry
2020-07-30 17:16:03,127 INFO gr.uagean.loginWebApp.service.impl.NetworkServiceImpl [main] request failed will retry
2020-07-30 17:16:03,260 INFO org.springframework.scheduling.concurrent.ExecutorConfigurationSupport [SpringContextShutdownHook] Shutting down ExecutorService 'applicationTaskExecutor'
2020-07-30 17:16:29,452 INFO org.springframework.boot.StartupInfoLogger [main] Starting TestSessisonManagerConnection on nikos with PID 100023 (started by nikos in /home/nikos/NetBeansProjects/seal.eidas.idp)
2020-07-30 17:16:29,455 INFO org.springframework.boot.SpringApplication [main] The following profiles are active: test
2020-07-30 17:16:32,330 INFO org.eclipse.jetty.util.log.Log [main] Logging initialized @5153ms to org.eclipse.jetty.util.log.Slf4jLog
2020-07-30 17:16:32,984 INFO org.springframework.scheduling.concurrent.ExecutorConfigurationSupport [main] Initializing ExecutorService 'applicationTaskExecutor'
2020-07-30 17:16:33,726 INFO org.springframework.security.web.DefaultSecurityFilterChain [main] Creating filter chain: any request, [org.springframework.security.web.context.request.async.WebAsyncManagerIntegrationFilter@117fb9ba, org.springframework.security.web.context.SecurityContextPersistenceFilter@2f75a9b1, org.springframework.security.web.header.HeaderWriterFilter@2dde0a34, org.springframework.security.web.csrf.CsrfFilter@7c47e077, org.springframework.security.web.authentication.logout.LogoutFilter@43778371, org.springframework.security.oauth2.client.web.OAuth2AuthorizationRequestRedirectFilter@1b8ee69d, org.springframework.security.oauth2.client.web.OAuth2AuthorizationRequestRedirectFilter@1fa18f87, org.springframework.security.oauth2.client.web.OAuth2LoginAuthenticationFilter@1d9bd1d6, org.springframework.security.web.authentication.ui.DefaultLoginPageGeneratingFilter@3d3b272a, org.springframework.security.web.authentication.ui.DefaultLogoutPageGeneratingFilter@2b1d1a5, org.springframework.security.web.savedrequest.RequestCacheAwareFilter@57a982f9, org.springframework.security.web.servletapi.SecurityContextHolderAwareRequestFilter@3359c3f6, org.springframework.security.web.authentication.AnonymousAuthenticationFilter@41e7a544, org.springframework.security.oauth2.client.web.OAuth2AuthorizationCodeGrantFilter@4449b273, org.springframework.security.web.session.SessionManagementFilter@1b632442, org.springframework.security.web.access.ExceptionTranslationFilter@35a9e665, org.springframework.security.web.access.intercept.FilterSecurityInterceptor@5960f17]
2020-07-30 17:16:33,826 INFO org.springframework.mock.web.MockServletContext [main] Initializing Spring TestDispatcherServlet ''
2020-07-30 17:16:33,827 INFO org.springframework.web.servlet.FrameworkServlet [main] Initializing Servlet ''
2020-07-30 17:16:33,841 INFO org.springframework.web.servlet.FrameworkServlet [main] Completed initialization in 14 ms
2020-07-30 17:16:33,866 INFO org.springframework.boot.StartupInfoLogger [main] Started TestSessisonManagerConnection in 5.053 seconds (JVM running for 6.691)
2020-07-30 17:16:37,173 INFO gr.uagean.loginWebApp.service.impl.NetworkServiceImpl [main] request failed will retry
2020-07-30 17:16:38,367 INFO gr.uagean.loginWebApp.service.impl.NetworkServiceImpl [main] request failed will retry
2020-07-30 17:16:38,470 INFO org.springframework.scheduling.concurrent.ExecutorConfigurationSupport [SpringContextShutdownHook] Shutting down ExecutorService 'applicationTaskExecutor'
2020-07-30 17:17:26,502 INFO org.springframework.boot.StartupInfoLogger [main] Starting TestSessisonManagerConnection on nikos with PID 100112 (started by nikos in /home/nikos/NetBeansProjects/seal.eidas.idp)
2020-07-30 17:17:26,504 INFO org.springframework.boot.SpringApplication [main] The following profiles are active: test
2020-07-30 17:17:29,217 INFO org.eclipse.jetty.util.log.Log [main] Logging initialized @4171ms to org.eclipse.jetty.util.log.Slf4jLog
2020-07-30 17:17:29,911 INFO org.springframework.scheduling.concurrent.ExecutorConfigurationSupport [main] Initializing ExecutorService 'applicationTaskExecutor'
2020-07-30 17:17:30,594 INFO org.springframework.security.web.DefaultSecurityFilterChain [main] Creating filter chain: any request, [org.springframework.security.web.context.request.async.WebAsyncManagerIntegrationFilter@3520958b, org.springframework.security.web.context.SecurityContextPersistenceFilter@58687fb7, org.springframework.security.web.header.HeaderWriterFilter@3a0aaaf0, org.springframework.security.web.csrf.CsrfFilter@357c9bd9, org.springframework.security.web.authentication.logout.LogoutFilter@4b03cbad, org.springframework.security.oauth2.client.web.OAuth2AuthorizationRequestRedirectFilter@34045582, org.springframework.security.oauth2.client.web.OAuth2AuthorizationRequestRedirectFilter@44d7e24, org.springframework.security.oauth2.client.web.OAuth2LoginAuthenticationFilter@10f405ff, org.springframework.security.web.authentication.ui.DefaultLoginPageGeneratingFilter@35145874, org.springframework.security.web.authentication.ui.DefaultLogoutPageGeneratingFilter@6cc64028, org.springframework.security.web.savedrequest.RequestCacheAwareFilter@3a3b10f4, org.springframework.security.web.servletapi.SecurityContextHolderAwareRequestFilter@43a4a9e5, org.springframework.security.web.authentication.AnonymousAuthenticationFilter@291a4791, org.springframework.security.oauth2.client.web.OAuth2AuthorizationCodeGrantFilter@40df6090, org.springframework.security.web.session.SessionManagementFilter@5d9618f2, org.springframework.security.web.access.ExceptionTranslationFilter@15214920, org.springframework.security.web.access.intercept.FilterSecurityInterceptor@3709748f]
2020-07-30 17:17:30,703 INFO org.springframework.mock.web.MockServletContext [main] Initializing Spring TestDispatcherServlet ''
2020-07-30 17:17:30,704 INFO org.springframework.web.servlet.FrameworkServlet [main] Initializing Servlet ''
2020-07-30 17:17:30,717 INFO org.springframework.web.servlet.FrameworkServlet [main] Completed initialization in 13 ms
2020-07-30 17:17:30,745 INFO org.springframework.boot.StartupInfoLogger [main] Started TestSessisonManagerConnection in 4.737 seconds (JVM running for 5.7)
2020-07-30 17:17:32,583 INFO gr.uagean.loginWebApp.service.impl.NetworkServiceImpl [main] request failed will retry
2020-07-30 17:17:32,766 INFO gr.uagean.loginWebApp.service.impl.NetworkServiceImpl [main] request failed will retry
2020-07-30 17:17:32,858 INFO org.springframework.scheduling.concurrent.ExecutorConfigurationSupport [SpringContextShutdownHook] Shutting down ExecutorService 'applicationTaskExecutor'
2020-07-30 17:19:08,671 INFO org.springframework.boot.StartupInfoLogger [main] Starting TestSessisonManagerConnection on nikos with PID 100223 (started by nikos in /home/nikos/NetBeansProjects/seal.eidas.idp)
2020-07-30 17:19:08,674 INFO org.springframework.boot.SpringApplication [main] The following profiles are active: test
2020-07-30 17:19:12,347 INFO org.eclipse.jetty.util.log.Log [main] Logging initialized @5162ms to org.eclipse.jetty.util.log.Slf4jLog
2020-07-30 17:19:12,947 INFO org.springframework.scheduling.concurrent.ExecutorConfigurationSupport [main] Initializing ExecutorService 'applicationTaskExecutor'
2020-07-30 17:19:13,562 INFO org.springframework.security.web.DefaultSecurityFilterChain [main] Creating filter chain: any request, [org.springframework.security.web.context.request.async.WebAsyncManagerIntegrationFilter@7f27f59b, org.springframework.security.web.context.SecurityContextPersistenceFilter@426131d7, org.springframework.security.web.header.HeaderWriterFilter@3830b06c, org.springframework.security.web.csrf.CsrfFilter@7d2c345d, org.springframework.security.web.authentication.logout.LogoutFilter@280fafd, org.springframework.security.oauth2.client.web.OAuth2AuthorizationRequestRedirectFilter@76c86567, org.springframework.security.oauth2.client.web.OAuth2AuthorizationRequestRedirectFilter@11a3a45f, org.springframework.security.oauth2.client.web.OAuth2LoginAuthenticationFilter@8c0a23f, org.springframework.security.web.authentication.ui.DefaultLoginPageGeneratingFilter@691541bc, org.springframework.security.web.authentication.ui.DefaultLogoutPageGeneratingFilter@1c98b4eb, org.springframework.security.web.savedrequest.RequestCacheAwareFilter@7c7e73c5, org.springframework.security.web.servletapi.SecurityContextHolderAwareRequestFilter@29962b2f, org.springframework.security.web.authentication.AnonymousAuthenticationFilter@45801322, org.springframework.security.oauth2.client.web.OAuth2AuthorizationCodeGrantFilter@8c43966, org.springframework.security.web.session.SessionManagementFilter@15214920, org.springframework.security.web.access.ExceptionTranslationFilter@73bb1337, org.springframework.security.web.access.intercept.FilterSecurityInterceptor@5a14e60d]
2020-07-30 17:19:13,667 INFO org.springframework.mock.web.MockServletContext [main] Initializing Spring TestDispatcherServlet ''
2020-07-30 17:19:13,667 INFO org.springframework.web.servlet.FrameworkServlet [main] Initializing Servlet ''
2020-07-30 17:19:13,679 INFO org.springframework.web.servlet.FrameworkServlet [main] Completed initialization in 11 ms
2020-07-30 17:19:13,706 INFO org.springframework.boot.StartupInfoLogger [main] Started TestSessisonManagerConnection in 5.551 seconds (JVM running for 6.521)
2020-07-30 17:19:14,943 INFO gr.uagean.loginWebApp.service.impl.NetworkServiceImpl [main] sending request at http://vm.project-seal.eu:9090/sm/updateSessionData
2020-07-30 17:19:15,110 INFO gr.uagean.loginWebApp.service.impl.NetworkServiceImpl [main] sending request at http://vm.project-seal.eu:9090/sm/updateSessionData
2020-07-30 17:19:15,268 INFO gr.uagean.loginWebApp.service.impl.NetworkServiceImpl [main] sending request at http://vm.project-seal.eu:9090/sm/updateSessionData
2020-07-30 17:19:15,436 INFO gr.uagean.loginWebApp.service.impl.NetworkServiceImpl [main] sending request at http://vm.project-seal.eu:9090/sm/updateSessionData
2020-07-30 17:19:15,593 INFO gr.uagean.loginWebApp.service.impl.NetworkServiceImpl [main] sending request at http://vm.project-seal.eu:9090/sm/new/add
2020-07-30 17:19:15,729 INFO gr.uagean.loginWebApp.service.impl.NetworkServiceImpl [main] request failed will retry
2020-07-30 17:19:15,737 INFO gr.uagean.loginWebApp.service.impl.NetworkServiceImpl [main] sending request at http://vm.project-seal.eu:9090/sm/new/add
2020-07-30 17:19:15,912 INFO gr.uagean.loginWebApp.service.impl.NetworkServiceImpl [main] request failed will retry
2020-07-30 17:19:16,091 INFO org.springframework.scheduling.concurrent.ExecutorConfigurationSupport [SpringContextShutdownHook] Shutting down ExecutorService 'applicationTaskExecutor'
2020-07-30 17:21:57,375 INFO org.springframework.boot.StartupInfoLogger [main] Starting TestSessisonManagerConnection on nikos with PID 100435 (started by nikos in /home/nikos/NetBeansProjects/seal.eidas.idp)
2020-07-30 17:21:57,378 INFO org.springframework.boot.SpringApplication [main] The following profiles are active: test
2020-07-30 17:22:00,289 INFO org.eclipse.jetty.util.log.Log [main] Logging initialized @4459ms to org.eclipse.jetty.util.log.Slf4jLog
2020-07-30 17:22:00,830 INFO org.springframework.scheduling.concurrent.ExecutorConfigurationSupport [main] Initializing ExecutorService 'applicationTaskExecutor'
2020-07-30 17:22:01,484 INFO org.springframework.security.web.DefaultSecurityFilterChain [main] Creating filter chain: any request, [org.springframework.security.web.context.request.async.WebAsyncManagerIntegrationFilter@45801322, org.springframework.security.web.context.SecurityContextPersistenceFilter@7c7e73c5, org.springframework.security.web.header.HeaderWriterFilter@15214920, org.springframework.security.web.csrf.CsrfFilter@5db948c9, org.springframework.security.web.authentication.logout.LogoutFilter@14b275bd, org.springframework.security.oauth2.client.web.OAuth2AuthorizationRequestRedirectFilter@5a4dda2, org.springframework.security.oauth2.client.web.OAuth2AuthorizationRequestRedirectFilter@40df6090, org.springframework.security.oauth2.client.web.OAuth2LoginAuthenticationFilter@26c8b296, org.springframework.security.web.authentication.ui.DefaultLoginPageGeneratingFilter@43a4a9e5, org.springframework.security.web.authentication.ui.DefaultLogoutPageGeneratingFilter@756b2d90, org.springframework.security.web.savedrequest.RequestCacheAwareFilter@58687fb7, org.springframework.security.web.servletapi.SecurityContextHolderAwareRequestFilter@691541bc, org.springframework.security.web.authentication.AnonymousAuthenticationFilter@3520958b, org.springframework.security.oauth2.client.web.OAuth2AuthorizationCodeGrantFilter@11a3a45f, org.springframework.security.web.session.SessionManagementFilter@3a0aaaf0, org.springframework.security.web.access.ExceptionTranslationFilter@3830b06c, org.springframework.security.web.access.intercept.FilterSecurityInterceptor@72ecbcb3]
2020-07-30 17:22:01,594 INFO org.springframework.mock.web.MockServletContext [main] Initializing Spring TestDispatcherServlet ''
2020-07-30 17:22:01,594 INFO org.springframework.web.servlet.FrameworkServlet [main] Initializing Servlet ''
2020-07-30 17:22:01,606 INFO org.springframework.web.servlet.FrameworkServlet [main] Completed initialization in 11 ms
2020-07-30 17:22:01,636 INFO org.springframework.boot.StartupInfoLogger [main] Started TestSessisonManagerConnection in 4.778 seconds (JVM running for 5.807)
2020-07-30 17:22:02,685 INFO gr.uagean.loginWebApp.service.impl.NetworkServiceImpl [main] sending request at http://vm.project-seal.eu:9090/sm/updateSessionData
2020-07-30 17:22:02,853 INFO gr.uagean.loginWebApp.service.impl.NetworkServiceImpl [main] sending request at http://vm.project-seal.eu:9090/sm/updateSessionData
2020-07-30 17:22:03,054 INFO gr.uagean.loginWebApp.service.impl.NetworkServiceImpl [main] sending request at http://vm.project-seal.eu:9090/sm/updateSessionData
2020-07-30 17:22:03,230 INFO gr.uagean.loginWebApp.service.impl.NetworkServiceImpl [main] sending request at http://vm.project-seal.eu:9090/sm/updateSessionData
2020-07-30 17:22:03,382 INFO gr.uagean.loginWebApp.service.impl.NetworkServiceImpl [main] sending request at http://vm.project-seal.eu:9090/sm/new/add
2020-07-30 17:22:03,815 INFO org.springframework.scheduling.concurrent.ExecutorConfigurationSupport [SpringContextShutdownHook] Shutting down ExecutorService 'applicationTaskExecutor'
2020-07-30 17:24:30,226 INFO org.springframework.boot.StartupInfoLogger [main] Starting TestSessisonManagerConnection on nikos with PID 100598 (started by nikos in /home/nikos/NetBeansProjects/seal.eidas.idp)
2020-07-30 17:24:30,227 INFO org.springframework.boot.SpringApplication [main] The following profiles are active: test
2020-07-30 17:24:33,415 INFO org.eclipse.jetty.util.log.Log [main] Logging initialized @4630ms to org.eclipse.jetty.util.log.Slf4jLog
2020-07-30 17:24:34,048 INFO org.springframework.scheduling.concurrent.ExecutorConfigurationSupport [main] Initializing ExecutorService 'applicationTaskExecutor'
2020-07-30 17:24:34,760 INFO org.springframework.security.web.DefaultSecurityFilterChain [main] Creating filter chain: any request, [org.springframework.security.web.context.request.async.WebAsyncManagerIntegrationFilter@10f405ff, org.springframework.security.web.context.SecurityContextPersistenceFilter@3a0aaaf0, org.springframework.security.web.header.HeaderWriterFilter@685f5d0d, org.springframework.security.web.csrf.CsrfFilter@64021427, org.springframework.security.web.authentication.logout.LogoutFilter@6af609ea, org.springframework.security.oauth2.client.web.OAuth2AuthorizationRequestRedirectFilter@250d440, org.springframework.security.oauth2.client.web.OAuth2AuthorizationRequestRedirectFilter@1efac5b9, org.springframework.security.oauth2.client.web.OAuth2LoginAuthenticationFilter@40df6090, org.springframework.security.web.authentication.ui.DefaultLoginPageGeneratingFilter@491f8831, org.springframework.security.web.authentication.ui.DefaultLogoutPageGeneratingFilter@7f27f59b, org.springframework.security.web.savedrequest.RequestCacheAwareFilter@5d9618f2, org.springframework.security.web.servletapi.SecurityContextHolderAwareRequestFilter@20a24edf, org.springframework.security.web.authentication.AnonymousAuthenticationFilter@1c98b4eb, org.springframework.security.oauth2.client.web.OAuth2AuthorizationCodeGrantFilter@1edccfd4, org.springframework.security.web.session.SessionManagementFilter@3e28d779, org.springframework.security.web.access.ExceptionTranslationFilter@6a2d867d, org.springframework.security.web.access.intercept.FilterSecurityInterceptor@6dcab9d9]
2020-07-30 17:24:34,856 INFO org.springframework.mock.web.MockServletContext [main] Initializing Spring TestDispatcherServlet ''
2020-07-30 17:24:34,857 INFO org.springframework.web.servlet.FrameworkServlet [main] Initializing Servlet ''
2020-07-30 17:24:34,870 INFO org.springframework.web.servlet.FrameworkServlet [main] Completed initialization in 12 ms
2020-07-30 17:24:34,897 INFO org.springframework.boot.StartupInfoLogger [main] Started TestSessisonManagerConnection in 5.15 seconds (JVM running for 6.114)
2020-07-30 17:24:35,759 INFO gr.uagean.loginWebApp.service.impl.NetworkServiceImpl [main] sending request at http://vm.project-seal.eu:9090/sm/updateSessionData
2020-07-30 17:24:35,931 INFO gr.uagean.loginWebApp.service.impl.NetworkServiceImpl [main] sending request at http://vm.project-seal.eu:9090/sm/updateSessionData
2020-07-30 17:24:36,101 INFO gr.uagean.loginWebApp.service.impl.NetworkServiceImpl [main] sending request at http://vm.project-seal.eu:9090/sm/updateSessionData
2020-07-30 17:24:36,268 INFO gr.uagean.loginWebApp.service.impl.NetworkServiceImpl [main] sending request at http://vm.project-seal.eu:9090/sm/updateSessionData
2020-07-30 17:24:36,421 INFO gr.uagean.loginWebApp.service.impl.NetworkServiceImpl [main] sending request at http://vm.project-seal.eu:9090/sm/new/add
2020-07-30 17:24:36,826 INFO org.springframework.scheduling.concurrent.ExecutorConfigurationSupport [SpringContextShutdownHook] Shutting down ExecutorService 'applicationTaskExecutor'
2020-07-30 17:25:02,097 INFO org.springframework.boot.StartupInfoLogger [main] Starting TestSessisonManagerConnection on nikos with PID 100696 (started by nikos in /home/nikos/NetBeansProjects/seal.eidas.idp)
2020-07-30 17:25:02,099 INFO org.springframework.boot.SpringApplication [main] The following profiles are active: test
2020-07-30 17:25:05,232 INFO org.eclipse.jetty.util.log.Log [main] Logging initialized @4812ms to org.eclipse.jetty.util.log.Slf4jLog
2020-07-30 17:25:05,841 INFO org.springframework.scheduling.concurrent.ExecutorConfigurationSupport [main] Initializing ExecutorService 'applicationTaskExecutor'
2020-07-30 17:25:06,545 INFO org.springframework.security.web.DefaultSecurityFilterChain [main] Creating filter chain: any request, [org.springframework.security.web.context.request.async.WebAsyncManagerIntegrationFilter@1d2fb82, org.springframework.security.web.context.SecurityContextPersistenceFilter@7d1c164a, org.springframework.security.web.header.HeaderWriterFilter@32507479, org.springframework.security.web.csrf.CsrfFilter@5f395ce1, org.springframework.security.web.authentication.logout.LogoutFilter@42fc4ac4, org.springframework.security.oauth2.client.web.OAuth2AuthorizationRequestRedirectFilter@7f0f84d4, org.springframework.security.oauth2.client.web.OAuth2AuthorizationRequestRedirectFilter@7abeabe9, org.springframework.security.oauth2.client.web.OAuth2LoginAuthenticationFilter@dbed7fd, org.springframework.security.web.authentication.ui.DefaultLoginPageGeneratingFilter@3a0aaaf0, org.springframework.security.web.authentication.ui.DefaultLogoutPageGeneratingFilter@34045582, org.springframework.security.web.savedrequest.RequestCacheAwareFilter@6a98f353, org.springframework.security.web.servletapi.SecurityContextHolderAwareRequestFilter@15214920, org.springframework.security.web.authentication.AnonymousAuthenticationFilter@3db65c0d, org.springframework.security.oauth2.client.web.OAuth2AuthorizationCodeGrantFilter@251c8145, org.springframework.security.web.session.SessionManagementFilter@4ae2e781, org.springframework.security.web.access.ExceptionTranslationFilter@7aea704c, org.springframework.security.web.access.intercept.FilterSecurityInterceptor@5db3d57c]
2020-07-30 17:25:06,652 INFO org.springframework.mock.web.MockServletContext [main] Initializing Spring TestDispatcherServlet ''
2020-07-30 17:25:06,653 INFO org.springframework.web.servlet.FrameworkServlet [main] Initializing Servlet ''
2020-07-30 17:25:06,667 INFO org.springframework.web.servlet.FrameworkServlet [main] Completed initialization in 14 ms
2020-07-30 17:25:06,695 INFO org.springframework.boot.StartupInfoLogger [main] Started TestSessisonManagerConnection in 5.128 seconds (JVM running for 6.276)
2020-07-30 17:25:07,910 INFO gr.uagean.loginWebApp.service.impl.NetworkServiceImpl [main] sending request at http://vm.project-seal.eu:9090/sm/updateSessionData
2020-07-30 17:25:08,073 INFO gr.uagean.loginWebApp.service.impl.NetworkServiceImpl [main] sending request at http://vm.project-seal.eu:9090/sm/updateSessionData
2020-07-30 17:25:08,240 INFO gr.uagean.loginWebApp.service.impl.NetworkServiceImpl [main] sending request at http://vm.project-seal.eu:9090/sm/updateSessionData
2020-07-30 17:25:08,405 INFO gr.uagean.loginWebApp.service.impl.NetworkServiceImpl [main] sending request at http://vm.project-seal.eu:9090/sm/updateSessionData
2020-07-30 17:25:08,580 INFO gr.uagean.loginWebApp.service.impl.NetworkServiceImpl [main] sending request at http://vm.project-seal.eu:9090/sm/new/add
2020-07-30 17:25:09,049 INFO org.springframework.scheduling.concurrent.ExecutorConfigurationSupport [SpringContextShutdownHook] Shutting down ExecutorService 'applicationTaskExecutor'
2020-07-30 17:26:29,778 INFO org.springframework.boot.StartupInfoLogger [main] Starting TestSessisonManagerConnection on nikos with PID 100814 (started by nikos in /home/nikos/NetBeansProjects/seal.eidas.idp)
2020-07-30 17:26:29,781 INFO org.springframework.boot.SpringApplication [main] The following profiles are active: test
2020-07-30 17:26:33,405 INFO org.eclipse.jetty.util.log.Log [main] Logging initialized @5527ms to org.eclipse.jetty.util.log.Slf4jLog
2020-07-30 17:26:34,016 INFO org.springframework.scheduling.concurrent.ExecutorConfigurationSupport [main] Initializing ExecutorService 'applicationTaskExecutor'
2020-07-30 17:26:34,721 INFO org.springframework.security.web.DefaultSecurityFilterChain [main] Creating filter chain: any request, [org.springframework.security.web.context.request.async.WebAsyncManagerIntegrationFilter@26c6288d, org.springframework.security.web.context.SecurityContextPersistenceFilter@722b3ba2, org.springframework.security.web.header.HeaderWriterFilter@f0c1ae1, org.springframework.security.web.csrf.CsrfFilter@1dbc607d, org.springframework.security.web.authentication.logout.LogoutFilter@41404aa2, org.springframework.security.oauth2.client.web.OAuth2AuthorizationRequestRedirectFilter@5358c8fa, org.springframework.security.oauth2.client.web.OAuth2AuthorizationRequestRedirectFilter@35d88a54, org.springframework.security.oauth2.client.web.OAuth2LoginAuthenticationFilter@6c1bebca, org.springframework.security.web.authentication.ui.DefaultLoginPageGeneratingFilter@6d80e411, org.springframework.security.web.authentication.ui.DefaultLogoutPageGeneratingFilter@57bd9c2b, org.springframework.security.web.savedrequest.RequestCacheAwareFilter@2b62475a, org.springframework.security.web.servletapi.SecurityContextHolderAwareRequestFilter@4b9fa2f, org.springframework.security.web.authentication.AnonymousAuthenticationFilter@644b68ad, org.springframework.security.oauth2.client.web.OAuth2AuthorizationCodeGrantFilter@2986427e, org.springframework.security.web.session.SessionManagementFilter@361f26b4, org.springframework.security.web.access.ExceptionTranslationFilter@5e020dd1, org.springframework.security.web.access.intercept.FilterSecurityInterceptor@5bad555b]
2020-07-30 17:26:34,828 INFO org.springframework.mock.web.MockServletContext [main] Initializing Spring TestDispatcherServlet ''
2020-07-30 17:26:34,829 INFO org.springframework.web.servlet.FrameworkServlet [main] Initializing Servlet ''
2020-07-30 17:26:34,843 INFO org.springframework.web.servlet.FrameworkServlet [main] Completed initialization in 14 ms
2020-07-30 17:26:34,867 INFO org.springframework.boot.StartupInfoLogger [main] Started TestSessisonManagerConnection in 5.702 seconds (JVM running for 6.99)
2020-07-30 17:26:44,941 INFO gr.uagean.loginWebApp.service.impl.NetworkServiceImpl [main] request failed will retry
2020-07-30 17:26:45,829 INFO gr.uagean.loginWebApp.service.impl.NetworkServiceImpl [main] request failed will retry
2020-07-30 17:26:46,006 INFO org.springframework.scheduling.concurrent.ExecutorConfigurationSupport [SpringContextShutdownHook] Shutting down ExecutorService 'applicationTaskExecutor'
2020-07-30 17:27:07,076 INFO org.springframework.boot.StartupInfoLogger [main] Starting TestSessisonManagerConnection on nikos with PID 100893 (started by nikos in /home/nikos/NetBeansProjects/seal.eidas.idp)
2020-07-30 17:27:07,078 INFO org.springframework.boot.SpringApplication [main] The following profiles are active: test
2020-07-30 17:27:10,299 INFO org.eclipse.jetty.util.log.Log [main] Logging initialized @4703ms to org.eclipse.jetty.util.log.Slf4jLog
2020-07-30 17:27:10,832 INFO org.springframework.scheduling.concurrent.ExecutorConfigurationSupport [main] Initializing ExecutorService 'applicationTaskExecutor'
2020-07-30 17:27:11,411 INFO org.springframework.security.web.DefaultSecurityFilterChain [main] Creating filter chain: any request, [org.springframework.security.web.context.request.async.WebAsyncManagerIntegrationFilter@40df6090, org.springframework.security.web.context.SecurityContextPersistenceFilter@685f5d0d, org.springframework.security.web.header.HeaderWriterFilter@3b35798, org.springframework.security.web.csrf.CsrfFilter@450f0235, org.springframework.security.web.authentication.logout.LogoutFilter@35145874, org.springframework.security.oauth2.client.web.OAuth2AuthorizationRequestRedirectFilter@17c0274c, org.springframework.security.oauth2.client.web.OAuth2AuthorizationRequestRedirectFilter@1d2fb82, org.springframework.security.oauth2.client.web.OAuth2LoginAuthenticationFilter@1edccfd4, org.springframework.security.web.authentication.ui.DefaultLoginPageGeneratingFilter@49580ca8, org.springframework.security.web.authentication.ui.DefaultLogoutPageGeneratingFilter@8c0a23f, org.springframework.security.web.savedrequest.RequestCacheAwareFilter@3e28d779, org.springframework.security.web.servletapi.SecurityContextHolderAwareRequestFilter@3554bdc0, org.springframework.security.web.authentication.AnonymousAuthenticationFilter@44d7e24, org.springframework.security.oauth2.client.web.OAuth2AuthorizationCodeGrantFilter@7e5efcab, org.springframework.security.web.session.SessionManagementFilter@4702e7a5, org.springframework.security.web.access.ExceptionTranslationFilter@209f3887, org.springframework.security.web.access.intercept.FilterSecurityInterceptor@3c7279a5]
2020-07-30 17:27:11,510 INFO org.springframework.mock.web.MockServletContext [main] Initializing Spring TestDispatcherServlet ''
2020-07-30 17:27:11,510 INFO org.springframework.web.servlet.FrameworkServlet [main] Initializing Servlet ''
2020-07-30 17:27:11,520 INFO org.springframework.web.servlet.FrameworkServlet [main] Completed initialization in 9 ms
2020-07-30 17:27:11,554 INFO org.springframework.boot.StartupInfoLogger [main] Started TestSessisonManagerConnection in 4.994 seconds (JVM running for 5.958)
2020-07-30 17:27:12,910 INFO gr.uagean.loginWebApp.service.impl.NetworkServiceImpl [main] sending request at http://vm.project-seal.eu:9090/sm/updateSessionData
2020-07-30 17:27:13,065 INFO gr.uagean.loginWebApp.service.impl.NetworkServiceImpl [main] sending request at http://vm.project-seal.eu:9090/sm/updateSessionData
2020-07-30 17:27:13,232 INFO gr.uagean.loginWebApp.service.impl.NetworkServiceImpl [main] sending request at http://vm.project-seal.eu:9090/sm/updateSessionData
2020-07-30 17:27:13,396 INFO gr.uagean.loginWebApp.service.impl.NetworkServiceImpl [main] sending request at http://vm.project-seal.eu:9090/sm/updateSessionData
2020-07-30 17:27:13,571 INFO gr.uagean.loginWebApp.service.impl.NetworkServiceImpl [main] sending request at http://vm.project-seal.eu:9090/sm/new/add
2020-07-30 17:27:14,004 INFO org.springframework.scheduling.concurrent.ExecutorConfigurationSupport [SpringContextShutdownHook] Shutting down ExecutorService 'applicationTaskExecutor'
2020-07-30 17:29:41,798 INFO org.springframework.boot.StartupInfoLogger [main] Starting TestSessisonManagerConnection on nikos with PID 101057 (started by nikos in /home/nikos/NetBeansProjects/seal.eidas.idp)
2020-07-30 17:29:41,801 INFO org.springframework.boot.SpringApplication [main] The following profiles are active: test
2020-07-30 17:29:45,281 INFO org.eclipse.jetty.util.log.Log [main] Logging initialized @4956ms to org.eclipse.jetty.util.log.Slf4jLog
2020-07-30 17:29:45,840 INFO org.springframework.scheduling.concurrent.ExecutorConfigurationSupport [main] Initializing ExecutorService 'applicationTaskExecutor'
2020-07-30 17:29:46,524 INFO org.springframework.security.web.DefaultSecurityFilterChain [main] Creating filter chain: any request, [org.springframework.security.web.context.request.async.WebAsyncManagerIntegrationFilter@291a4791, org.springframework.security.web.context.SecurityContextPersistenceFilter@3a3b10f4, org.springframework.security.web.header.HeaderWriterFilter@5d9618f2, org.springframework.security.web.csrf.CsrfFilter@6d0290d8, org.springframework.security.web.authentication.logout.LogoutFilter@5c313224, org.springframework.security.oauth2.client.web.OAuth2AuthorizationRequestRedirectFilter@1edccfd4, org.springframework.security.oauth2.client.web.OAuth2AuthorizationRequestRedirectFilter@1d289d3f, org.springframework.security.oauth2.client.web.OAuth2LoginAuthenticationFilter@1c98b4eb, org.springframework.security.web.authentication.ui.DefaultLoginPageGeneratingFilter@11df2829, org.springframework.security.web.authentication.ui.DefaultLogoutPageGeneratingFilter@5b1e88f, org.springframework.security.web.savedrequest.RequestCacheAwareFilter@525647f3, org.springframework.security.web.servletapi.SecurityContextHolderAwareRequestFilter@35145874, org.springframework.security.web.authentication.AnonymousAuthenticationFilter@340cb97f, org.springframework.security.oauth2.client.web.OAuth2AuthorizationCodeGrantFilter@44d7e24, org.springframework.security.web.session.SessionManagementFilter@13cc0b90, org.springframework.security.web.access.ExceptionTranslationFilter@3a0aaaf0, org.springframework.security.web.access.intercept.FilterSecurityInterceptor@6ef2f7ad]
2020-07-30 17:29:46,687 INFO org.springframework.mock.web.MockServletContext [main] Initializing Spring TestDispatcherServlet ''
2020-07-30 17:29:46,688 INFO org.springframework.web.servlet.FrameworkServlet [main] Initializing Servlet ''
2020-07-30 17:29:46,712 INFO org.springframework.web.servlet.FrameworkServlet [main] Completed initialization in 13 ms
2020-07-30 17:29:46,753 INFO org.springframework.boot.StartupInfoLogger [main] Started TestSessisonManagerConnection in 5.466 seconds (JVM running for 6.429)
2020-07-30 17:29:48,093 INFO gr.uagean.loginWebApp.service.impl.NetworkServiceImpl [main] sending request at http://vm.project-seal.eu:9090/sm/updateSessionData
2020-07-30 17:29:48,283 INFO gr.uagean.loginWebApp.service.impl.NetworkServiceImpl [main] sending request at http://vm.project-seal.eu:9090/sm/updateSessionData
2020-07-30 17:29:48,465 INFO gr.uagean.loginWebApp.service.impl.NetworkServiceImpl [main] sending request at http://vm.project-seal.eu:9090/sm/updateSessionData
2020-07-30 17:29:48,655 INFO gr.uagean.loginWebApp.service.impl.NetworkServiceImpl [main] sending request at http://vm.project-seal.eu:9090/sm/updateSessionData
2020-07-30 17:29:48,818 INFO gr.uagean.loginWebApp.service.impl.NetworkServiceImpl [main] sending request at http://vm.project-seal.eu:9090/sm/new/add
2020-07-30 17:29:49,301 INFO org.springframework.scheduling.concurrent.ExecutorConfigurationSupport [SpringContextShutdownHook] Shutting down ExecutorService 'applicationTaskExecutor'
