2020-03-18 10:56:35,663 INFO org.springframework.boot.StartupInfoLogger [main] Starting LoginWebAppApplication on nikos with PID 28441 (/home/nikos/NetBeansProjects/seal.eidas.idp/target/classes started by nikos in /home/nikos/NetBeansProjects/seal.eidas.idp)
2020-03-18 10:56:35,669 INFO org.springframework.boot.SpringApplication [main] No active profile set, falling back to default profiles: default
2020-03-18 10:56:38,765 INFO org.springframework.boot.web.embedded.tomcat.TomcatWebServer [main] Tomcat initialized with port(s): 8080 (http)
2020-03-18 10:56:38,778 INFO org.apache.juli.logging.DirectJDKLog [main] Initializing ProtocolHandler ["http-nio-8080"]
2020-03-18 10:56:38,779 INFO org.apache.juli.logging.DirectJDKLog [main] Starting service [Tomcat]
2020-03-18 10:56:38,780 INFO org.apache.juli.logging.DirectJDKLog [main] Starting Servlet engine: [Apache Tomcat/9.0.29]
2020-03-18 10:56:38,872 INFO org.apache.juli.logging.DirectJDKLog [main] Initializing Spring embedded WebApplicationContext
2020-03-18 10:56:38,873 INFO org.springframework.boot.web.servlet.context.ServletWebServerApplicationContext [main] Root WebApplicationContext: initialization completed in 3133 ms
2020-03-18 10:56:39,125 DEBUG org.springframework.web.filter.GenericFilterBean [main] Filter 'keycloakSecurityContextRequestFilter' configured for use
2020-03-18 10:56:39,127 DEBUG org.springframework.web.filter.GenericFilterBean [main] Filter 'keycloakAuthenticationProcessingFilter' configured for use
2020-03-18 10:56:39,130 DEBUG org.springframework.web.filter.GenericFilterBean [main] Filter 'keycloakPreAuthActionsFilter' configured for use
2020-03-18 10:56:39,132 DEBUG org.springframework.web.filter.GenericFilterBean [main] Filter 'keycloakAuthenticatedActionsRequestFilter' configured for use
2020-03-18 10:56:39,139 DEBUG org.keycloak.adapters.tomcat.AbstractKeycloakAuthenticatorValve [main] Using org.keycloak.adapters.springboot.KeycloakSpringBootConfigResolver to resolve Keycloak configuration on a per-request basis.
2020-03-18 10:56:39,676 INFO org.springframework.security.web.DefaultSecurityFilterChain [main] Creating filter chain: any request, [org.springframework.security.web.context.request.async.WebAsyncManagerIntegrationFilter@3f63a513, org.springframework.security.web.context.SecurityContextPersistenceFilter@79eeff87, org.springframework.security.web.header.HeaderWriterFilter@7499eac7, org.keycloak.adapters.springsecurity.filter.KeycloakPreAuthActionsFilter@dd2856e, org.springframework.security.web.authentication.logout.LogoutFilter@554188ac, org.keycloak.adapters.springsecurity.filter.KeycloakAuthenticationProcessingFilter@4e642ee1, org.springframework.security.web.savedrequest.RequestCacheAwareFilter@8bd076a, org.springframework.security.web.servletapi.SecurityContextHolderAwareRequestFilter@1dad01fe, org.keycloak.adapters.springsecurity.filter.KeycloakSecurityContextRequestFilter@793d163b, org.keycloak.adapters.springsecurity.filter.KeycloakAuthenticatedActionsFilter@60dd0587, org.springframework.security.web.authentication.AnonymousAuthenticationFilter@413bef78, org.springframework.security.web.session.SessionManagementFilter@b9d018b, org.springframework.security.web.access.ExceptionTranslationFilter@3b7c80c6, org.springframework.security.web.access.intercept.FilterSecurityInterceptor@6397248c]
2020-03-18 10:56:39,869 INFO org.springframework.scheduling.concurrent.ExecutorConfigurationSupport [main] Initializing ExecutorService 'applicationTaskExecutor'
2020-03-18 10:56:40,191 INFO org.apache.juli.logging.DirectJDKLog [main] Starting ProtocolHandler ["http-nio-8080"]
2020-03-18 10:56:40,265 INFO org.springframework.boot.web.embedded.tomcat.TomcatWebServer [main] Tomcat started on port(s): 8080 (http) with context path ''
2020-03-18 10:56:40,267 INFO org.springframework.boot.StartupInfoLogger [main] Started LoginWebAppApplication in 6.304 seconds (JVM running for 7.092)
2020-03-18 11:03:52,343 INFO org.springframework.boot.StartupInfoLogger [main] Starting LoginWebAppApplication on nikos with PID 28636 (/home/nikos/NetBeansProjects/seal.eidas.idp/target/classes started by nikos in /home/nikos/NetBeansProjects/seal.eidas.idp)
2020-03-18 11:03:52,348 INFO org.springframework.boot.SpringApplication [main] No active profile set, falling back to default profiles: default
2020-03-18 11:03:53,982 INFO org.springframework.boot.web.embedded.tomcat.TomcatWebServer [main] Tomcat initialized with port(s): 8080 (http)
2020-03-18 11:03:53,998 INFO org.apache.juli.logging.DirectJDKLog [main] Initializing ProtocolHandler ["http-nio-8080"]
2020-03-18 11:03:53,999 INFO org.apache.juli.logging.DirectJDKLog [main] Starting service [Tomcat]
2020-03-18 11:03:53,999 INFO org.apache.juli.logging.DirectJDKLog [main] Starting Servlet engine: [Apache Tomcat/9.0.29]
2020-03-18 11:03:54,100 INFO org.apache.juli.logging.DirectJDKLog [main] Initializing Spring embedded WebApplicationContext
2020-03-18 11:03:54,101 INFO org.springframework.boot.web.servlet.context.ServletWebServerApplicationContext [main] Root WebApplicationContext: initialization completed in 1684 ms
2020-03-18 11:03:54,327 DEBUG org.springframework.web.filter.GenericFilterBean [main] Filter 'keycloakSecurityContextRequestFilter' configured for use
2020-03-18 11:03:54,327 DEBUG org.springframework.web.filter.GenericFilterBean [main] Filter 'keycloakAuthenticationProcessingFilter' configured for use
2020-03-18 11:03:54,328 DEBUG org.springframework.web.filter.GenericFilterBean [main] Filter 'keycloakPreAuthActionsFilter' configured for use
2020-03-18 11:03:54,329 DEBUG org.springframework.web.filter.GenericFilterBean [main] Filter 'keycloakAuthenticatedActionsRequestFilter' configured for use
2020-03-18 11:03:54,331 DEBUG org.keycloak.adapters.tomcat.AbstractKeycloakAuthenticatorValve [main] Using org.keycloak.adapters.springboot.KeycloakSpringBootConfigResolver to resolve Keycloak configuration on a per-request basis.
2020-03-18 11:03:54,685 INFO org.springframework.security.web.DefaultSecurityFilterChain [main] Creating filter chain: any request, [org.springframework.security.web.context.request.async.WebAsyncManagerIntegrationFilter@4cc7d00d, org.springframework.security.web.context.SecurityContextPersistenceFilter@5af64ce0, org.springframework.security.web.header.HeaderWriterFilter@5fcd1c5f, org.keycloak.adapters.springsecurity.filter.KeycloakPreAuthActionsFilter@6bc24e72, org.springframework.security.web.authentication.logout.LogoutFilter@54336976, org.keycloak.adapters.springsecurity.filter.KeycloakAuthenticationProcessingFilter@360e9c06, org.springframework.security.web.savedrequest.RequestCacheAwareFilter@17229821, org.springframework.security.web.servletapi.SecurityContextHolderAwareRequestFilter@45b32dfe, org.keycloak.adapters.springsecurity.filter.KeycloakSecurityContextRequestFilter@2a097d77, org.keycloak.adapters.springsecurity.filter.KeycloakAuthenticatedActionsFilter@53c1179a, org.springframework.security.web.authentication.AnonymousAuthenticationFilter@468e8565, org.springframework.security.web.session.SessionManagementFilter@7d528cf7, org.springframework.security.web.access.ExceptionTranslationFilter@52226e57, org.springframework.security.web.access.intercept.FilterSecurityInterceptor@553da911]
2020-03-18 11:03:54,790 INFO org.springframework.scheduling.concurrent.ExecutorConfigurationSupport [main] Initializing ExecutorService 'applicationTaskExecutor'
2020-03-18 11:03:54,992 INFO org.apache.juli.logging.DirectJDKLog [main] Starting ProtocolHandler ["http-nio-8080"]
2020-03-18 11:03:55,029 INFO org.springframework.boot.web.embedded.tomcat.TomcatWebServer [main] Tomcat started on port(s): 8080 (http) with context path ''
2020-03-18 11:03:55,033 INFO org.springframework.boot.StartupInfoLogger [main] Started LoginWebAppApplication in 3.392 seconds (JVM running for 3.829)
2020-03-18 11:04:36,720 DEBUG org.keycloak.adapters.PreAuthActionsHandler [http-nio-8080-exec-1] adminRequest http://localhost:8080/meta
2020-03-18 11:04:36,731 DEBUG org.keycloak.adapters.authentication.ClientCredentialsProviderUtils [http-nio-8080-exec-1] Using provider 'secret' for authentication of client 'sealTest'
2020-03-18 11:04:36,735 DEBUG org.keycloak.adapters.authentication.ClientCredentialsProviderUtils [http-nio-8080-exec-1] Loaded clientCredentialsProvider secret
2020-03-18 11:04:36,736 DEBUG org.keycloak.adapters.authentication.ClientCredentialsProviderUtils [http-nio-8080-exec-1] Loaded clientCredentialsProvider jwt
2020-03-18 11:04:36,738 DEBUG org.keycloak.adapters.authentication.ClientCredentialsProviderUtils [http-nio-8080-exec-1] Loaded clientCredentialsProvider secret-jwt
2020-03-18 11:04:36,739 DEBUG org.keycloak.adapters.authentication.ClientCredentialsProviderUtils [http-nio-8080-exec-1] Loaded clientCredentialsProvider secret
2020-03-18 11:04:36,740 DEBUG org.keycloak.adapters.authentication.ClientCredentialsProviderUtils [http-nio-8080-exec-1] Loaded clientCredentialsProvider jwt
2020-03-18 11:04:36,740 DEBUG org.keycloak.adapters.authentication.ClientCredentialsProviderUtils [http-nio-8080-exec-1] Loaded clientCredentialsProvider secret-jwt
2020-03-18 11:04:36,749 DEBUG org.keycloak.adapters.KeycloakDeployment [http-nio-8080-exec-1] resolveUrls
2020-03-18 11:04:36,751 DEBUG org.keycloak.adapters.KeycloakDeploymentBuilder [http-nio-8080-exec-1] Use authServerUrl: https://dss1.aegean.gr/auth, tokenUrl: https://dss1.aegean.gr/auth/realms/test/protocol/openid-connect/token, relativeUrls: NEVER
2020-03-18 11:04:36,758 DEBUG org.keycloak.adapters.tomcat.AbstractAuthenticatedActionsValve [http-nio-8080-exec-1] AuthenticatedActionsValve.invoke /meta
2020-03-18 11:04:36,759 DEBUG org.keycloak.adapters.AuthenticatedActionsHandler [http-nio-8080-exec-1] AuthenticatedActionsValve.invoke http://localhost:8080/meta
2020-03-18 11:04:36,760 DEBUG org.keycloak.adapters.AuthenticatedActionsHandler [http-nio-8080-exec-1] Policy enforcement is disabled.
2020-03-18 11:04:36,765 INFO org.apache.juli.logging.DirectJDKLog [http-nio-8080-exec-1] Initializing Spring DispatcherServlet 'dispatcherServlet'
2020-03-18 11:04:36,766 INFO org.springframework.web.servlet.FrameworkServlet [http-nio-8080-exec-1] Initializing Servlet 'dispatcherServlet'
2020-03-18 11:04:36,775 INFO org.springframework.web.servlet.FrameworkServlet [http-nio-8080-exec-1] Completed initialization in 9 ms
2020-03-18 11:04:36,806 DEBUG org.keycloak.adapters.authentication.ClientCredentialsProviderUtils [http-nio-8080-exec-1] Using provider 'secret' for authentication of client 'sealTest'
2020-03-18 11:04:36,807 DEBUG org.keycloak.adapters.authentication.ClientCredentialsProviderUtils [http-nio-8080-exec-1] Loaded clientCredentialsProvider secret
2020-03-18 11:04:36,808 DEBUG org.keycloak.adapters.authentication.ClientCredentialsProviderUtils [http-nio-8080-exec-1] Loaded clientCredentialsProvider jwt
2020-03-18 11:04:36,808 DEBUG org.keycloak.adapters.authentication.ClientCredentialsProviderUtils [http-nio-8080-exec-1] Loaded clientCredentialsProvider secret-jwt
2020-03-18 11:04:36,809 DEBUG org.keycloak.adapters.authentication.ClientCredentialsProviderUtils [http-nio-8080-exec-1] Loaded clientCredentialsProvider secret
2020-03-18 11:04:36,811 DEBUG org.keycloak.adapters.authentication.ClientCredentialsProviderUtils [http-nio-8080-exec-1] Loaded clientCredentialsProvider jwt
2020-03-18 11:04:36,812 DEBUG org.keycloak.adapters.authentication.ClientCredentialsProviderUtils [http-nio-8080-exec-1] Loaded clientCredentialsProvider secret-jwt
2020-03-18 11:04:36,812 DEBUG org.keycloak.adapters.KeycloakDeployment [http-nio-8080-exec-1] resolveUrls
2020-03-18 11:04:36,816 DEBUG org.keycloak.adapters.KeycloakDeploymentBuilder [http-nio-8080-exec-1] Use authServerUrl: https://dss1.aegean.gr/auth, tokenUrl: https://dss1.aegean.gr/auth/realms/test/protocol/openid-connect/token, relativeUrls: NEVER
2020-03-18 11:04:36,817 DEBUG org.keycloak.adapters.PreAuthActionsHandler [http-nio-8080-exec-1] adminRequest http://localhost:8080/meta
2020-03-18 11:04:36,823 DEBUG org.keycloak.adapters.PreAuthActionsHandler [http-nio-8080-exec-1] adminRequest http://localhost:8080/meta
2020-03-18 11:04:37,265 DEBUG org.keycloak.adapters.PreAuthActionsHandler [http-nio-8080-exec-2] adminRequest http://localhost:8080/favicon.ico
2020-03-18 11:04:37,265 DEBUG org.keycloak.adapters.tomcat.AbstractAuthenticatedActionsValve [http-nio-8080-exec-2] AuthenticatedActionsValve.invoke /favicon.ico
2020-03-18 11:04:37,265 DEBUG org.keycloak.adapters.AuthenticatedActionsHandler [http-nio-8080-exec-2] AuthenticatedActionsValve.invoke http://localhost:8080/favicon.ico
2020-03-18 11:04:37,266 DEBUG org.keycloak.adapters.AuthenticatedActionsHandler [http-nio-8080-exec-2] Policy enforcement is disabled.
2020-03-18 11:04:37,266 DEBUG org.keycloak.adapters.PreAuthActionsHandler [http-nio-8080-exec-2] adminRequest http://localhost:8080/favicon.ico
2020-03-18 11:04:37,267 DEBUG org.keycloak.adapters.PreAuthActionsHandler [http-nio-8080-exec-2] adminRequest http://localhost:8080/favicon.ico
